41.0 APEX_CODE,DEBUG;APEX_PROFILING,INFO;CALLOUT,INFO;DB,INFO;NBA,INFO;SYSTEM,DEBUG;VALIDATION,INFO;VISUALFORCE,INFO;WAVE,INFO;WORKFLOW,INFO
14:10:17.0 (133336)|USER_INFO|[EXTERNAL]|0050Y000000P4Th|stepadmin@pstricker.proj|Fuso horário da Europa Ocidental|GMTZ
14:10:17.0 (189222)|EXECUTION_STARTED
14:10:17.0 (197181)|CODE_UNIT_STARTED|[EXTERNAL]|0660Y000005XyGA|VF: /apex/p_MaquetesPipeline
14:10:17.0 (1307479)|SYSTEM_MODE_ENTER|true
14:10:17.0 (9933324)|SOQL_EXECUTE_BEGIN|[16]|Aggregations:0|SELECT Id, Name, IsActive, IsDefault, SundayStartTime, SundayEndTime, MondayStartTime, MondayEndTime, TuesdayStartTime, TuesdayEndTime, WednesdayStartTime, WednesdayEndTime, ThursdayStartTime, ThursdayEndTime, FridayStartTime, FridayEndTime, SaturdayStartTime, SaturdayEndTime, TimeZoneSidKey, SystemModstamp, CreatedDate, CreatedById, LastModifiedDate, LastModifiedById, LastViewedDate FROM BusinessHours WHERE Name = 'PT'
14:10:17.0 (17462649)|SOQL_EXECUTE_END|[16]|Rows:1
14:10:17.0 (18600794)|SOQL_EXECUTE_BEGIN|[26]|Aggregations:0|SELECT id, Auto_Number__c, Account.BillingCountryCode, Account.Name, data_limite_de_maquete__c, Data_do_pedido_de_maquete__c, Estado_da_maquete__c, Designer__c, Referencia_PHC__c, RecordType.DeveloperName, Auxiliar_retificacao__c, Maquete_em_pausa__c, Snapshot_de_maquete__c, Maquete_em_atraso__c, Snapshot_em_atraso__c FROM opportunity 
14:10:17.0 (93725337)|SOQL_EXECUTE_END|[26]|Rows:52
14:10:17.0 (102381790)|SOQL_EXECUTE_BEGIN|[53]|Aggregations:1|SELECT id, Auto_Number__c, Account.BillingCountryCode, Account.Name, data_limite_de_maquete__c, Data_do_pedido_de_maquete__c, Estado_da_maquete__c, Designer__c, Referencia_PHC__c, Data_limite_de_producao__c, Data_de_envio_de_maquete__c, Auxiliar_retificacao__c, Maquete_em_pausa__c, Snapshot_de_maquete__c, Maquete_em_atraso__c, Snapshot_em_atraso__c, (SELECT id, Data_de_envio__c, Em_atraso__c, Tipo__c, CreatedDate, Destinatario__c FROM Pedidos_de_Maquete__r WHERE CreatedDate > :tmpVar1) FROM opportunity 
14:10:17.0 (179764581)|SOQL_EXECUTE_END|[53]|Rows:159
14:10:17.0 (189772362)|USER_DEBUG|[121]|DEBUG|2831
14:10:17.0 (190051361)|USER_DEBUG|[121]|DEBUG|2879
14:10:17.0 (190348708)|USER_DEBUG|[121]|DEBUG|2935
14:10:17.0 (190664425)|USER_DEBUG|[121]|DEBUG|3009
14:10:17.0 (190940535)|USER_DEBUG|[121]|DEBUG|3045
14:10:17.0 (191179839)|USER_DEBUG|[121]|DEBUG|3087
14:10:17.0 (191409191)|USER_DEBUG|[121]|DEBUG|3144
14:10:17.0 (191649429)|USER_DEBUG|[121]|DEBUG|3224
14:10:17.0 (191875939)|USER_DEBUG|[121]|DEBUG|3310
14:10:17.0 (192184110)|USER_DEBUG|[121]|DEBUG|3401
14:10:17.0 (192443298)|USER_DEBUG|[121]|DEBUG|3506
14:10:17.0 (192684378)|USER_DEBUG|[121]|DEBUG|3615
14:10:17.0 (192938619)|USER_DEBUG|[121]|DEBUG|3747
14:10:17.0 (193172848)|USER_DEBUG|[121]|DEBUG|3848
14:10:17.0 (193396866)|USER_DEBUG|[121]|DEBUG|3951
14:10:17.0 (193628583)|USER_DEBUG|[121]|DEBUG|4056
14:10:17.0 (193866271)|USER_DEBUG|[121]|DEBUG|4167
14:10:17.0 (194084657)|USER_DEBUG|[121]|DEBUG|4277
14:10:17.0 (194305975)|USER_DEBUG|[121]|DEBUG|4392
14:10:17.0 (194533964)|USER_DEBUG|[121]|DEBUG|4510
14:10:17.0 (194753902)|USER_DEBUG|[121]|DEBUG|4633
14:10:17.0 (194975819)|USER_DEBUG|[121]|DEBUG|4759
14:10:17.0 (195191319)|USER_DEBUG|[121]|DEBUG|4854
14:10:17.0 (195409120)|USER_DEBUG|[121]|DEBUG|4956
14:10:17.0 (195653816)|USER_DEBUG|[121]|DEBUG|5077
14:10:17.0 (195886794)|USER_DEBUG|[121]|DEBUG|5179
14:10:17.0 (196117531)|USER_DEBUG|[121]|DEBUG|5278
14:10:17.0 (196369977)|USER_DEBUG|[121]|DEBUG|5438
14:10:17.0 (196614888)|USER_DEBUG|[121]|DEBUG|5542
14:10:17.0 (205714889)|USER_DEBUG|[121]|DEBUG|5649
14:10:17.0 (206313374)|USER_DEBUG|[121]|DEBUG|5761
14:10:17.0 (206838563)|USER_DEBUG|[121]|DEBUG|5885
14:10:17.0 (207311498)|USER_DEBUG|[121]|DEBUG|6001
14:10:17.0 (207663408)|USER_DEBUG|[121]|DEBUG|6111
14:10:17.0 (207927010)|USER_DEBUG|[121]|DEBUG|6220
14:10:17.0 (208181056)|USER_DEBUG|[121]|DEBUG|6334
14:10:17.0 (208418928)|USER_DEBUG|[121]|DEBUG|6439
14:10:17.0 (208666634)|USER_DEBUG|[121]|DEBUG|6547
14:10:17.0 (208954778)|USER_DEBUG|[121]|DEBUG|6654
14:10:17.0 (209232017)|USER_DEBUG|[121]|DEBUG|6748
14:10:17.0 (209508645)|USER_DEBUG|[121]|DEBUG|6855
14:10:17.0 (209848119)|USER_DEBUG|[121]|DEBUG|6963
14:10:17.0 (210191012)|USER_DEBUG|[121]|DEBUG|7081
14:10:17.0 (210567008)|USER_DEBUG|[121]|DEBUG|7198
14:10:17.0 (210922023)|USER_DEBUG|[121]|DEBUG|7321
14:10:17.0 (211090094)|USER_DEBUG|[121]|DEBUG|7375
14:10:17.0 (211456978)|USER_DEBUG|[121]|DEBUG|7487
14:10:17.0 (211812561)|USER_DEBUG|[121]|DEBUG|7601
14:10:17.0 (212168449)|USER_DEBUG|[121]|DEBUG|7719
14:10:17.0 (212363896)|USER_DEBUG|[121]|DEBUG|7765
14:10:17.0 (212752576)|USER_DEBUG|[121]|DEBUG|7881
14:10:17.0 (213098959)|USER_DEBUG|[121]|DEBUG|7998
14:10:17.0 (213461977)|USER_DEBUG|[121]|DEBUG|8114
14:10:17.0 (213831851)|USER_DEBUG|[121]|DEBUG|8232
14:10:17.0 (213991340)|USER_DEBUG|[121]|DEBUG|8314
14:10:17.0 (214371439)|USER_DEBUG|[121]|DEBUG|8435
14:10:17.0 (214738002)|USER_DEBUG|[121]|DEBUG|8560
14:10:17.0 (215092135)|USER_DEBUG|[121]|DEBUG|8695
14:10:17.0 (215262107)|USER_DEBUG|[121]|DEBUG|8810
14:10:17.0 (215630258)|USER_DEBUG|[121]|DEBUG|8942
14:10:17.0 (215970282)|USER_DEBUG|[121]|DEBUG|9076
14:10:17.0 (216312411)|USER_DEBUG|[121]|DEBUG|9211
14:10:17.0 (216655619)|USER_DEBUG|[121]|DEBUG|9350
14:10:17.0 (216997207)|USER_DEBUG|[121]|DEBUG|9472
14:10:17.0 (217145554)|USER_DEBUG|[121]|DEBUG|9569
14:10:17.0 (217534674)|USER_DEBUG|[121]|DEBUG|9692
14:10:17.0 (217868578)|USER_DEBUG|[121]|DEBUG|9823
14:10:17.0 (218253634)|USER_DEBUG|[121]|DEBUG|9961
14:10:17.0 (218653376)|USER_DEBUG|[121]|DEBUG|10103
14:10:17.0 (219002765)|USER_DEBUG|[121]|DEBUG|10250
14:10:17.0 (219338654)|USER_DEBUG|[121]|DEBUG|10407
14:10:17.0 (219761704)|USER_DEBUG|[121]|DEBUG|10547
14:10:17.0 (219928467)|USER_DEBUG|[121]|DEBUG|10669
14:10:17.0 (220294212)|USER_DEBUG|[121]|DEBUG|10831
14:10:17.0 (220679284)|USER_DEBUG|[121]|DEBUG|10970
14:10:17.0 (220836277)|USER_DEBUG|[121]|DEBUG|11075
14:10:17.0 (221540305)|USER_DEBUG|[121]|DEBUG|11227
14:10:17.0 (244155417)|USER_DEBUG|[121]|DEBUG|11308
14:10:17.0 (244296250)|USER_DEBUG|[121]|DEBUG|11414
14:10:17.0 (245002380)|USER_DEBUG|[121]|DEBUG|11541
14:10:17.0 (245329477)|USER_DEBUG|[121]|DEBUG|11646
14:10:17.0 (245447642)|USER_DEBUG|[121]|DEBUG|11741
14:10:17.0 (246046813)|USER_DEBUG|[121]|DEBUG|11855
14:10:17.0 (247346899)|USER_DEBUG|[121]|DEBUG|11968
14:10:17.0 (247653484)|USER_DEBUG|[121]|DEBUG|12123
14:10:17.0 (248313095)|USER_DEBUG|[121]|DEBUG|12225
14:10:17.0 (249634669)|USER_DEBUG|[121]|DEBUG|12371
14:10:17.0 (249925300)|USER_DEBUG|[121]|DEBUG|12516
14:10:17.0 (253641041)|SOQL_EXECUTE_BEGIN|[189]|Aggregations:0|SELECT id FROM Report WHERE Name = 'Designer - Estado da maquete'
14:10:17.0 (267277981)|SOQL_EXECUTE_END|[189]|Rows:0
14:10:17.0 (267990241)|USER_DEBUG|[194]|DEBUG|1
14:10:17.0 (268044918)|USER_DEBUG|[196]|DEBUG|41
14:10:17.0 (271538700)|SYSTEM_MODE_ENTER|true
14:10:17.0 (271962238)|SYSTEM_MODE_ENTER|true
14:10:17.0 (272300197)|SYSTEM_MODE_ENTER|true
14:10:17.0 (273751619)|SYSTEM_MODE_ENTER|true
14:10:17.0 (286131147)|SYSTEM_MODE_ENTER|true
14:10:17.0 (299030246)|SYSTEM_MODE_ENTER|true
14:10:17.0 (311093540)|SYSTEM_MODE_ENTER|true
14:10:17.0 (315537279)|SYSTEM_MODE_ENTER|true
14:10:17.0 (315658798)|SYSTEM_MODE_ENTER|true
14:10:17.0 (316681535)|SYSTEM_MODE_ENTER|true
14:10:17.0 (317073332)|SOQL_EXECUTE_BEGIN|[203]|Aggregations:0|SELECT Id, Name, LastModifiedById FROM Document WHERE DeveloperName = 'Logo' LIMIT 1
14:10:17.0 (321471773)|SOQL_EXECUTE_END|[203]|Rows:1
14:10:17.0 (323604233)|SYSTEM_MODE_ENTER|true
14:10:17.0 (323703722)|SYSTEM_MODE_ENTER|true
14:10:17.0 (755847852)|SYSTEM_MODE_ENTER|true
14:10:17.0 (755909313)|SYSTEM_MODE_ENTER|true
14:10:17.0 (758372737)|VF_SERIALIZE_VIEWSTATE_BEGIN|0660Y000005XyGA
14:10:17.0 (772276013)|VF_SERIALIZE_VIEWSTATE_END
14:10:17.792 (792927819)|CUMULATIVE_LIMIT_USAGE
14:10:17.792 (792927819)|LIMIT_USAGE_FOR_NS|(default)|
  Number of SOQL queries: 5 out of 100
  Number of query rows: 213 out of 1000000
  Number of SOSL queries: 0 out of 20
  Number of DML statements: 0 out of 0
  Number of DML rows: 0 out of 0
  Maximum CPU time: 0 out of 10000
  Maximum heap size: 0 out of 6000000
  Number of callouts: 0 out of 100
  Number of Email Invocations: 0 out of 0
  Number of future calls: 0 out of 50
  Number of queueable jobs added to the queue: 0 out of 50
  Number of Mobile Apex push calls: 0 out of 10

14:10:17.792 (792927819)|CUMULATIVE_LIMIT_USAGE_END

14:10:17.0 (793020760)|CODE_UNIT_FINISHED|VF: /apex/p_MaquetesPipeline
14:10:17.0 (793744373)|EXECUTION_FINISHED
