43.0 APEX_CODE,DEBUG;APEX_PROFILING,INFO;CALLOUT,INFO;DB,INFO;NBA,INFO;SYSTEM,DEBUG;VALIDATION,INFO;VISUALFORCE,INFO;WAVE,INFO;WORKFLOW,INFO
14:23:45.0 (137465)|USER_INFO|[EXTERNAL]|0050Y000000OsfQ|marcoramos@stricker.pt|Western European Time|GMTZ
14:23:45.0 (178280)|EXECUTION_STARTED
14:23:45.0 (184076)|CODE_UNIT_STARTED|[EXTERNAL]|0661n000005z0Z7|VF: /apex/p_WidgetFailures
14:23:45.0 (880342)|VF_DESERIALIZE_VIEWSTATE_BEGIN|0661n000005z0Z7
14:23:45.0 (10928240)|VF_DESERIALIZE_VIEWSTATE_END
14:23:45.0 (11542371)|SYSTEM_MODE_ENTER|true
14:23:45.0 (11823204)|SYSTEM_MODE_ENTER|false
14:23:45.0 (11857942)|SYSTEM_MODE_EXIT|false
14:23:45.0 (12848960)|SYSTEM_MODE_ENTER|true
14:23:45.0 (13395920)|SYSTEM_MODE_ENTER|false
14:23:45.0 (16052921)|SOQL_EXECUTE_BEGIN|[79]|Aggregations:0|Select Id, Name, Description, AccountId, Account.Name, LastModifiedDate From Opportunity Where Erro_comunicacao__c = true and Id Not In :myOppIds And CreatedDate > 2018-11-05T00:00:00Z And (N_de_expedicao__c = null Or N_de_expedicao__c = '0') Order By LastModifiedDate Desc
14:23:45.0 (59998227)|SOQL_EXECUTE_END|[79]|Rows:1
14:23:45.0 (61426572)|SOQL_EXECUTE_BEGIN|[79]|Aggregations:0|Select Id, Name, Description, AccountId, Account.Name, LastModifiedDate From Opportunity Where Id In :myOppIds and Erro_comunicacao__c = false And CreatedDate > 2018-11-05T00:00:00Z And (N_de_expedicao__c = null Or N_de_expedicao__c = '0') Order By LastModifiedDate Desc
14:23:45.0 (68387403)|SOQL_EXECUTE_END|[79]|Rows:0
14:23:45.0 (72304829)|SYSTEM_MODE_EXIT|false
14:23:45.0 (77006838)|SYSTEM_MODE_ENTER|true
14:23:45.0 (78104613)|SYSTEM_MODE_ENTER|true
14:23:45.0 (118183698)|VF_SERIALIZE_VIEWSTATE_BEGIN|0661n000005z0Z7
14:23:45.0 (124637039)|VF_SERIALIZE_VIEWSTATE_END
14:23:45.166 (166970889)|CUMULATIVE_LIMIT_USAGE
14:23:45.166 (166970889)|LIMIT_USAGE_FOR_NS|(default)|
  Number of SOQL queries: 2 out of 100
  Number of query rows: 1 out of 50000
  Number of SOSL queries: 0 out of 20
  Number of DML statements: 0 out of 150
  Number of DML rows: 0 out of 10000
  Maximum CPU time: 0 out of 10000
  Maximum heap size: 0 out of 6000000
  Number of callouts: 0 out of 100
  Number of Email Invocations: 0 out of 10
  Number of future calls: 0 out of 50
  Number of queueable jobs added to the queue: 0 out of 50
  Number of Mobile Apex push calls: 0 out of 10

14:23:45.166 (166970889)|CUMULATIVE_LIMIT_USAGE_END

14:23:45.0 (167041679)|CODE_UNIT_FINISHED|VF: /apex/p_WidgetFailures
14:23:45.0 (168227287)|EXECUTION_FINISHED
