43.0 APEX_CODE,DEBUG;APEX_PROFILING,INFO;CALLOUT,INFO;DB,INFO;NBA,INFO;SYSTEM,DEBUG;VALIDATION,INFO;VISUALFORCE,INFO;WAVE,INFO;WORKFLOW,INFO
14:40:01.0 (107430)|USER_INFO|[EXTERNAL]|0050Y000000OsfQ|marcoramos@stricker.pt|Western European Time|GMTZ
14:40:01.0 (156978)|EXECUTION_STARTED
14:40:01.0 (162204)|CODE_UNIT_STARTED|[EXTERNAL]|0661n000005z0Z7|VF: /apex/p_WidgetFailures
14:40:01.0 (312640)|VF_DESERIALIZE_VIEWSTATE_BEGIN|0661n000005z0Z7
14:40:01.0 (7443724)|VF_DESERIALIZE_VIEWSTATE_END
14:40:01.0 (7909491)|SYSTEM_MODE_ENTER|true
14:40:01.0 (7966697)|SYSTEM_MODE_ENTER|false
14:40:01.0 (7990632)|SYSTEM_MODE_EXIT|false
14:40:01.0 (8491673)|SYSTEM_MODE_ENTER|true
14:40:01.0 (8843330)|SYSTEM_MODE_ENTER|false
14:40:01.0 (10768926)|SOQL_EXECUTE_BEGIN|[79]|Aggregations:0|Select Id, Name, Description, AccountId, Account.Name, LastModifiedDate From Opportunity Where Erro_comunicacao__c = true and Id Not In :myOppIds And CreatedDate > 2018-11-05T00:00:00Z And (N_de_expedicao__c = null Or N_de_expedicao__c = '0') Order By LastModifiedDate Desc
14:40:01.0 (57014716)|SOQL_EXECUTE_END|[79]|Rows:1
14:40:01.0 (58148578)|SOQL_EXECUTE_BEGIN|[79]|Aggregations:0|Select Id, Name, Description, AccountId, Account.Name, LastModifiedDate From Opportunity Where Id In :myOppIds and Erro_comunicacao__c = false And CreatedDate > 2018-11-05T00:00:00Z And (N_de_expedicao__c = null Or N_de_expedicao__c = '0') Order By LastModifiedDate Desc
14:40:01.0 (63490040)|SOQL_EXECUTE_END|[79]|Rows:0
14:40:01.0 (65989557)|SYSTEM_MODE_EXIT|false
14:40:01.0 (69277858)|SYSTEM_MODE_ENTER|true
14:40:01.0 (69932052)|SYSTEM_MODE_ENTER|true
14:40:01.0 (87223043)|VF_SERIALIZE_VIEWSTATE_BEGIN|0661n000005z0Z7
14:40:01.0 (91200348)|VF_SERIALIZE_VIEWSTATE_END
14:40:01.112 (112444567)|CUMULATIVE_LIMIT_USAGE
14:40:01.112 (112444567)|LIMIT_USAGE_FOR_NS|(default)|
  Number of SOQL queries: 2 out of 100
  Number of query rows: 1 out of 50000
  Number of SOSL queries: 0 out of 20
  Number of DML statements: 0 out of 150
  Number of DML rows: 0 out of 10000
  Maximum CPU time: 0 out of 10000
  Maximum heap size: 0 out of 6000000
  Number of callouts: 0 out of 100
  Number of Email Invocations: 0 out of 10
  Number of future calls: 0 out of 50
  Number of queueable jobs added to the queue: 0 out of 50
  Number of Mobile Apex push calls: 0 out of 10

14:40:01.112 (112444567)|CUMULATIVE_LIMIT_USAGE_END

14:40:01.0 (112487209)|CODE_UNIT_FINISHED|VF: /apex/p_WidgetFailures
14:40:01.0 (113172125)|EXECUTION_FINISHED
