43.0 APEX_CODE,DEBUG;APEX_PROFILING,INFO;CALLOUT,INFO;DB,INFO;NBA,INFO;SYSTEM,DEBUG;VALIDATION,INFO;VISUALFORCE,INFO;WAVE,INFO;WORKFLOW,INFO
14:46:20.0 (99705)|USER_INFO|[EXTERNAL]|0050Y000000P4Th|stepadmin@pstricker.proj|Fuso horário da Europa Ocidental|GMTZ
14:46:20.0 (136784)|EXECUTION_STARTED
14:46:20.0 (141646)|CODE_UNIT_STARTED|[EXTERNAL]|0661n000005z0Z7|VF: /apex/p_WidgetFailures
14:46:20.0 (294219)|VF_DESERIALIZE_VIEWSTATE_BEGIN|0661n000005z0Z7
14:46:20.0 (7004400)|VF_DESERIALIZE_VIEWSTATE_END
14:46:20.0 (7465500)|SYSTEM_MODE_ENTER|true
14:46:20.0 (7517953)|SYSTEM_MODE_ENTER|false
14:46:20.0 (7544272)|SYSTEM_MODE_EXIT|false
14:46:20.0 (7979578)|SYSTEM_MODE_ENTER|true
14:46:20.0 (8316157)|SYSTEM_MODE_ENTER|false
14:46:20.0 (10200190)|SOQL_EXECUTE_BEGIN|[79]|Aggregations:0|Select Id, Name, Description, AccountId, Account.Name, LastModifiedDate From Opportunity Where Erro_comunicacao__c = true and Id Not In :myOppIds And CreatedDate > 2018-11-05T00:00:00Z And (N_de_expedicao__c = null Or N_de_expedicao__c = '0') Order By LastModifiedDate Desc
14:46:20.0 (46819018)|SOQL_EXECUTE_END|[79]|Rows:1
14:46:20.0 (47856335)|SOQL_EXECUTE_BEGIN|[79]|Aggregations:0|Select Id, Name, Description, AccountId, Account.Name, LastModifiedDate From Opportunity Where Id In :myOppIds and Erro_comunicacao__c = false And CreatedDate > 2018-11-05T00:00:00Z And (N_de_expedicao__c = null Or N_de_expedicao__c = '0') Order By LastModifiedDate Desc
14:46:20.0 (54580829)|SOQL_EXECUTE_END|[79]|Rows:0
14:46:20.0 (57060573)|SYSTEM_MODE_EXIT|false
14:46:20.0 (60302544)|SYSTEM_MODE_ENTER|true
14:46:20.0 (60990309)|SYSTEM_MODE_ENTER|true
14:46:20.0 (79474877)|VF_SERIALIZE_VIEWSTATE_BEGIN|0661n000005z0Z7
14:46:20.0 (83125236)|VF_SERIALIZE_VIEWSTATE_END
14:46:20.119 (119503004)|CUMULATIVE_LIMIT_USAGE
14:46:20.119 (119503004)|LIMIT_USAGE_FOR_NS|(default)|
  Number of SOQL queries: 2 out of 100
  Number of query rows: 1 out of 50000
  Number of SOSL queries: 0 out of 20
  Number of DML statements: 0 out of 150
  Number of DML rows: 0 out of 10000
  Maximum CPU time: 0 out of 10000
  Maximum heap size: 0 out of 6000000
  Number of callouts: 0 out of 100
  Number of Email Invocations: 0 out of 10
  Number of future calls: 0 out of 50
  Number of queueable jobs added to the queue: 0 out of 50
  Number of Mobile Apex push calls: 0 out of 10

14:46:20.119 (119503004)|CUMULATIVE_LIMIT_USAGE_END

14:46:20.0 (119561195)|CODE_UNIT_FINISHED|VF: /apex/p_WidgetFailures
14:46:20.0 (120346824)|EXECUTION_FINISHED
