43.0 APEX_CODE,DEBUG;APEX_PROFILING,INFO;CALLOUT,INFO;DB,INFO;NBA,INFO;SYSTEM,DEBUG;VALIDATION,INFO;VISUALFORCE,INFO;WAVE,INFO;WORKFLOW,INFO
14:45:04.0 (133980)|USER_INFO|[EXTERNAL]|0050Y000000P4Th|stepadmin@pstricker.proj|Fuso horário da Europa Ocidental|GMTZ
14:45:04.0 (178142)|EXECUTION_STARTED
14:45:04.0 (185130)|CODE_UNIT_STARTED|[EXTERNAL]|0661n000005z0Z7|VF: /apex/p_WidgetFailures
14:45:04.0 (372295)|VF_DESERIALIZE_VIEWSTATE_BEGIN|0661n000005z0Z7
14:45:04.0 (9154535)|VF_DESERIALIZE_VIEWSTATE_END
14:45:04.0 (9779960)|SYSTEM_MODE_ENTER|true
14:45:04.0 (9841061)|SYSTEM_MODE_ENTER|false
14:45:04.0 (9867615)|SYSTEM_MODE_EXIT|false
14:45:04.0 (10617616)|SYSTEM_MODE_ENTER|true
14:45:04.0 (11590195)|SYSTEM_MODE_ENTER|false
14:45:04.0 (14036764)|SOQL_EXECUTE_BEGIN|[79]|Aggregations:0|Select Id, Name, Description, AccountId, Account.Name, LastModifiedDate From Opportunity Where Erro_comunicacao__c = true and Id Not In :myOppIds And CreatedDate > 2018-11-05T00:00:00Z And (N_de_expedicao__c = null Or N_de_expedicao__c = '0') Order By LastModifiedDate Desc
14:45:04.0 (61851896)|SOQL_EXECUTE_END|[79]|Rows:1
14:45:04.0 (63483193)|SOQL_EXECUTE_BEGIN|[79]|Aggregations:0|Select Id, Name, Description, AccountId, Account.Name, LastModifiedDate From Opportunity Where Id In :myOppIds and Erro_comunicacao__c = false And CreatedDate > 2018-11-05T00:00:00Z And (N_de_expedicao__c = null Or N_de_expedicao__c = '0') Order By LastModifiedDate Desc
14:45:04.0 (70993770)|SOQL_EXECUTE_END|[79]|Rows:0
14:45:04.0 (74457351)|SYSTEM_MODE_EXIT|false
14:45:04.0 (78616957)|SYSTEM_MODE_ENTER|true
14:45:04.0 (79360620)|SYSTEM_MODE_ENTER|true
14:45:04.0 (154739405)|VF_SERIALIZE_VIEWSTATE_BEGIN|0661n000005z0Z7
14:45:04.0 (161092676)|VF_SERIALIZE_VIEWSTATE_END
14:45:04.191 (191448865)|CUMULATIVE_LIMIT_USAGE
14:45:04.191 (191448865)|LIMIT_USAGE_FOR_NS|(default)|
  Number of SOQL queries: 2 out of 100
  Number of query rows: 1 out of 50000
  Number of SOSL queries: 0 out of 20
  Number of DML statements: 0 out of 150
  Number of DML rows: 0 out of 10000
  Maximum CPU time: 0 out of 10000
  Maximum heap size: 0 out of 6000000
  Number of callouts: 0 out of 100
  Number of Email Invocations: 0 out of 10
  Number of future calls: 0 out of 50
  Number of queueable jobs added to the queue: 0 out of 50
  Number of Mobile Apex push calls: 0 out of 10

14:45:04.191 (191448865)|CUMULATIVE_LIMIT_USAGE_END

14:45:04.0 (192316837)|CODE_UNIT_FINISHED|VF: /apex/p_WidgetFailures
14:45:04.0 (193342524)|EXECUTION_FINISHED
