43.0 APEX_CODE,DEBUG;APEX_PROFILING,INFO;CALLOUT,INFO;DB,INFO;NBA,INFO;SYSTEM,DEBUG;VALIDATION,INFO;VISUALFORCE,INFO;WAVE,INFO;WORKFLOW,INFO
14:44:42.0 (179490)|USER_INFO|[EXTERNAL]|0050Y000000P4Th|stepadmin@pstricker.proj|Fuso horário da Europa Ocidental|GMTZ
14:44:42.0 (295761)|EXECUTION_STARTED
14:44:42.0 (322211)|CODE_UNIT_STARTED|[EXTERNAL]|0661n000005z0Z7|VF: /apex/p_WidgetFailures
14:44:42.0 (521165)|VF_DESERIALIZE_VIEWSTATE_BEGIN|0661n000005z0Z7
14:44:42.0 (10079716)|VF_DESERIALIZE_VIEWSTATE_END
14:44:42.0 (10671744)|SYSTEM_MODE_ENTER|true
14:44:42.0 (10755791)|SYSTEM_MODE_ENTER|false
14:44:42.0 (10789773)|SYSTEM_MODE_EXIT|false
14:44:42.0 (11520193)|SYSTEM_MODE_ENTER|true
14:44:42.0 (12048565)|SYSTEM_MODE_ENTER|false
14:44:42.0 (14813881)|SOQL_EXECUTE_BEGIN|[79]|Aggregations:0|Select Id, Name, Description, AccountId, Account.Name, LastModifiedDate From Opportunity Where Erro_comunicacao__c = true and Id Not In :myOppIds And CreatedDate > 2018-11-05T00:00:00Z And (N_de_expedicao__c = null Or N_de_expedicao__c = '0') Order By LastModifiedDate Desc
14:44:42.0 (56266901)|SOQL_EXECUTE_END|[79]|Rows:1
14:44:42.0 (57430174)|SOQL_EXECUTE_BEGIN|[79]|Aggregations:0|Select Id, Name, Description, AccountId, Account.Name, LastModifiedDate From Opportunity Where Id In :myOppIds and Erro_comunicacao__c = false And CreatedDate > 2018-11-05T00:00:00Z And (N_de_expedicao__c = null Or N_de_expedicao__c = '0') Order By LastModifiedDate Desc
14:44:42.0 (62815158)|SOQL_EXECUTE_END|[79]|Rows:0
14:44:42.0 (66182951)|SYSTEM_MODE_EXIT|false
14:44:42.0 (69388299)|SYSTEM_MODE_ENTER|true
14:44:42.0 (70080496)|SYSTEM_MODE_ENTER|true
14:44:42.0 (88483928)|VF_SERIALIZE_VIEWSTATE_BEGIN|0661n000005z0Z7
14:44:42.0 (92321331)|VF_SERIALIZE_VIEWSTATE_END
14:44:42.112 (112665848)|CUMULATIVE_LIMIT_USAGE
14:44:42.112 (112665848)|LIMIT_USAGE_FOR_NS|(default)|
  Number of SOQL queries: 2 out of 100
  Number of query rows: 1 out of 50000
  Number of SOSL queries: 0 out of 20
  Number of DML statements: 0 out of 150
  Number of DML rows: 0 out of 10000
  Maximum CPU time: 0 out of 10000
  Maximum heap size: 0 out of 6000000
  Number of callouts: 0 out of 100
  Number of Email Invocations: 0 out of 10
  Number of future calls: 0 out of 50
  Number of queueable jobs added to the queue: 0 out of 50
  Number of Mobile Apex push calls: 0 out of 10

14:44:42.112 (112665848)|CUMULATIVE_LIMIT_USAGE_END

14:44:42.0 (112724096)|CODE_UNIT_FINISHED|VF: /apex/p_WidgetFailures
14:44:42.0 (113382289)|EXECUTION_FINISHED
