43.0 APEX_CODE,DEBUG;APEX_PROFILING,INFO;CALLOUT,INFO;DB,INFO;NBA,INFO;SYSTEM,DEBUG;VALIDATION,INFO;VISUALFORCE,INFO;WAVE,INFO;WORKFLOW,INFO
14:45:20.0 (124600)|USER_INFO|[EXTERNAL]|0050Y000000OsfQ|marcoramos@stricker.pt|Western European Time|GMTZ
14:45:20.0 (171620)|EXECUTION_STARTED
14:45:20.0 (177593)|CODE_UNIT_STARTED|[EXTERNAL]|0661n000005z0Z7|VF: /apex/p_WidgetFailures
14:45:20.0 (347732)|VF_DESERIALIZE_VIEWSTATE_BEGIN|0661n000005z0Z7
14:45:20.0 (9107721)|VF_DESERIALIZE_VIEWSTATE_END
14:45:20.0 (9696312)|SYSTEM_MODE_ENTER|true
14:45:20.0 (9773160)|SYSTEM_MODE_ENTER|false
14:45:20.0 (9815349)|SYSTEM_MODE_EXIT|false
14:45:20.0 (10493568)|SYSTEM_MODE_ENTER|true
14:45:20.0 (10979470)|SYSTEM_MODE_ENTER|false
14:45:20.0 (13868855)|SOQL_EXECUTE_BEGIN|[79]|Aggregations:0|Select Id, Name, Description, AccountId, Account.Name, LastModifiedDate From Opportunity Where Erro_comunicacao__c = true and Id Not In :myOppIds And CreatedDate > 2018-11-05T00:00:00Z And (N_de_expedicao__c = null Or N_de_expedicao__c = '0') Order By LastModifiedDate Desc
14:45:20.0 (55241341)|SOQL_EXECUTE_END|[79]|Rows:1
14:45:20.0 (56685890)|SOQL_EXECUTE_BEGIN|[79]|Aggregations:0|Select Id, Name, Description, AccountId, Account.Name, LastModifiedDate From Opportunity Where Id In :myOppIds and Erro_comunicacao__c = false And CreatedDate > 2018-11-05T00:00:00Z And (N_de_expedicao__c = null Or N_de_expedicao__c = '0') Order By LastModifiedDate Desc
14:45:20.0 (64697199)|SOQL_EXECUTE_END|[79]|Rows:0
14:45:20.0 (70605302)|SYSTEM_MODE_EXIT|false
14:45:20.0 (75516480)|SYSTEM_MODE_ENTER|true
14:45:20.0 (76648534)|SYSTEM_MODE_ENTER|true
14:45:20.0 (99576173)|VF_SERIALIZE_VIEWSTATE_BEGIN|0661n000005z0Z7
14:45:20.0 (104139560)|VF_SERIALIZE_VIEWSTATE_END
14:45:20.129 (129763550)|CUMULATIVE_LIMIT_USAGE
14:45:20.129 (129763550)|LIMIT_USAGE_FOR_NS|(default)|
  Number of SOQL queries: 2 out of 100
  Number of query rows: 1 out of 50000
  Number of SOSL queries: 0 out of 20
  Number of DML statements: 0 out of 150
  Number of DML rows: 0 out of 10000
  Maximum CPU time: 0 out of 10000
  Maximum heap size: 0 out of 6000000
  Number of callouts: 0 out of 100
  Number of Email Invocations: 0 out of 10
  Number of future calls: 0 out of 50
  Number of queueable jobs added to the queue: 0 out of 50
  Number of Mobile Apex push calls: 0 out of 10

14:45:20.129 (129763550)|CUMULATIVE_LIMIT_USAGE_END

14:45:20.0 (129832897)|CODE_UNIT_FINISHED|VF: /apex/p_WidgetFailures
14:45:20.0 (130874714)|EXECUTION_FINISHED
