43.0 APEX_CODE,DEBUG;APEX_PROFILING,INFO;CALLOUT,INFO;DB,INFO;NBA,INFO;SYSTEM,DEBUG;VALIDATION,INFO;VISUALFORCE,INFO;WAVE,INFO;WORKFLOW,INFO
14:43:47.0 (127472)|USER_INFO|[EXTERNAL]|0050Y000000P4Th|stepadmin@pstricker.proj|Fuso horário da Europa Ocidental|GMTZ
14:43:47.0 (201513)|EXECUTION_STARTED
14:43:47.0 (209997)|CODE_UNIT_STARTED|[EXTERNAL]|0661n000005z0Z7|VF: /apex/p_WidgetFailures
14:43:47.0 (329036)|VF_DESERIALIZE_VIEWSTATE_BEGIN|0661n000005z0Z7
14:43:47.0 (6101821)|VF_DESERIALIZE_VIEWSTATE_END
14:43:47.0 (6501902)|SYSTEM_MODE_ENTER|true
14:43:47.0 (6546874)|SYSTEM_MODE_ENTER|false
14:43:47.0 (6568252)|SYSTEM_MODE_EXIT|false
14:43:47.0 (6972536)|SYSTEM_MODE_ENTER|true
14:43:47.0 (7319945)|SYSTEM_MODE_ENTER|false
14:43:47.0 (8937170)|SOQL_EXECUTE_BEGIN|[79]|Aggregations:0|Select Id, Name, Description, AccountId, Account.Name, LastModifiedDate From Opportunity Where Erro_comunicacao__c = true and Id Not In :myOppIds And CreatedDate > 2018-11-05T00:00:00Z And (N_de_expedicao__c = null Or N_de_expedicao__c = '0') Order By LastModifiedDate Desc
14:43:47.0 (48750712)|SOQL_EXECUTE_END|[79]|Rows:1
14:43:47.0 (49868637)|SOQL_EXECUTE_BEGIN|[79]|Aggregations:0|Select Id, Name, Description, AccountId, Account.Name, LastModifiedDate From Opportunity Where Id In :myOppIds and Erro_comunicacao__c = false And CreatedDate > 2018-11-05T00:00:00Z And (N_de_expedicao__c = null Or N_de_expedicao__c = '0') Order By LastModifiedDate Desc
14:43:47.0 (54747473)|SOQL_EXECUTE_END|[79]|Rows:0
14:43:47.0 (57477754)|SYSTEM_MODE_EXIT|false
14:43:47.0 (60813871)|SYSTEM_MODE_ENTER|true
14:43:47.0 (61477020)|SYSTEM_MODE_ENTER|true
14:43:47.0 (79178476)|VF_SERIALIZE_VIEWSTATE_BEGIN|0661n000005z0Z7
14:43:47.0 (84073236)|VF_SERIALIZE_VIEWSTATE_END
14:43:47.105 (105856529)|CUMULATIVE_LIMIT_USAGE
14:43:47.105 (105856529)|LIMIT_USAGE_FOR_NS|(default)|
  Number of SOQL queries: 2 out of 100
  Number of query rows: 1 out of 50000
  Number of SOSL queries: 0 out of 20
  Number of DML statements: 0 out of 150
  Number of DML rows: 0 out of 10000
  Maximum CPU time: 0 out of 10000
  Maximum heap size: 0 out of 6000000
  Number of callouts: 0 out of 100
  Number of Email Invocations: 0 out of 10
  Number of future calls: 0 out of 50
  Number of queueable jobs added to the queue: 0 out of 50
  Number of Mobile Apex push calls: 0 out of 10

14:43:47.105 (105856529)|CUMULATIVE_LIMIT_USAGE_END

14:43:47.0 (105911887)|CODE_UNIT_FINISHED|VF: /apex/p_WidgetFailures
14:43:47.0 (106544155)|EXECUTION_FINISHED
