43.0 APEX_CODE,DEBUG;APEX_PROFILING,INFO;CALLOUT,INFO;DB,INFO;NBA,INFO;SYSTEM,DEBUG;VALIDATION,INFO;VISUALFORCE,INFO;WAVE,INFO;WORKFLOW,INFO
14:20:39.0 (104992)|USER_INFO|[EXTERNAL]|0050Y000000OsfQ|marcoramos@stricker.pt|Western European Time|GMTZ
14:20:39.0 (136286)|EXECUTION_STARTED
14:20:39.0 (141424)|CODE_UNIT_STARTED|[EXTERNAL]|0661n000005z0Z7|VF: /apex/p_WidgetFailures
14:20:39.0 (753310)|VF_DESERIALIZE_VIEWSTATE_BEGIN|0661n000005z0Z7
14:20:39.0 (8789748)|VF_DESERIALIZE_VIEWSTATE_END
14:20:39.0 (9362229)|SYSTEM_MODE_ENTER|true
14:20:39.0 (9434764)|SYSTEM_MODE_ENTER|false
14:20:39.0 (9467766)|SYSTEM_MODE_EXIT|false
14:20:39.0 (10115036)|SYSTEM_MODE_ENTER|true
14:20:39.0 (10580161)|SYSTEM_MODE_ENTER|false
14:20:39.0 (12560259)|SOQL_EXECUTE_BEGIN|[79]|Aggregations:0|Select Id, Name, Description, AccountId, Account.Name, LastModifiedDate From Opportunity Where Erro_comunicacao__c = true and Id Not In :myOppIds And CreatedDate > 2018-11-05T00:00:00Z And (N_de_expedicao__c = null Or N_de_expedicao__c = '0') Order By LastModifiedDate Desc
14:20:39.0 (55895105)|SOQL_EXECUTE_END|[79]|Rows:1
14:20:39.0 (57075985)|SOQL_EXECUTE_BEGIN|[79]|Aggregations:0|Select Id, Name, Description, AccountId, Account.Name, LastModifiedDate From Opportunity Where Id In :myOppIds and Erro_comunicacao__c = false And CreatedDate > 2018-11-05T00:00:00Z And (N_de_expedicao__c = null Or N_de_expedicao__c = '0') Order By LastModifiedDate Desc
14:20:39.0 (64688944)|SOQL_EXECUTE_END|[79]|Rows:0
14:20:39.0 (67282553)|SYSTEM_MODE_EXIT|false
14:20:39.0 (70681022)|SYSTEM_MODE_ENTER|true
14:20:39.0 (71402733)|SYSTEM_MODE_ENTER|true
14:20:39.0 (89477135)|VF_SERIALIZE_VIEWSTATE_BEGIN|0661n000005z0Z7
14:20:39.0 (94120305)|VF_SERIALIZE_VIEWSTATE_END
14:20:39.117 (117820056)|CUMULATIVE_LIMIT_USAGE
14:20:39.117 (117820056)|LIMIT_USAGE_FOR_NS|(default)|
  Number of SOQL queries: 2 out of 100
  Number of query rows: 1 out of 50000
  Number of SOSL queries: 0 out of 20
  Number of DML statements: 0 out of 150
  Number of DML rows: 0 out of 10000
  Maximum CPU time: 0 out of 10000
  Maximum heap size: 0 out of 6000000
  Number of callouts: 0 out of 100
  Number of Email Invocations: 0 out of 10
  Number of future calls: 0 out of 50
  Number of queueable jobs added to the queue: 0 out of 50
  Number of Mobile Apex push calls: 0 out of 10

14:20:39.117 (117820056)|CUMULATIVE_LIMIT_USAGE_END

14:20:39.0 (117888681)|CODE_UNIT_FINISHED|VF: /apex/p_WidgetFailures
14:20:39.0 (118720805)|EXECUTION_FINISHED
