43.0 APEX_CODE,DEBUG;APEX_PROFILING,INFO;CALLOUT,INFO;DB,INFO;NBA,INFO;SYSTEM,DEBUG;VALIDATION,INFO;VISUALFORCE,INFO;WAVE,INFO;WORKFLOW,INFO
14:10:33.0 (136930)|USER_INFO|[EXTERNAL]|0050Y000000P4Th|stepadmin@pstricker.proj|Fuso horário da Europa Ocidental|GMTZ
14:10:33.0 (197190)|EXECUTION_STARTED
14:10:33.0 (212495)|CODE_UNIT_STARTED|[EXTERNAL]|0661n000005z0Z7|VF: /apex/p_WidgetFailures
14:10:33.0 (420530)|VF_DESERIALIZE_VIEWSTATE_BEGIN|0661n000005z0Z7
14:10:33.0 (8610792)|VF_DESERIALIZE_VIEWSTATE_END
14:10:33.0 (9085146)|SYSTEM_MODE_ENTER|true
14:10:33.0 (9135329)|SYSTEM_MODE_ENTER|false
14:10:33.0 (9156335)|SYSTEM_MODE_EXIT|false
14:10:33.0 (9711672)|SYSTEM_MODE_ENTER|true
14:10:33.0 (10070124)|SYSTEM_MODE_ENTER|false
14:10:33.0 (12243491)|SOQL_EXECUTE_BEGIN|[79]|Aggregations:0|Select Id, Name, Description, AccountId, Account.Name, LastModifiedDate From Opportunity Where Erro_comunicacao__c = true and Id Not In :myOppIds And CreatedDate > 2018-11-05T00:00:00Z And (N_de_expedicao__c = null Or N_de_expedicao__c = '0') Order By LastModifiedDate Desc
14:10:33.0 (52425801)|SOQL_EXECUTE_END|[79]|Rows:1
14:10:33.0 (53624926)|SOQL_EXECUTE_BEGIN|[79]|Aggregations:0|Select Id, Name, Description, AccountId, Account.Name, LastModifiedDate From Opportunity Where Id In :myOppIds and Erro_comunicacao__c = false And CreatedDate > 2018-11-05T00:00:00Z And (N_de_expedicao__c = null Or N_de_expedicao__c = '0') Order By LastModifiedDate Desc
14:10:33.0 (59573915)|SOQL_EXECUTE_END|[79]|Rows:0
14:10:33.0 (62282148)|SYSTEM_MODE_EXIT|false
14:10:33.0 (65785975)|SYSTEM_MODE_ENTER|true
14:10:33.0 (66654613)|SYSTEM_MODE_ENTER|true
14:10:33.0 (89381459)|VF_SERIALIZE_VIEWSTATE_BEGIN|0661n000005z0Z7
14:10:33.0 (95377694)|VF_SERIALIZE_VIEWSTATE_END
14:10:33.121 (121089055)|CUMULATIVE_LIMIT_USAGE
14:10:33.121 (121089055)|LIMIT_USAGE_FOR_NS|(default)|
  Number of SOQL queries: 2 out of 100
  Number of query rows: 1 out of 50000
  Number of SOSL queries: 0 out of 20
  Number of DML statements: 0 out of 150
  Number of DML rows: 0 out of 10000
  Maximum CPU time: 0 out of 10000
  Maximum heap size: 0 out of 6000000
  Number of callouts: 0 out of 100
  Number of Email Invocations: 0 out of 10
  Number of future calls: 0 out of 50
  Number of queueable jobs added to the queue: 0 out of 50
  Number of Mobile Apex push calls: 0 out of 10

14:10:33.121 (121089055)|CUMULATIVE_LIMIT_USAGE_END

14:10:33.0 (121163300)|CODE_UNIT_FINISHED|VF: /apex/p_WidgetFailures
14:10:33.0 (121987434)|EXECUTION_FINISHED
