43.0 APEX_CODE,DEBUG;APEX_PROFILING,INFO;CALLOUT,INFO;DB,INFO;NBA,INFO;SYSTEM,DEBUG;VALIDATION,INFO;VISUALFORCE,INFO;WAVE,INFO;WORKFLOW,INFO
14:21:37.0 (104036)|USER_INFO|[EXTERNAL]|0050Y000000P4Th|stepadmin@pstricker.proj|Fuso horário da Europa Ocidental|GMTZ
14:21:37.0 (143893)|EXECUTION_STARTED
14:21:37.0 (150014)|CODE_UNIT_STARTED|[EXTERNAL]|0661n000005z0Z7|VF: /apex/p_WidgetFailures
14:21:37.0 (325070)|VF_DESERIALIZE_VIEWSTATE_BEGIN|0661n000005z0Z7
14:21:37.0 (7460344)|VF_DESERIALIZE_VIEWSTATE_END
14:21:37.0 (7927026)|SYSTEM_MODE_ENTER|true
14:21:37.0 (7991705)|SYSTEM_MODE_ENTER|false
14:21:37.0 (8017811)|SYSTEM_MODE_EXIT|false
14:21:37.0 (8464687)|SYSTEM_MODE_ENTER|true
14:21:37.0 (8854406)|SYSTEM_MODE_ENTER|false
14:21:37.0 (11080002)|SOQL_EXECUTE_BEGIN|[79]|Aggregations:0|Select Id, Name, Description, AccountId, Account.Name, LastModifiedDate From Opportunity Where Erro_comunicacao__c = true and Id Not In :myOppIds And CreatedDate > 2018-11-05T00:00:00Z And (N_de_expedicao__c = null Or N_de_expedicao__c = '0') Order By LastModifiedDate Desc
14:21:37.0 (49640106)|SOQL_EXECUTE_END|[79]|Rows:1
14:21:37.0 (50756514)|SOQL_EXECUTE_BEGIN|[79]|Aggregations:0|Select Id, Name, Description, AccountId, Account.Name, LastModifiedDate From Opportunity Where Id In :myOppIds and Erro_comunicacao__c = false And CreatedDate > 2018-11-05T00:00:00Z And (N_de_expedicao__c = null Or N_de_expedicao__c = '0') Order By LastModifiedDate Desc
14:21:37.0 (56010056)|SOQL_EXECUTE_END|[79]|Rows:0
14:21:37.0 (58547140)|SYSTEM_MODE_EXIT|false
14:21:37.0 (61773035)|SYSTEM_MODE_ENTER|true
14:21:37.0 (62494263)|SYSTEM_MODE_ENTER|true
14:21:37.0 (81455937)|VF_SERIALIZE_VIEWSTATE_BEGIN|0661n000005z0Z7
14:21:37.0 (85341282)|VF_SERIALIZE_VIEWSTATE_END
14:21:37.108 (108368106)|CUMULATIVE_LIMIT_USAGE
14:21:37.108 (108368106)|LIMIT_USAGE_FOR_NS|(default)|
  Number of SOQL queries: 2 out of 100
  Number of query rows: 1 out of 50000
  Number of SOSL queries: 0 out of 20
  Number of DML statements: 0 out of 150
  Number of DML rows: 0 out of 10000
  Maximum CPU time: 0 out of 10000
  Maximum heap size: 0 out of 6000000
  Number of callouts: 0 out of 100
  Number of Email Invocations: 0 out of 10
  Number of future calls: 0 out of 50
  Number of queueable jobs added to the queue: 0 out of 50
  Number of Mobile Apex push calls: 0 out of 10

14:21:37.108 (108368106)|CUMULATIVE_LIMIT_USAGE_END

14:21:37.0 (108412751)|CODE_UNIT_FINISHED|VF: /apex/p_WidgetFailures
14:21:37.0 (109093750)|EXECUTION_FINISHED
