43.0 APEX_CODE,DEBUG;APEX_PROFILING,INFO;CALLOUT,INFO;DB,INFO;NBA,INFO;SYSTEM,DEBUG;VALIDATION,INFO;VISUALFORCE,INFO;WAVE,INFO;WORKFLOW,INFO
14:21:11.0 (110065)|USER_INFO|[EXTERNAL]|0050Y000000P4Th|stepadmin@pstricker.proj|Fuso horário da Europa Ocidental|GMTZ
14:21:11.0 (171926)|EXECUTION_STARTED
14:21:11.0 (182859)|CODE_UNIT_STARTED|[EXTERNAL]|0661n000005z0Z7|VF: /apex/p_WidgetFailures
14:21:11.0 (785546)|VF_DESERIALIZE_VIEWSTATE_BEGIN|0661n000005z0Z7
14:21:11.0 (7550549)|VF_DESERIALIZE_VIEWSTATE_END
14:21:11.0 (8022320)|SYSTEM_MODE_ENTER|true
14:21:11.0 (8072816)|SYSTEM_MODE_ENTER|false
14:21:11.0 (8093738)|SYSTEM_MODE_EXIT|false
14:21:11.0 (8589723)|SYSTEM_MODE_ENTER|true
14:21:11.0 (8964553)|SYSTEM_MODE_ENTER|false
14:21:11.0 (11228640)|SOQL_EXECUTE_BEGIN|[79]|Aggregations:0|Select Id, Name, Description, AccountId, Account.Name, LastModifiedDate From Opportunity Where Erro_comunicacao__c = true and Id Not In :myOppIds And CreatedDate > 2018-11-05T00:00:00Z And (N_de_expedicao__c = null Or N_de_expedicao__c = '0') Order By LastModifiedDate Desc
14:21:11.0 (47925283)|SOQL_EXECUTE_END|[79]|Rows:1
14:21:11.0 (49273324)|SOQL_EXECUTE_BEGIN|[79]|Aggregations:0|Select Id, Name, Description, AccountId, Account.Name, LastModifiedDate From Opportunity Where Id In :myOppIds and Erro_comunicacao__c = false And CreatedDate > 2018-11-05T00:00:00Z And (N_de_expedicao__c = null Or N_de_expedicao__c = '0') Order By LastModifiedDate Desc
14:21:11.0 (55207188)|SOQL_EXECUTE_END|[79]|Rows:0
14:21:11.0 (57795009)|SYSTEM_MODE_EXIT|false
14:21:11.0 (61723389)|SYSTEM_MODE_ENTER|true
14:21:11.0 (62764682)|SYSTEM_MODE_ENTER|true
14:21:11.0 (88252507)|VF_SERIALIZE_VIEWSTATE_BEGIN|0661n000005z0Z7
14:21:11.0 (93685038)|VF_SERIALIZE_VIEWSTATE_END
14:21:11.114 (114511837)|CUMULATIVE_LIMIT_USAGE
14:21:11.114 (114511837)|LIMIT_USAGE_FOR_NS|(default)|
  Number of SOQL queries: 2 out of 100
  Number of query rows: 1 out of 50000
  Number of SOSL queries: 0 out of 20
  Number of DML statements: 0 out of 150
  Number of DML rows: 0 out of 10000
  Maximum CPU time: 0 out of 10000
  Maximum heap size: 0 out of 6000000
  Number of callouts: 0 out of 100
  Number of Email Invocations: 0 out of 10
  Number of future calls: 0 out of 50
  Number of queueable jobs added to the queue: 0 out of 50
  Number of Mobile Apex push calls: 0 out of 10

14:21:11.114 (114511837)|CUMULATIVE_LIMIT_USAGE_END

14:21:11.0 (114595789)|CODE_UNIT_FINISHED|VF: /apex/p_WidgetFailures
14:21:11.0 (115339787)|EXECUTION_FINISHED
