43.0 APEX_CODE,DEBUG;APEX_PROFILING,INFO;CALLOUT,INFO;DB,INFO;NBA,INFO;SYSTEM,DEBUG;VALIDATION,INFO;VISUALFORCE,INFO;WAVE,INFO;WORKFLOW,INFO
14:17:35.0 (162807)|USER_INFO|[EXTERNAL]|0050Y000000OsfQ|marcoramos@stricker.pt|Western European Time|GMTZ
14:17:35.0 (227845)|EXECUTION_STARTED
14:17:35.0 (238213)|CODE_UNIT_STARTED|[EXTERNAL]|0661n000005z0Z7|VF: /apex/p_WidgetFailures
14:17:35.0 (956075)|VF_DESERIALIZE_VIEWSTATE_BEGIN|0661n000005z0Z7
14:17:35.0 (10536751)|VF_DESERIALIZE_VIEWSTATE_END
14:17:35.0 (11534036)|SYSTEM_MODE_ENTER|true
14:17:35.0 (11793644)|SYSTEM_MODE_ENTER|false
14:17:35.0 (11836202)|SYSTEM_MODE_EXIT|false
14:17:35.0 (12746659)|SYSTEM_MODE_ENTER|true
14:17:35.0 (13251343)|SYSTEM_MODE_ENTER|false
14:17:35.0 (16526199)|SOQL_EXECUTE_BEGIN|[79]|Aggregations:0|Select Id, Name, Description, AccountId, Account.Name, LastModifiedDate From Opportunity Where Erro_comunicacao__c = true and Id Not In :myOppIds And CreatedDate > 2018-11-05T00:00:00Z And (N_de_expedicao__c = null Or N_de_expedicao__c = '0') Order By LastModifiedDate Desc
14:17:35.0 (58948461)|SOQL_EXECUTE_END|[79]|Rows:1
14:17:35.0 (60160802)|SOQL_EXECUTE_BEGIN|[79]|Aggregations:0|Select Id, Name, Description, AccountId, Account.Name, LastModifiedDate From Opportunity Where Id In :myOppIds and Erro_comunicacao__c = false And CreatedDate > 2018-11-05T00:00:00Z And (N_de_expedicao__c = null Or N_de_expedicao__c = '0') Order By LastModifiedDate Desc
14:17:35.0 (65656988)|SOQL_EXECUTE_END|[79]|Rows:0
14:17:35.0 (69645043)|SYSTEM_MODE_EXIT|false
14:17:35.0 (73503097)|SYSTEM_MODE_ENTER|true
14:17:35.0 (74326858)|SYSTEM_MODE_ENTER|true
14:17:35.0 (93796897)|VF_SERIALIZE_VIEWSTATE_BEGIN|0661n000005z0Z7
14:17:35.0 (98533409)|VF_SERIALIZE_VIEWSTATE_END
14:17:35.121 (121732982)|CUMULATIVE_LIMIT_USAGE
14:17:35.121 (121732982)|LIMIT_USAGE_FOR_NS|(default)|
  Number of SOQL queries: 2 out of 100
  Number of query rows: 1 out of 50000
  Number of SOSL queries: 0 out of 20
  Number of DML statements: 0 out of 150
  Number of DML rows: 0 out of 10000
  Maximum CPU time: 0 out of 10000
  Maximum heap size: 0 out of 6000000
  Number of callouts: 0 out of 100
  Number of Email Invocations: 0 out of 10
  Number of future calls: 0 out of 50
  Number of queueable jobs added to the queue: 0 out of 50
  Number of Mobile Apex push calls: 0 out of 10

14:17:35.121 (121732982)|CUMULATIVE_LIMIT_USAGE_END

14:17:35.0 (121783537)|CODE_UNIT_FINISHED|VF: /apex/p_WidgetFailures
14:17:35.0 (122541912)|EXECUTION_FINISHED
