43.0 APEX_CODE,DEBUG;APEX_PROFILING,INFO;CALLOUT,INFO;DB,INFO;NBA,INFO;SYSTEM,DEBUG;VALIDATION,INFO;VISUALFORCE,INFO;WAVE,INFO;WORKFLOW,INFO
14:40:43.0 (143199)|USER_INFO|[EXTERNAL]|0050Y000000P4Th|stepadmin@pstricker.proj|Fuso horário da Europa Ocidental|GMTZ
14:40:43.0 (213346)|EXECUTION_STARTED
14:40:43.0 (220421)|CODE_UNIT_STARTED|[EXTERNAL]|0661n000005z0Z7|VF: /apex/p_WidgetFailures
14:40:43.0 (938782)|VF_DESERIALIZE_VIEWSTATE_BEGIN|0661n000005z0Z7
14:40:43.0 (10123325)|VF_DESERIALIZE_VIEWSTATE_END
14:40:43.0 (10695655)|SYSTEM_MODE_ENTER|true
14:40:43.0 (10766570)|SYSTEM_MODE_ENTER|false
14:40:43.0 (10802280)|SYSTEM_MODE_EXIT|false
14:40:43.0 (11474511)|SYSTEM_MODE_ENTER|true
14:40:43.0 (11976252)|SYSTEM_MODE_ENTER|false
14:40:43.0 (14436449)|SOQL_EXECUTE_BEGIN|[79]|Aggregations:0|Select Id, Name, Description, AccountId, Account.Name, LastModifiedDate From Opportunity Where Erro_comunicacao__c = true and Id Not In :myOppIds And CreatedDate > 2018-11-05T00:00:00Z And (N_de_expedicao__c = null Or N_de_expedicao__c = '0') Order By LastModifiedDate Desc
14:40:43.0 (58074677)|SOQL_EXECUTE_END|[79]|Rows:1
14:40:43.0 (59132119)|SOQL_EXECUTE_BEGIN|[79]|Aggregations:0|Select Id, Name, Description, AccountId, Account.Name, LastModifiedDate From Opportunity Where Id In :myOppIds and Erro_comunicacao__c = false And CreatedDate > 2018-11-05T00:00:00Z And (N_de_expedicao__c = null Or N_de_expedicao__c = '0') Order By LastModifiedDate Desc
14:40:43.0 (64983494)|SOQL_EXECUTE_END|[79]|Rows:0
14:40:43.0 (67771011)|SYSTEM_MODE_EXIT|false
14:40:43.0 (71152038)|SYSTEM_MODE_ENTER|true
14:40:43.0 (71868405)|SYSTEM_MODE_ENTER|true
14:40:43.0 (91491334)|VF_SERIALIZE_VIEWSTATE_BEGIN|0661n000005z0Z7
14:40:43.0 (95744105)|VF_SERIALIZE_VIEWSTATE_END
14:40:44.159 (1159598372)|CUMULATIVE_LIMIT_USAGE
14:40:44.159 (1159598372)|LIMIT_USAGE_FOR_NS|(default)|
  Number of SOQL queries: 2 out of 100
  Number of query rows: 1 out of 50000
  Number of SOSL queries: 0 out of 20
  Number of DML statements: 0 out of 150
  Number of DML rows: 0 out of 10000
  Maximum CPU time: 0 out of 10000
  Maximum heap size: 0 out of 6000000
  Number of callouts: 0 out of 100
  Number of Email Invocations: 0 out of 10
  Number of future calls: 0 out of 50
  Number of queueable jobs added to the queue: 0 out of 50
  Number of Mobile Apex push calls: 0 out of 10

14:40:44.159 (1159598372)|CUMULATIVE_LIMIT_USAGE_END

14:40:44.159 (1159711583)|CODE_UNIT_FINISHED|VF: /apex/p_WidgetFailures
14:40:44.159 (1161253704)|EXECUTION_FINISHED
