43.0 APEX_CODE,DEBUG;APEX_PROFILING,INFO;CALLOUT,INFO;DB,INFO;NBA,INFO;SYSTEM,DEBUG;VALIDATION,INFO;VISUALFORCE,INFO;WAVE,INFO;WORKFLOW,INFO
14:24:14.0 (101490)|USER_INFO|[EXTERNAL]|0050Y000000P4Th|stepadmin@pstricker.proj|Fuso horário da Europa Ocidental|GMTZ
14:24:14.0 (137582)|EXECUTION_STARTED
14:24:14.0 (143947)|CODE_UNIT_STARTED|[EXTERNAL]|0661n000005z0Z7|VF: /apex/p_WidgetFailures
14:24:14.0 (304290)|VF_DESERIALIZE_VIEWSTATE_BEGIN|0661n000005z0Z7
14:24:14.0 (7251668)|VF_DESERIALIZE_VIEWSTATE_END
14:24:14.0 (7705623)|SYSTEM_MODE_ENTER|true
14:24:14.0 (7760531)|SYSTEM_MODE_ENTER|false
14:24:14.0 (7781919)|SYSTEM_MODE_EXIT|false
14:24:14.0 (8182834)|SYSTEM_MODE_ENTER|true
14:24:14.0 (8624719)|SYSTEM_MODE_ENTER|false
14:24:14.0 (11128310)|SOQL_EXECUTE_BEGIN|[79]|Aggregations:0|Select Id, Name, Description, AccountId, Account.Name, LastModifiedDate From Opportunity Where Erro_comunicacao__c = true and Id Not In :myOppIds And CreatedDate > 2018-11-05T00:00:00Z And (N_de_expedicao__c = null Or N_de_expedicao__c = '0') Order By LastModifiedDate Desc
14:24:14.0 (55695074)|SOQL_EXECUTE_END|[79]|Rows:1
14:24:14.0 (57179267)|SOQL_EXECUTE_BEGIN|[79]|Aggregations:0|Select Id, Name, Description, AccountId, Account.Name, LastModifiedDate From Opportunity Where Id In :myOppIds and Erro_comunicacao__c = false And CreatedDate > 2018-11-05T00:00:00Z And (N_de_expedicao__c = null Or N_de_expedicao__c = '0') Order By LastModifiedDate Desc
14:24:14.0 (67105918)|SOQL_EXECUTE_END|[79]|Rows:0
14:24:14.0 (69617508)|SYSTEM_MODE_EXIT|false
14:24:14.0 (73054543)|SYSTEM_MODE_ENTER|true
14:24:14.0 (73748392)|SYSTEM_MODE_ENTER|true
14:24:14.0 (91152361)|VF_SERIALIZE_VIEWSTATE_BEGIN|0661n000005z0Z7
14:24:14.0 (95175201)|VF_SERIALIZE_VIEWSTATE_END
14:24:14.116 (116985286)|CUMULATIVE_LIMIT_USAGE
14:24:14.116 (116985286)|LIMIT_USAGE_FOR_NS|(default)|
  Number of SOQL queries: 2 out of 100
  Number of query rows: 1 out of 50000
  Number of SOSL queries: 0 out of 20
  Number of DML statements: 0 out of 150
  Number of DML rows: 0 out of 10000
  Maximum CPU time: 0 out of 10000
  Maximum heap size: 0 out of 6000000
  Number of callouts: 0 out of 100
  Number of Email Invocations: 0 out of 10
  Number of future calls: 0 out of 50
  Number of queueable jobs added to the queue: 0 out of 50
  Number of Mobile Apex push calls: 0 out of 10

14:24:14.116 (116985286)|CUMULATIVE_LIMIT_USAGE_END

14:24:14.0 (117039437)|CODE_UNIT_FINISHED|VF: /apex/p_WidgetFailures
14:24:14.0 (118128676)|EXECUTION_FINISHED
