43.0 APEX_CODE,DEBUG;APEX_PROFILING,INFO;CALLOUT,INFO;DB,INFO;NBA,INFO;SYSTEM,DEBUG;VALIDATION,INFO;VISUALFORCE,INFO;WAVE,INFO;WORKFLOW,INFO
14:44:37.0 (107292)|USER_INFO|[EXTERNAL]|0050Y000000P4Th|stepadmin@pstricker.proj|Fuso horário da Europa Ocidental|GMTZ
14:44:37.0 (149424)|EXECUTION_STARTED
14:44:37.0 (155697)|CODE_UNIT_STARTED|[EXTERNAL]|0661n000005z0Z7|VF: /apex/p_WidgetFailures
14:44:37.0 (786603)|VF_DESERIALIZE_VIEWSTATE_BEGIN|0661n000005z0Z7
14:44:37.0 (7886060)|VF_DESERIALIZE_VIEWSTATE_END
14:44:37.0 (8344878)|SYSTEM_MODE_ENTER|true
14:44:37.0 (8397341)|SYSTEM_MODE_ENTER|false
14:44:37.0 (8417685)|SYSTEM_MODE_EXIT|false
14:44:37.0 (8832812)|SYSTEM_MODE_ENTER|true
14:44:37.0 (9230010)|SYSTEM_MODE_ENTER|false
14:44:37.0 (11801193)|SOQL_EXECUTE_BEGIN|[79]|Aggregations:0|Select Id, Name, Description, AccountId, Account.Name, LastModifiedDate From Opportunity Where Erro_comunicacao__c = true and Id Not In :myOppIds And CreatedDate > 2018-11-05T00:00:00Z And (N_de_expedicao__c = null Or N_de_expedicao__c = '0') Order By LastModifiedDate Desc
14:44:37.0 (54913316)|SOQL_EXECUTE_END|[79]|Rows:1
14:44:37.0 (55933238)|SOQL_EXECUTE_BEGIN|[79]|Aggregations:0|Select Id, Name, Description, AccountId, Account.Name, LastModifiedDate From Opportunity Where Id In :myOppIds and Erro_comunicacao__c = false And CreatedDate > 2018-11-05T00:00:00Z And (N_de_expedicao__c = null Or N_de_expedicao__c = '0') Order By LastModifiedDate Desc
14:44:37.0 (61098019)|SOQL_EXECUTE_END|[79]|Rows:0
14:44:37.0 (63635233)|SYSTEM_MODE_EXIT|false
14:44:37.0 (67059112)|SYSTEM_MODE_ENTER|true
14:44:37.0 (67950814)|SYSTEM_MODE_ENTER|true
14:44:37.0 (87472663)|VF_SERIALIZE_VIEWSTATE_BEGIN|0661n000005z0Z7
14:44:37.0 (91364118)|VF_SERIALIZE_VIEWSTATE_END
14:44:37.112 (112823432)|CUMULATIVE_LIMIT_USAGE
14:44:37.112 (112823432)|LIMIT_USAGE_FOR_NS|(default)|
  Number of SOQL queries: 2 out of 100
  Number of query rows: 1 out of 50000
  Number of SOSL queries: 0 out of 20
  Number of DML statements: 0 out of 150
  Number of DML rows: 0 out of 10000
  Maximum CPU time: 0 out of 10000
  Maximum heap size: 0 out of 6000000
  Number of callouts: 0 out of 100
  Number of Email Invocations: 0 out of 10
  Number of future calls: 0 out of 50
  Number of queueable jobs added to the queue: 0 out of 50
  Number of Mobile Apex push calls: 0 out of 10

14:44:37.112 (112823432)|CUMULATIVE_LIMIT_USAGE_END

14:44:37.0 (112869422)|CODE_UNIT_FINISHED|VF: /apex/p_WidgetFailures
14:44:37.0 (113655978)|EXECUTION_FINISHED
