43.0 APEX_CODE,DEBUG;APEX_PROFILING,INFO;CALLOUT,INFO;DB,INFO;NBA,INFO;SYSTEM,DEBUG;VALIDATION,INFO;VISUALFORCE,INFO;WAVE,INFO;WORKFLOW,INFO
14:45:51.0 (100694)|USER_INFO|[EXTERNAL]|0050Y000000OsfQ|marcoramos@stricker.pt|Western European Time|GMTZ
14:45:51.0 (294438)|EXECUTION_STARTED
14:45:51.0 (300910)|CODE_UNIT_STARTED|[EXTERNAL]|0661n000005z0Z7|VF: /apex/p_WidgetFailures
14:45:51.0 (896246)|VF_DESERIALIZE_VIEWSTATE_BEGIN|0661n000005z0Z7
14:45:51.0 (8210263)|VF_DESERIALIZE_VIEWSTATE_END
14:45:51.0 (8712541)|SYSTEM_MODE_ENTER|true
14:45:51.0 (8908855)|SYSTEM_MODE_ENTER|false
14:45:51.0 (8932776)|SYSTEM_MODE_EXIT|false
14:45:51.0 (9414734)|SYSTEM_MODE_ENTER|true
14:45:51.0 (9921882)|SYSTEM_MODE_ENTER|false
14:45:51.0 (12723133)|SOQL_EXECUTE_BEGIN|[79]|Aggregations:0|Select Id, Name, Description, AccountId, Account.Name, LastModifiedDate From Opportunity Where Erro_comunicacao__c = true and Id Not In :myOppIds And CreatedDate > 2018-11-05T00:00:00Z And (N_de_expedicao__c = null Or N_de_expedicao__c = '0') Order By LastModifiedDate Desc
14:45:51.0 (55915688)|SOQL_EXECUTE_END|[79]|Rows:1
14:45:51.0 (57453377)|SOQL_EXECUTE_BEGIN|[79]|Aggregations:0|Select Id, Name, Description, AccountId, Account.Name, LastModifiedDate From Opportunity Where Id In :myOppIds and Erro_comunicacao__c = false And CreatedDate > 2018-11-05T00:00:00Z And (N_de_expedicao__c = null Or N_de_expedicao__c = '0') Order By LastModifiedDate Desc
14:45:51.0 (63916888)|SOQL_EXECUTE_END|[79]|Rows:0
14:45:51.0 (67901648)|SYSTEM_MODE_EXIT|false
14:45:51.0 (72501014)|SYSTEM_MODE_ENTER|true
14:45:51.0 (73486474)|SYSTEM_MODE_ENTER|true
14:45:51.0 (98002841)|VF_SERIALIZE_VIEWSTATE_BEGIN|0661n000005z0Z7
14:45:51.0 (103777710)|VF_SERIALIZE_VIEWSTATE_END
14:45:51.142 (142206004)|CUMULATIVE_LIMIT_USAGE
14:45:51.142 (142206004)|LIMIT_USAGE_FOR_NS|(default)|
  Number of SOQL queries: 2 out of 100
  Number of query rows: 1 out of 50000
  Number of SOSL queries: 0 out of 20
  Number of DML statements: 0 out of 150
  Number of DML rows: 0 out of 10000
  Maximum CPU time: 0 out of 10000
  Maximum heap size: 0 out of 6000000
  Number of callouts: 0 out of 100
  Number of Email Invocations: 0 out of 10
  Number of future calls: 0 out of 50
  Number of queueable jobs added to the queue: 0 out of 50
  Number of Mobile Apex push calls: 0 out of 10

14:45:51.142 (142206004)|CUMULATIVE_LIMIT_USAGE_END

14:45:51.0 (142263133)|CODE_UNIT_FINISHED|VF: /apex/p_WidgetFailures
14:45:51.0 (143069433)|EXECUTION_FINISHED
