43.0 APEX_CODE,DEBUG;APEX_PROFILING,INFO;CALLOUT,INFO;DB,INFO;NBA,INFO;SYSTEM,DEBUG;VALIDATION,INFO;VISUALFORCE,INFO;WAVE,INFO;WORKFLOW,INFO
14:43:27.0 (135621)|USER_INFO|[EXTERNAL]|0050Y000000OsfQ|marcoramos@stricker.pt|Western European Time|GMTZ
14:43:27.0 (203414)|EXECUTION_STARTED
14:43:27.0 (220358)|CODE_UNIT_STARTED|[EXTERNAL]|0661n000005z0Z7|VF: /apex/p_WidgetFailures
14:43:27.0 (401179)|VF_DESERIALIZE_VIEWSTATE_BEGIN|0661n000005z0Z7
14:43:27.0 (8594149)|VF_DESERIALIZE_VIEWSTATE_END
14:43:27.0 (9103314)|SYSTEM_MODE_ENTER|true
14:43:27.0 (9167996)|SYSTEM_MODE_ENTER|false
14:43:27.0 (9193017)|SYSTEM_MODE_EXIT|false
14:43:27.0 (9647562)|SYSTEM_MODE_ENTER|true
14:43:27.0 (10069944)|SYSTEM_MODE_ENTER|false
14:43:27.0 (12557675)|SOQL_EXECUTE_BEGIN|[79]|Aggregations:0|Select Id, Name, Description, AccountId, Account.Name, LastModifiedDate From Opportunity Where Erro_comunicacao__c = true and Id Not In :myOppIds And CreatedDate > 2018-11-05T00:00:00Z And (N_de_expedicao__c = null Or N_de_expedicao__c = '0') Order By LastModifiedDate Desc
14:43:27.0 (64429604)|SOQL_EXECUTE_END|[79]|Rows:1
14:43:27.0 (65436169)|SOQL_EXECUTE_BEGIN|[79]|Aggregations:0|Select Id, Name, Description, AccountId, Account.Name, LastModifiedDate From Opportunity Where Id In :myOppIds and Erro_comunicacao__c = false And CreatedDate > 2018-11-05T00:00:00Z And (N_de_expedicao__c = null Or N_de_expedicao__c = '0') Order By LastModifiedDate Desc
14:43:27.0 (70449404)|SOQL_EXECUTE_END|[79]|Rows:0
14:43:27.0 (73776115)|SYSTEM_MODE_EXIT|false
14:43:27.0 (77210428)|SYSTEM_MODE_ENTER|true
14:43:27.0 (78030066)|SYSTEM_MODE_ENTER|true
14:43:27.0 (95704223)|VF_SERIALIZE_VIEWSTATE_BEGIN|0661n000005z0Z7
14:43:27.0 (99928429)|VF_SERIALIZE_VIEWSTATE_END
14:43:27.122 (122523727)|CUMULATIVE_LIMIT_USAGE
14:43:27.122 (122523727)|LIMIT_USAGE_FOR_NS|(default)|
  Number of SOQL queries: 2 out of 100
  Number of query rows: 1 out of 50000
  Number of SOSL queries: 0 out of 20
  Number of DML statements: 0 out of 150
  Number of DML rows: 0 out of 10000
  Maximum CPU time: 0 out of 10000
  Maximum heap size: 0 out of 6000000
  Number of callouts: 0 out of 100
  Number of Email Invocations: 0 out of 10
  Number of future calls: 0 out of 50
  Number of queueable jobs added to the queue: 0 out of 50
  Number of Mobile Apex push calls: 0 out of 10

14:43:27.122 (122523727)|CUMULATIVE_LIMIT_USAGE_END

14:43:27.0 (122578204)|CODE_UNIT_FINISHED|VF: /apex/p_WidgetFailures
14:43:27.0 (123211117)|EXECUTION_FINISHED
