43.0 APEX_CODE,DEBUG;APEX_PROFILING,INFO;CALLOUT,INFO;DB,INFO;NBA,INFO;SYSTEM,DEBUG;VALIDATION,INFO;VISUALFORCE,INFO;WAVE,INFO;WORKFLOW,INFO
14:10:11.0 (121438)|USER_INFO|[EXTERNAL]|0050Y000000P4Th|stepadmin@pstricker.proj|Fuso horário da Europa Ocidental|GMTZ
14:10:11.0 (165114)|EXECUTION_STARTED
14:10:11.0 (171887)|CODE_UNIT_STARTED|[EXTERNAL]|0661n000005z0Z7|VF: /apex/p_WidgetFailures
14:10:11.0 (835072)|VF_DESERIALIZE_VIEWSTATE_BEGIN|0661n000005z0Z7
14:10:11.0 (11974037)|VF_DESERIALIZE_VIEWSTATE_END
14:10:11.0 (12576004)|SYSTEM_MODE_ENTER|true
14:10:11.0 (12649071)|SYSTEM_MODE_ENTER|false
14:10:11.0 (12684302)|SYSTEM_MODE_EXIT|false
14:10:11.0 (13707673)|SYSTEM_MODE_ENTER|true
14:10:11.0 (14316178)|SYSTEM_MODE_ENTER|false
14:10:11.0 (16681924)|SOQL_EXECUTE_BEGIN|[79]|Aggregations:0|Select Id, Name, Description, AccountId, Account.Name, LastModifiedDate From Opportunity Where Erro_comunicacao__c = true and Id Not In :myOppIds And CreatedDate > 2018-11-05T00:00:00Z And (N_de_expedicao__c = null Or N_de_expedicao__c = '0') Order By LastModifiedDate Desc
14:10:11.0 (66231109)|SOQL_EXECUTE_END|[79]|Rows:1
14:10:11.0 (67932389)|SOQL_EXECUTE_BEGIN|[79]|Aggregations:0|Select Id, Name, Description, AccountId, Account.Name, LastModifiedDate From Opportunity Where Id In :myOppIds and Erro_comunicacao__c = false And CreatedDate > 2018-11-05T00:00:00Z And (N_de_expedicao__c = null Or N_de_expedicao__c = '0') Order By LastModifiedDate Desc
14:10:11.0 (75911174)|SOQL_EXECUTE_END|[79]|Rows:0
14:10:11.0 (78951753)|SYSTEM_MODE_EXIT|false
14:10:11.0 (84401679)|SYSTEM_MODE_ENTER|true
14:10:11.0 (85618461)|SYSTEM_MODE_ENTER|true
14:10:11.0 (128663655)|VF_SERIALIZE_VIEWSTATE_BEGIN|0661n000005z0Z7
14:10:11.0 (138202568)|VF_SERIALIZE_VIEWSTATE_END
14:10:11.168 (168641150)|CUMULATIVE_LIMIT_USAGE
14:10:11.168 (168641150)|LIMIT_USAGE_FOR_NS|(default)|
  Number of SOQL queries: 2 out of 100
  Number of query rows: 1 out of 50000
  Number of SOSL queries: 0 out of 20
  Number of DML statements: 0 out of 150
  Number of DML rows: 0 out of 10000
  Maximum CPU time: 0 out of 10000
  Maximum heap size: 0 out of 6000000
  Number of callouts: 0 out of 100
  Number of Email Invocations: 0 out of 10
  Number of future calls: 0 out of 50
  Number of queueable jobs added to the queue: 0 out of 50
  Number of Mobile Apex push calls: 0 out of 10

14:10:11.168 (168641150)|CUMULATIVE_LIMIT_USAGE_END

14:10:11.0 (168718230)|CODE_UNIT_FINISHED|VF: /apex/p_WidgetFailures
14:10:11.0 (169738637)|EXECUTION_FINISHED
