43.0 APEX_CODE,DEBUG;APEX_PROFILING,INFO;CALLOUT,INFO;DB,INFO;NBA,INFO;SYSTEM,DEBUG;VALIDATION,INFO;VISUALFORCE,INFO;WAVE,INFO;WORKFLOW,INFO
14:22:42.0 (101926)|USER_INFO|[EXTERNAL]|0050Y000000OsfQ|marcoramos@stricker.pt|Western European Time|GMTZ
14:22:42.0 (150770)|EXECUTION_STARTED
14:22:42.0 (155607)|CODE_UNIT_STARTED|[EXTERNAL]|0661n000005z0Z7|VF: /apex/p_WidgetFailures
14:22:42.0 (782212)|VF_DESERIALIZE_VIEWSTATE_BEGIN|0661n000005z0Z7
14:22:42.0 (9520203)|VF_DESERIALIZE_VIEWSTATE_END
14:22:42.0 (68235881)|SYSTEM_MODE_ENTER|true
14:22:42.0 (68337221)|SYSTEM_MODE_ENTER|false
14:22:42.0 (68388264)|SYSTEM_MODE_EXIT|false
14:22:42.0 (69107425)|SYSTEM_MODE_ENTER|true
14:22:42.0 (69768074)|SYSTEM_MODE_ENTER|false
14:22:42.0 (72885867)|SOQL_EXECUTE_BEGIN|[79]|Aggregations:0|Select Id, Name, Description, AccountId, Account.Name, LastModifiedDate From Opportunity Where Erro_comunicacao__c = true and Id Not In :myOppIds And CreatedDate > 2018-11-05T00:00:00Z And (N_de_expedicao__c = null Or N_de_expedicao__c = '0') Order By LastModifiedDate Desc
14:22:42.0 (581917752)|SOQL_EXECUTE_END|[79]|Rows:1
14:22:42.0 (584050999)|SOQL_EXECUTE_BEGIN|[79]|Aggregations:0|Select Id, Name, Description, AccountId, Account.Name, LastModifiedDate From Opportunity Where Id In :myOppIds and Erro_comunicacao__c = false And CreatedDate > 2018-11-05T00:00:00Z And (N_de_expedicao__c = null Or N_de_expedicao__c = '0') Order By LastModifiedDate Desc
14:22:42.0 (599455695)|SOQL_EXECUTE_END|[79]|Rows:0
14:22:42.0 (603513135)|SYSTEM_MODE_EXIT|false
14:22:42.0 (627740210)|SYSTEM_MODE_ENTER|true
14:22:42.0 (629239819)|SYSTEM_MODE_ENTER|true
14:22:42.0 (652909236)|VF_SERIALIZE_VIEWSTATE_BEGIN|0661n000005z0Z7
14:22:42.0 (657275244)|VF_SERIALIZE_VIEWSTATE_END
14:22:42.698 (698451852)|CUMULATIVE_LIMIT_USAGE
14:22:42.698 (698451852)|LIMIT_USAGE_FOR_NS|(default)|
  Number of SOQL queries: 2 out of 100
  Number of query rows: 1 out of 50000
  Number of SOSL queries: 0 out of 20
  Number of DML statements: 0 out of 150
  Number of DML rows: 0 out of 10000
  Maximum CPU time: 0 out of 10000
  Maximum heap size: 0 out of 6000000
  Number of callouts: 0 out of 100
  Number of Email Invocations: 0 out of 10
  Number of future calls: 0 out of 50
  Number of queueable jobs added to the queue: 0 out of 50
  Number of Mobile Apex push calls: 0 out of 10

14:22:42.698 (698451852)|CUMULATIVE_LIMIT_USAGE_END

14:22:42.0 (698554699)|CODE_UNIT_FINISHED|VF: /apex/p_WidgetFailures
14:22:42.0 (699376971)|EXECUTION_FINISHED
