43.0 APEX_CODE,DEBUG;APEX_PROFILING,INFO;CALLOUT,INFO;DB,INFO;NBA,INFO;SYSTEM,DEBUG;VALIDATION,INFO;VISUALFORCE,INFO;WAVE,INFO;WORKFLOW,INFO
14:18:57.0 (123870)|USER_INFO|[EXTERNAL]|0050Y000000OsfQ|marcoramos@stricker.pt|Western European Time|GMTZ
14:18:57.0 (194639)|EXECUTION_STARTED
14:18:57.0 (205611)|CODE_UNIT_STARTED|[EXTERNAL]|0661n000005z0Z7|VF: /apex/p_WidgetFailures
14:18:57.0 (814376)|VF_DESERIALIZE_VIEWSTATE_BEGIN|0661n000005z0Z7
14:18:57.0 (53752643)|VF_DESERIALIZE_VIEWSTATE_END
14:18:57.0 (54367408)|SYSTEM_MODE_ENTER|true
14:18:57.0 (54588504)|SYSTEM_MODE_ENTER|false
14:18:57.0 (54623569)|SYSTEM_MODE_EXIT|false
14:18:57.0 (55118432)|SYSTEM_MODE_ENTER|true
14:18:57.0 (55559163)|SYSTEM_MODE_ENTER|false
14:18:57.0 (57890169)|SOQL_EXECUTE_BEGIN|[79]|Aggregations:0|Select Id, Name, Description, AccountId, Account.Name, LastModifiedDate From Opportunity Where Erro_comunicacao__c = true and Id Not In :myOppIds And CreatedDate > 2018-11-05T00:00:00Z And (N_de_expedicao__c = null Or N_de_expedicao__c = '0') Order By LastModifiedDate Desc
14:18:57.0 (100732094)|SOQL_EXECUTE_END|[79]|Rows:1
14:18:57.0 (102223547)|SOQL_EXECUTE_BEGIN|[79]|Aggregations:0|Select Id, Name, Description, AccountId, Account.Name, LastModifiedDate From Opportunity Where Id In :myOppIds and Erro_comunicacao__c = false And CreatedDate > 2018-11-05T00:00:00Z And (N_de_expedicao__c = null Or N_de_expedicao__c = '0') Order By LastModifiedDate Desc
14:18:57.0 (108023946)|SOQL_EXECUTE_END|[79]|Rows:0
14:18:57.0 (110737657)|SYSTEM_MODE_EXIT|false
14:18:57.0 (113828346)|SYSTEM_MODE_ENTER|true
14:18:57.0 (114620482)|SYSTEM_MODE_ENTER|true
14:18:57.0 (132578785)|VF_SERIALIZE_VIEWSTATE_BEGIN|0661n000005z0Z7
14:18:57.0 (136631335)|VF_SERIALIZE_VIEWSTATE_END
14:18:57.158 (158702369)|CUMULATIVE_LIMIT_USAGE
14:18:57.158 (158702369)|LIMIT_USAGE_FOR_NS|(default)|
  Number of SOQL queries: 2 out of 100
  Number of query rows: 1 out of 50000
  Number of SOSL queries: 0 out of 20
  Number of DML statements: 0 out of 150
  Number of DML rows: 0 out of 10000
  Maximum CPU time: 0 out of 10000
  Maximum heap size: 0 out of 6000000
  Number of callouts: 0 out of 100
  Number of Email Invocations: 0 out of 10
  Number of future calls: 0 out of 50
  Number of queueable jobs added to the queue: 0 out of 50
  Number of Mobile Apex push calls: 0 out of 10

14:18:57.158 (158702369)|CUMULATIVE_LIMIT_USAGE_END

14:18:57.0 (158757380)|CODE_UNIT_FINISHED|VF: /apex/p_WidgetFailures
14:18:57.0 (159480468)|EXECUTION_FINISHED
