40.0 APEX_CODE,DEBUG;APEX_PROFILING,INFO;CALLOUT,INFO;DB,INFO;NBA,INFO;SYSTEM,DEBUG;VALIDATION,INFO;VISUALFORCE,INFO;WAVE,INFO;WORKFLOW,INFO
14:18:42.0 (102737)|USER_INFO|[EXTERNAL]|0050Y000000OsfQ|marcoramos@stricker.pt|Western European Time|GMTZ
14:18:42.0 (149220)|EXECUTION_STARTED
14:18:42.0 (155014)|CODE_UNIT_STARTED|[EXTERNAL]|0660Y000005Vxqc|VF: /apex/p_SalesPath
14:18:42.0 (16964735)|VF_SERIALIZE_VIEWSTATE_BEGIN|0660Y000005Vxqc
14:18:42.0 (18987529)|VF_SERIALIZE_VIEWSTATE_END
14:18:42.21 (21345805)|CUMULATIVE_LIMIT_USAGE
14:18:42.21 (21345805)|LIMIT_USAGE_FOR_NS|(default)|
  Number of SOQL queries: 0 out of 100
  Number of query rows: 0 out of 50000
  Number of SOSL queries: 0 out of 20
  Number of DML statements: 0 out of 150
  Number of DML rows: 0 out of 10000
  Maximum CPU time: 0 out of 10000
  Maximum heap size: 0 out of 6000000
  Number of callouts: 0 out of 100
  Number of Email Invocations: 0 out of 10
  Number of future calls: 0 out of 50
  Number of queueable jobs added to the queue: 0 out of 50
  Number of Mobile Apex push calls: 0 out of 10

14:18:42.21 (21345805)|CUMULATIVE_LIMIT_USAGE_END

14:18:42.0 (21404172)|CODE_UNIT_FINISHED|VF: /apex/p_SalesPath
14:18:42.0 (22099870)|EXECUTION_FINISHED
