43.0 APEX_CODE,DEBUG;APEX_PROFILING,INFO;CALLOUT,INFO;DB,INFO;NBA,INFO;SYSTEM,DEBUG;VALIDATION,INFO;VISUALFORCE,INFO;WAVE,INFO;WORKFLOW,INFO
14:22:17.0 (111723)|USER_INFO|[EXTERNAL]|0050Y000000P4Th|stepadmin@pstricker.proj|Fuso horário da Europa Ocidental|GMTZ
14:22:17.0 (150407)|EXECUTION_STARTED
14:22:17.0 (167701)|CODE_UNIT_STARTED|[EXTERNAL]|0661n000005z0Z7|VF: /apex/p_WidgetFailures
14:22:17.0 (338577)|VF_DESERIALIZE_VIEWSTATE_BEGIN|0661n000005z0Z7
14:22:17.0 (7883670)|VF_DESERIALIZE_VIEWSTATE_END
14:22:17.0 (8359799)|SYSTEM_MODE_ENTER|true
14:22:17.0 (8412964)|SYSTEM_MODE_ENTER|false
14:22:17.0 (8433848)|SYSTEM_MODE_EXIT|false
14:22:17.0 (8880547)|SYSTEM_MODE_ENTER|true
14:22:17.0 (9339505)|SYSTEM_MODE_ENTER|false
14:22:17.0 (11698266)|SOQL_EXECUTE_BEGIN|[79]|Aggregations:0|Select Id, Name, Description, AccountId, Account.Name, LastModifiedDate From Opportunity Where Erro_comunicacao__c = true and Id Not In :myOppIds And CreatedDate > 2018-11-05T00:00:00Z And (N_de_expedicao__c = null Or N_de_expedicao__c = '0') Order By LastModifiedDate Desc
14:22:17.0 (52220811)|SOQL_EXECUTE_END|[79]|Rows:1
14:22:17.0 (53296690)|SOQL_EXECUTE_BEGIN|[79]|Aggregations:0|Select Id, Name, Description, AccountId, Account.Name, LastModifiedDate From Opportunity Where Id In :myOppIds and Erro_comunicacao__c = false And CreatedDate > 2018-11-05T00:00:00Z And (N_de_expedicao__c = null Or N_de_expedicao__c = '0') Order By LastModifiedDate Desc
14:22:17.0 (58335538)|SOQL_EXECUTE_END|[79]|Rows:0
14:22:17.0 (60694423)|SYSTEM_MODE_EXIT|false
14:22:17.0 (63868831)|SYSTEM_MODE_ENTER|true
14:22:17.0 (64478453)|SYSTEM_MODE_ENTER|true
14:22:17.0 (82229019)|VF_SERIALIZE_VIEWSTATE_BEGIN|0661n000005z0Z7
14:22:17.0 (86221574)|VF_SERIALIZE_VIEWSTATE_END
14:22:17.109 (109163492)|CUMULATIVE_LIMIT_USAGE
14:22:17.109 (109163492)|LIMIT_USAGE_FOR_NS|(default)|
  Number of SOQL queries: 2 out of 100
  Number of query rows: 1 out of 50000
  Number of SOSL queries: 0 out of 20
  Number of DML statements: 0 out of 150
  Number of DML rows: 0 out of 10000
  Maximum CPU time: 0 out of 10000
  Maximum heap size: 0 out of 6000000
  Number of callouts: 0 out of 100
  Number of Email Invocations: 0 out of 10
  Number of future calls: 0 out of 50
  Number of queueable jobs added to the queue: 0 out of 50
  Number of Mobile Apex push calls: 0 out of 10

14:22:17.109 (109163492)|CUMULATIVE_LIMIT_USAGE_END

14:22:17.0 (109229538)|CODE_UNIT_FINISHED|VF: /apex/p_WidgetFailures
14:22:17.0 (109985375)|EXECUTION_FINISHED
