43.0 APEX_CODE,DEBUG;APEX_PROFILING,INFO;CALLOUT,INFO;DB,INFO;NBA,INFO;SYSTEM,DEBUG;VALIDATION,INFO;VISUALFORCE,INFO;WAVE,INFO;WORKFLOW,INFO
14:41:54.0 (151226)|USER_INFO|[EXTERNAL]|0050Y000000OsfQ|marcoramos@stricker.pt|Western European Time|GMTZ
14:41:54.0 (213136)|EXECUTION_STARTED
14:41:54.0 (228890)|CODE_UNIT_STARTED|[EXTERNAL]|0661n000005z0Z7|VF: /apex/p_WidgetFailures
14:41:54.0 (928633)|VF_DESERIALIZE_VIEWSTATE_BEGIN|0661n000005z0Z7
14:41:54.0 (8232413)|VF_DESERIALIZE_VIEWSTATE_END
14:41:54.0 (8831088)|SYSTEM_MODE_ENTER|true
14:41:54.0 (8897282)|SYSTEM_MODE_ENTER|false
14:41:54.0 (8960829)|SYSTEM_MODE_EXIT|false
14:41:54.0 (9526410)|SYSTEM_MODE_ENTER|true
14:41:54.0 (10045847)|SYSTEM_MODE_ENTER|false
14:41:54.0 (12999170)|SOQL_EXECUTE_BEGIN|[79]|Aggregations:0|Select Id, Name, Description, AccountId, Account.Name, LastModifiedDate From Opportunity Where Erro_comunicacao__c = true and Id Not In :myOppIds And CreatedDate > 2018-11-05T00:00:00Z And (N_de_expedicao__c = null Or N_de_expedicao__c = '0') Order By LastModifiedDate Desc
14:41:54.0 (56019860)|SOQL_EXECUTE_END|[79]|Rows:1
14:41:54.0 (57212189)|SOQL_EXECUTE_BEGIN|[79]|Aggregations:0|Select Id, Name, Description, AccountId, Account.Name, LastModifiedDate From Opportunity Where Id In :myOppIds and Erro_comunicacao__c = false And CreatedDate > 2018-11-05T00:00:00Z And (N_de_expedicao__c = null Or N_de_expedicao__c = '0') Order By LastModifiedDate Desc
14:41:54.0 (62855849)|SOQL_EXECUTE_END|[79]|Rows:0
14:41:54.0 (65358160)|SYSTEM_MODE_EXIT|false
14:41:54.0 (68691350)|SYSTEM_MODE_ENTER|true
14:41:54.0 (69405902)|SYSTEM_MODE_ENTER|true
14:41:54.0 (86749827)|VF_SERIALIZE_VIEWSTATE_BEGIN|0661n000005z0Z7
14:41:54.0 (91011554)|VF_SERIALIZE_VIEWSTATE_END
14:41:54.109 (109778089)|CUMULATIVE_LIMIT_USAGE
14:41:54.109 (109778089)|LIMIT_USAGE_FOR_NS|(default)|
  Number of SOQL queries: 2 out of 100
  Number of query rows: 1 out of 50000
  Number of SOSL queries: 0 out of 20
  Number of DML statements: 0 out of 150
  Number of DML rows: 0 out of 10000
  Maximum CPU time: 0 out of 10000
  Maximum heap size: 0 out of 6000000
  Number of callouts: 0 out of 100
  Number of Email Invocations: 0 out of 10
  Number of future calls: 0 out of 50
  Number of queueable jobs added to the queue: 0 out of 50
  Number of Mobile Apex push calls: 0 out of 10

14:41:54.109 (109778089)|CUMULATIVE_LIMIT_USAGE_END

14:41:54.0 (109835869)|CODE_UNIT_FINISHED|VF: /apex/p_WidgetFailures
14:41:54.0 (110670148)|EXECUTION_FINISHED
