43.0 APEX_CODE,DEBUG;APEX_PROFILING,INFO;CALLOUT,INFO;DB,INFO;NBA,INFO;SYSTEM,DEBUG;VALIDATION,INFO;VISUALFORCE,INFO;WAVE,INFO;WORKFLOW,INFO
14:18:46.0 (113471)|USER_INFO|[EXTERNAL]|0050Y000000OsfQ|marcoramos@stricker.pt|Western European Time|GMTZ
14:18:46.0 (153810)|EXECUTION_STARTED
14:18:46.0 (160124)|CODE_UNIT_STARTED|[EXTERNAL]|0661n000005z0Z7|VF: /apex/p_WidgetFailures
14:18:46.0 (814021)|VF_DESERIALIZE_VIEWSTATE_BEGIN|0661n000005z0Z7
14:18:46.0 (7874288)|VF_DESERIALIZE_VIEWSTATE_END
14:18:46.0 (8397348)|SYSTEM_MODE_ENTER|true
14:18:46.0 (8454620)|SYSTEM_MODE_ENTER|false
14:18:46.0 (8481332)|SYSTEM_MODE_EXIT|false
14:18:46.0 (9016976)|SYSTEM_MODE_ENTER|true
14:18:46.0 (9385302)|SYSTEM_MODE_ENTER|false
14:18:46.0 (11505236)|SOQL_EXECUTE_BEGIN|[79]|Aggregations:0|Select Id, Name, Description, AccountId, Account.Name, LastModifiedDate From Opportunity Where Erro_comunicacao__c = true and Id Not In :myOppIds And CreatedDate > 2018-11-05T00:00:00Z And (N_de_expedicao__c = null Or N_de_expedicao__c = '0') Order By LastModifiedDate Desc
14:18:46.0 (128690116)|SOQL_EXECUTE_END|[79]|Rows:1
14:18:46.0 (130284614)|SOQL_EXECUTE_BEGIN|[79]|Aggregations:0|Select Id, Name, Description, AccountId, Account.Name, LastModifiedDate From Opportunity Where Id In :myOppIds and Erro_comunicacao__c = false And CreatedDate > 2018-11-05T00:00:00Z And (N_de_expedicao__c = null Or N_de_expedicao__c = '0') Order By LastModifiedDate Desc
14:18:46.0 (137463583)|SOQL_EXECUTE_END|[79]|Rows:0
14:18:46.0 (140875583)|SYSTEM_MODE_EXIT|false
14:18:46.0 (144167167)|SYSTEM_MODE_ENTER|true
14:18:46.0 (144861000)|SYSTEM_MODE_ENTER|true
14:18:46.0 (201663246)|VF_SERIALIZE_VIEWSTATE_BEGIN|0661n000005z0Z7
14:18:46.0 (205673058)|VF_SERIALIZE_VIEWSTATE_END
14:18:46.227 (227498383)|CUMULATIVE_LIMIT_USAGE
14:18:46.227 (227498383)|LIMIT_USAGE_FOR_NS|(default)|
  Number of SOQL queries: 2 out of 100
  Number of query rows: 1 out of 50000
  Number of SOSL queries: 0 out of 20
  Number of DML statements: 0 out of 150
  Number of DML rows: 0 out of 10000
  Maximum CPU time: 0 out of 10000
  Maximum heap size: 0 out of 6000000
  Number of callouts: 0 out of 100
  Number of Email Invocations: 0 out of 10
  Number of future calls: 0 out of 50
  Number of queueable jobs added to the queue: 0 out of 50
  Number of Mobile Apex push calls: 0 out of 10

14:18:46.227 (227498383)|CUMULATIVE_LIMIT_USAGE_END

14:18:46.0 (227555410)|CODE_UNIT_FINISHED|VF: /apex/p_WidgetFailures
14:18:46.0 (228532061)|EXECUTION_FINISHED
