43.0 APEX_CODE,DEBUG;APEX_PROFILING,INFO;CALLOUT,INFO;DB,INFO;NBA,INFO;SYSTEM,DEBUG;VALIDATION,INFO;VISUALFORCE,INFO;WAVE,INFO;WORKFLOW,INFO
14:44:18.0 (98754)|USER_INFO|[EXTERNAL]|0050Y000000P4Th|stepadmin@pstricker.proj|Fuso horário da Europa Ocidental|GMTZ
14:44:18.0 (139737)|EXECUTION_STARTED
14:44:18.0 (146104)|CODE_UNIT_STARTED|[EXTERNAL]|0661n000005z0Z7|VF: /apex/p_WidgetFailures
14:44:18.0 (332121)|VF_DESERIALIZE_VIEWSTATE_BEGIN|0661n000005z0Z7
14:44:18.0 (7646448)|VF_DESERIALIZE_VIEWSTATE_END
14:44:18.0 (8167423)|SYSTEM_MODE_ENTER|true
14:44:18.0 (8228676)|SYSTEM_MODE_ENTER|false
14:44:18.0 (8262443)|SYSTEM_MODE_EXIT|false
14:44:18.0 (8812936)|SYSTEM_MODE_ENTER|true
14:44:18.0 (9241340)|SYSTEM_MODE_ENTER|false
14:44:18.0 (11484369)|SOQL_EXECUTE_BEGIN|[79]|Aggregations:0|Select Id, Name, Description, AccountId, Account.Name, LastModifiedDate From Opportunity Where Erro_comunicacao__c = true and Id Not In :myOppIds And CreatedDate > 2018-11-05T00:00:00Z And (N_de_expedicao__c = null Or N_de_expedicao__c = '0') Order By LastModifiedDate Desc
14:44:18.0 (51326723)|SOQL_EXECUTE_END|[79]|Rows:1
14:44:18.0 (52831589)|SOQL_EXECUTE_BEGIN|[79]|Aggregations:0|Select Id, Name, Description, AccountId, Account.Name, LastModifiedDate From Opportunity Where Id In :myOppIds and Erro_comunicacao__c = false And CreatedDate > 2018-11-05T00:00:00Z And (N_de_expedicao__c = null Or N_de_expedicao__c = '0') Order By LastModifiedDate Desc
14:44:18.0 (62303452)|SOQL_EXECUTE_END|[79]|Rows:0
14:44:18.0 (66391780)|SYSTEM_MODE_EXIT|false
14:44:18.0 (70973182)|SYSTEM_MODE_ENTER|true
14:44:18.0 (71989005)|SYSTEM_MODE_ENTER|true
14:44:18.0 (98938346)|VF_SERIALIZE_VIEWSTATE_BEGIN|0661n000005z0Z7
14:44:18.0 (105049889)|VF_SERIALIZE_VIEWSTATE_END
14:44:18.145 (145169184)|CUMULATIVE_LIMIT_USAGE
14:44:18.145 (145169184)|LIMIT_USAGE_FOR_NS|(default)|
  Number of SOQL queries: 2 out of 100
  Number of query rows: 1 out of 50000
  Number of SOSL queries: 0 out of 20
  Number of DML statements: 0 out of 150
  Number of DML rows: 0 out of 10000
  Maximum CPU time: 0 out of 10000
  Maximum heap size: 0 out of 6000000
  Number of callouts: 0 out of 100
  Number of Email Invocations: 0 out of 10
  Number of future calls: 0 out of 50
  Number of queueable jobs added to the queue: 0 out of 50
  Number of Mobile Apex push calls: 0 out of 10

14:44:18.145 (145169184)|CUMULATIVE_LIMIT_USAGE_END

14:44:18.0 (145232491)|CODE_UNIT_FINISHED|VF: /apex/p_WidgetFailures
14:44:18.0 (145998679)|EXECUTION_FINISHED
