43.0 APEX_CODE,DEBUG;APEX_PROFILING,INFO;CALLOUT,INFO;DB,INFO;NBA,INFO;SYSTEM,DEBUG;VALIDATION,INFO;VISUALFORCE,INFO;WAVE,INFO;WORKFLOW,INFO
14:18:06.0 (116294)|USER_INFO|[EXTERNAL]|0050Y000000OsfQ|marcoramos@stricker.pt|Western European Time|GMTZ
14:18:06.0 (149947)|EXECUTION_STARTED
14:18:06.0 (156990)|CODE_UNIT_STARTED|[EXTERNAL]|0661n000005z0Z7|VF: /apex/p_WidgetFailures
14:18:06.0 (347040)|VF_DESERIALIZE_VIEWSTATE_BEGIN|0661n000005z0Z7
14:18:06.0 (8955677)|VF_DESERIALIZE_VIEWSTATE_END
14:18:06.0 (9498889)|SYSTEM_MODE_ENTER|true
14:18:06.0 (9692344)|SYSTEM_MODE_ENTER|false
14:18:06.0 (9712350)|SYSTEM_MODE_EXIT|false
14:18:06.0 (10329720)|SYSTEM_MODE_ENTER|true
14:18:06.0 (10759994)|SYSTEM_MODE_ENTER|false
14:18:06.0 (12965957)|SOQL_EXECUTE_BEGIN|[79]|Aggregations:0|Select Id, Name, Description, AccountId, Account.Name, LastModifiedDate From Opportunity Where Erro_comunicacao__c = true and Id Not In :myOppIds And CreatedDate > 2018-11-05T00:00:00Z And (N_de_expedicao__c = null Or N_de_expedicao__c = '0') Order By LastModifiedDate Desc
14:18:06.0 (59240097)|SOQL_EXECUTE_END|[79]|Rows:1
14:18:06.0 (60488644)|SOQL_EXECUTE_BEGIN|[79]|Aggregations:0|Select Id, Name, Description, AccountId, Account.Name, LastModifiedDate From Opportunity Where Id In :myOppIds and Erro_comunicacao__c = false And CreatedDate > 2018-11-05T00:00:00Z And (N_de_expedicao__c = null Or N_de_expedicao__c = '0') Order By LastModifiedDate Desc
14:18:06.0 (68494693)|SOQL_EXECUTE_END|[79]|Rows:0
14:18:06.0 (73059392)|SYSTEM_MODE_EXIT|false
14:18:06.0 (77560963)|SYSTEM_MODE_ENTER|true
14:18:06.0 (78322927)|SYSTEM_MODE_ENTER|true
14:18:06.0 (101811270)|VF_SERIALIZE_VIEWSTATE_BEGIN|0661n000005z0Z7
14:18:06.0 (106822905)|VF_SERIALIZE_VIEWSTATE_END
14:18:06.132 (132878068)|CUMULATIVE_LIMIT_USAGE
14:18:06.132 (132878068)|LIMIT_USAGE_FOR_NS|(default)|
  Number of SOQL queries: 2 out of 100
  Number of query rows: 1 out of 50000
  Number of SOSL queries: 0 out of 20
  Number of DML statements: 0 out of 150
  Number of DML rows: 0 out of 10000
  Maximum CPU time: 0 out of 10000
  Maximum heap size: 0 out of 6000000
  Number of callouts: 0 out of 100
  Number of Email Invocations: 0 out of 10
  Number of future calls: 0 out of 50
  Number of queueable jobs added to the queue: 0 out of 50
  Number of Mobile Apex push calls: 0 out of 10

14:18:06.132 (132878068)|CUMULATIVE_LIMIT_USAGE_END

14:18:06.0 (132936586)|CODE_UNIT_FINISHED|VF: /apex/p_WidgetFailures
14:18:06.0 (133739012)|EXECUTION_FINISHED
