43.0 APEX_CODE,DEBUG;APEX_PROFILING,INFO;CALLOUT,INFO;DB,INFO;NBA,INFO;SYSTEM,DEBUG;VALIDATION,INFO;VISUALFORCE,INFO;WAVE,INFO;WORKFLOW,INFO
14:21:15.0 (105833)|USER_INFO|[EXTERNAL]|0050Y000000P4Th|stepadmin@pstricker.proj|Fuso horário da Europa Ocidental|GMTZ
14:21:15.0 (141663)|EXECUTION_STARTED
14:21:15.0 (151755)|CODE_UNIT_STARTED|[EXTERNAL]|0661n000005z0Z7|VF: /apex/p_WidgetFailures
14:21:15.0 (356624)|VF_DESERIALIZE_VIEWSTATE_BEGIN|0661n000005z0Z7
14:21:15.0 (7267628)|VF_DESERIALIZE_VIEWSTATE_END
14:21:15.0 (7752608)|SYSTEM_MODE_ENTER|true
14:21:15.0 (7958458)|SYSTEM_MODE_ENTER|false
14:21:15.0 (7983004)|SYSTEM_MODE_EXIT|false
14:21:15.0 (8467231)|SYSTEM_MODE_ENTER|true
14:21:15.0 (8887218)|SYSTEM_MODE_ENTER|false
14:21:15.0 (10865495)|SOQL_EXECUTE_BEGIN|[79]|Aggregations:0|Select Id, Name, Description, AccountId, Account.Name, LastModifiedDate From Opportunity Where Erro_comunicacao__c = true and Id Not In :myOppIds And CreatedDate > 2018-11-05T00:00:00Z And (N_de_expedicao__c = null Or N_de_expedicao__c = '0') Order By LastModifiedDate Desc
14:21:15.0 (50174138)|SOQL_EXECUTE_END|[79]|Rows:1
14:21:15.0 (51705271)|SOQL_EXECUTE_BEGIN|[79]|Aggregations:0|Select Id, Name, Description, AccountId, Account.Name, LastModifiedDate From Opportunity Where Id In :myOppIds and Erro_comunicacao__c = false And CreatedDate > 2018-11-05T00:00:00Z And (N_de_expedicao__c = null Or N_de_expedicao__c = '0') Order By LastModifiedDate Desc
14:21:15.0 (57348712)|SOQL_EXECUTE_END|[79]|Rows:0
14:21:15.0 (60672122)|SYSTEM_MODE_EXIT|false
14:21:15.0 (64468947)|SYSTEM_MODE_ENTER|true
14:21:15.0 (65199033)|SYSTEM_MODE_ENTER|true
14:21:15.0 (82750474)|VF_SERIALIZE_VIEWSTATE_BEGIN|0661n000005z0Z7
14:21:15.0 (87650270)|VF_SERIALIZE_VIEWSTATE_END
14:21:15.107 (107307512)|CUMULATIVE_LIMIT_USAGE
14:21:15.107 (107307512)|LIMIT_USAGE_FOR_NS|(default)|
  Number of SOQL queries: 2 out of 100
  Number of query rows: 1 out of 50000
  Number of SOSL queries: 0 out of 20
  Number of DML statements: 0 out of 150
  Number of DML rows: 0 out of 10000
  Maximum CPU time: 0 out of 10000
  Maximum heap size: 0 out of 6000000
  Number of callouts: 0 out of 100
  Number of Email Invocations: 0 out of 10
  Number of future calls: 0 out of 50
  Number of queueable jobs added to the queue: 0 out of 50
  Number of Mobile Apex push calls: 0 out of 10

14:21:15.107 (107307512)|CUMULATIVE_LIMIT_USAGE_END

14:21:15.0 (107391491)|CODE_UNIT_FINISHED|VF: /apex/p_WidgetFailures
14:21:15.0 (108294688)|EXECUTION_FINISHED
