43.0 APEX_CODE,DEBUG;APEX_PROFILING,INFO;CALLOUT,INFO;DB,INFO;NBA,INFO;SYSTEM,DEBUG;VALIDATION,INFO;VISUALFORCE,INFO;WAVE,INFO;WORKFLOW,INFO
14:41:40.0 (117410)|USER_INFO|[EXTERNAL]|0050Y000000P4Th|stepadmin@pstricker.proj|Fuso horário da Europa Ocidental|GMTZ
14:41:40.0 (174713)|EXECUTION_STARTED
14:41:40.0 (182205)|CODE_UNIT_STARTED|[EXTERNAL]|0661n000005z0Z7|VF: /apex/p_WidgetFailures
14:41:40.0 (349785)|VF_DESERIALIZE_VIEWSTATE_BEGIN|0661n000005z0Z7
14:41:40.0 (7350845)|VF_DESERIALIZE_VIEWSTATE_END
14:41:40.0 (7821674)|SYSTEM_MODE_ENTER|true
14:41:40.0 (7871551)|SYSTEM_MODE_ENTER|false
14:41:40.0 (7895068)|SYSTEM_MODE_EXIT|false
14:41:40.0 (8359721)|SYSTEM_MODE_ENTER|true
14:41:40.0 (8732729)|SYSTEM_MODE_ENTER|false
14:41:40.0 (10984660)|SOQL_EXECUTE_BEGIN|[79]|Aggregations:0|Select Id, Name, Description, AccountId, Account.Name, LastModifiedDate From Opportunity Where Erro_comunicacao__c = true and Id Not In :myOppIds And CreatedDate > 2018-11-05T00:00:00Z And (N_de_expedicao__c = null Or N_de_expedicao__c = '0') Order By LastModifiedDate Desc
14:41:40.0 (59940484)|SOQL_EXECUTE_END|[79]|Rows:1
14:41:40.0 (61148614)|SOQL_EXECUTE_BEGIN|[79]|Aggregations:0|Select Id, Name, Description, AccountId, Account.Name, LastModifiedDate From Opportunity Where Id In :myOppIds and Erro_comunicacao__c = false And CreatedDate > 2018-11-05T00:00:00Z And (N_de_expedicao__c = null Or N_de_expedicao__c = '0') Order By LastModifiedDate Desc
14:41:40.0 (66804718)|SOQL_EXECUTE_END|[79]|Rows:0
14:41:40.0 (69631675)|SYSTEM_MODE_EXIT|false
14:41:40.0 (73649106)|SYSTEM_MODE_ENTER|true
14:41:40.0 (74370495)|SYSTEM_MODE_ENTER|true
14:41:40.0 (97708557)|VF_SERIALIZE_VIEWSTATE_BEGIN|0661n000005z0Z7
14:41:40.0 (104037263)|VF_SERIALIZE_VIEWSTATE_END
14:41:40.127 (127549370)|CUMULATIVE_LIMIT_USAGE
14:41:40.127 (127549370)|LIMIT_USAGE_FOR_NS|(default)|
  Number of SOQL queries: 2 out of 100
  Number of query rows: 1 out of 50000
  Number of SOSL queries: 0 out of 20
  Number of DML statements: 0 out of 150
  Number of DML rows: 0 out of 10000
  Maximum CPU time: 0 out of 10000
  Maximum heap size: 0 out of 6000000
  Number of callouts: 0 out of 100
  Number of Email Invocations: 0 out of 10
  Number of future calls: 0 out of 50
  Number of queueable jobs added to the queue: 0 out of 50
  Number of Mobile Apex push calls: 0 out of 10

14:41:40.127 (127549370)|CUMULATIVE_LIMIT_USAGE_END

14:41:40.0 (127611483)|CODE_UNIT_FINISHED|VF: /apex/p_WidgetFailures
14:41:40.0 (128540955)|EXECUTION_FINISHED
