40.0 APEX_CODE,DEBUG;APEX_PROFILING,INFO;CALLOUT,INFO;DB,INFO;NBA,INFO;SYSTEM,DEBUG;VALIDATION,INFO;VISUALFORCE,INFO;WAVE,INFO;WORKFLOW,INFO
14:15:52.0 (118926)|USER_INFO|[EXTERNAL]|0050Y000000OsfQ|marcoramos@stricker.pt|Western European Time|GMTZ
14:15:52.0 (171984)|EXECUTION_STARTED
14:15:52.0 (178343)|CODE_UNIT_STARTED|[EXTERNAL]|0660Y000005Vxqc|VF: /apex/p_SalesPath
14:15:52.0 (22771751)|VF_SERIALIZE_VIEWSTATE_BEGIN|0660Y000005Vxqc
14:15:52.0 (24858440)|VF_SERIALIZE_VIEWSTATE_END
14:15:52.27 (27537310)|CUMULATIVE_LIMIT_USAGE
14:15:52.27 (27537310)|LIMIT_USAGE_FOR_NS|(default)|
  Number of SOQL queries: 0 out of 100
  Number of query rows: 0 out of 50000
  Number of SOSL queries: 0 out of 20
  Number of DML statements: 0 out of 150
  Number of DML rows: 0 out of 10000
  Maximum CPU time: 0 out of 10000
  Maximum heap size: 0 out of 6000000
  Number of callouts: 0 out of 100
  Number of Email Invocations: 0 out of 10
  Number of future calls: 0 out of 50
  Number of queueable jobs added to the queue: 0 out of 50
  Number of Mobile Apex push calls: 0 out of 10

14:15:52.27 (27537310)|CUMULATIVE_LIMIT_USAGE_END

14:15:52.0 (27598487)|CODE_UNIT_FINISHED|VF: /apex/p_SalesPath
14:15:52.0 (28879470)|EXECUTION_FINISHED
