43.0 APEX_CODE,DEBUG;APEX_PROFILING,INFO;CALLOUT,INFO;DB,INFO;NBA,INFO;SYSTEM,DEBUG;VALIDATION,INFO;VISUALFORCE,INFO;WAVE,INFO;WORKFLOW,INFO
14:21:50.0 (85810)|USER_INFO|[EXTERNAL]|0050Y000000P4Th|stepadmin@pstricker.proj|Fuso horário da Europa Ocidental|GMTZ
14:21:50.0 (122994)|EXECUTION_STARTED
14:21:50.0 (128541)|CODE_UNIT_STARTED|[EXTERNAL]|0661n000005z0Z7|VF: /apex/p_WidgetFailures
14:21:50.0 (776892)|VF_DESERIALIZE_VIEWSTATE_BEGIN|0661n000005z0Z7
14:21:50.0 (7497208)|VF_DESERIALIZE_VIEWSTATE_END
14:21:50.0 (7921451)|SYSTEM_MODE_ENTER|true
14:21:50.0 (7969047)|SYSTEM_MODE_ENTER|false
14:21:50.0 (7988696)|SYSTEM_MODE_EXIT|false
14:21:50.0 (8394996)|SYSTEM_MODE_ENTER|true
14:21:50.0 (8790241)|SYSTEM_MODE_ENTER|false
14:21:50.0 (11140539)|SOQL_EXECUTE_BEGIN|[79]|Aggregations:0|Select Id, Name, Description, AccountId, Account.Name, LastModifiedDate From Opportunity Where Erro_comunicacao__c = true and Id Not In :myOppIds And CreatedDate > 2018-11-05T00:00:00Z And (N_de_expedicao__c = null Or N_de_expedicao__c = '0') Order By LastModifiedDate Desc
14:21:50.0 (51045704)|SOQL_EXECUTE_END|[79]|Rows:1
14:21:50.0 (52274184)|SOQL_EXECUTE_BEGIN|[79]|Aggregations:0|Select Id, Name, Description, AccountId, Account.Name, LastModifiedDate From Opportunity Where Id In :myOppIds and Erro_comunicacao__c = false And CreatedDate > 2018-11-05T00:00:00Z And (N_de_expedicao__c = null Or N_de_expedicao__c = '0') Order By LastModifiedDate Desc
14:21:50.0 (57556946)|SOQL_EXECUTE_END|[79]|Rows:0
14:21:50.0 (60585651)|SYSTEM_MODE_EXIT|false
14:21:50.0 (63732787)|SYSTEM_MODE_ENTER|true
14:21:50.0 (64363005)|SYSTEM_MODE_ENTER|true
14:21:50.0 (82752723)|VF_SERIALIZE_VIEWSTATE_BEGIN|0661n000005z0Z7
14:21:50.0 (86740872)|VF_SERIALIZE_VIEWSTATE_END
14:21:50.107 (107422198)|CUMULATIVE_LIMIT_USAGE
14:21:50.107 (107422198)|LIMIT_USAGE_FOR_NS|(default)|
  Number of SOQL queries: 2 out of 100
  Number of query rows: 1 out of 50000
  Number of SOSL queries: 0 out of 20
  Number of DML statements: 0 out of 150
  Number of DML rows: 0 out of 10000
  Maximum CPU time: 0 out of 10000
  Maximum heap size: 0 out of 6000000
  Number of callouts: 0 out of 100
  Number of Email Invocations: 0 out of 10
  Number of future calls: 0 out of 50
  Number of queueable jobs added to the queue: 0 out of 50
  Number of Mobile Apex push calls: 0 out of 10

14:21:50.107 (107422198)|CUMULATIVE_LIMIT_USAGE_END

14:21:50.0 (107471366)|CODE_UNIT_FINISHED|VF: /apex/p_WidgetFailures
14:21:50.0 (108321185)|EXECUTION_FINISHED
