43.0 APEX_CODE,DEBUG;APEX_PROFILING,INFO;CALLOUT,INFO;DB,INFO;NBA,INFO;SYSTEM,DEBUG;VALIDATION,INFO;VISUALFORCE,INFO;WAVE,INFO;WORKFLOW,INFO
14:19:28.0 (161242)|USER_INFO|[EXTERNAL]|0050Y000000OsfQ|marcoramos@stricker.pt|Western European Time|GMTZ
14:19:28.0 (195656)|EXECUTION_STARTED
14:19:28.0 (202192)|CODE_UNIT_STARTED|[EXTERNAL]|0661n000005z0Z7|VF: /apex/p_WidgetFailures
14:19:28.0 (378028)|VF_DESERIALIZE_VIEWSTATE_BEGIN|0661n000005z0Z7
14:19:28.0 (7569698)|VF_DESERIALIZE_VIEWSTATE_END
14:19:28.0 (8042201)|SYSTEM_MODE_ENTER|true
14:19:28.0 (8297211)|SYSTEM_MODE_ENTER|false
14:19:28.0 (8321328)|SYSTEM_MODE_EXIT|false
14:19:28.0 (8775417)|SYSTEM_MODE_ENTER|true
14:19:28.0 (9185694)|SYSTEM_MODE_ENTER|false
14:19:28.0 (11395483)|SOQL_EXECUTE_BEGIN|[79]|Aggregations:0|Select Id, Name, Description, AccountId, Account.Name, LastModifiedDate From Opportunity Where Erro_comunicacao__c = true and Id Not In :myOppIds And CreatedDate > 2018-11-05T00:00:00Z And (N_de_expedicao__c = null Or N_de_expedicao__c = '0') Order By LastModifiedDate Desc
14:19:28.0 (54092677)|SOQL_EXECUTE_END|[79]|Rows:1
14:19:28.0 (55524965)|SOQL_EXECUTE_BEGIN|[79]|Aggregations:0|Select Id, Name, Description, AccountId, Account.Name, LastModifiedDate From Opportunity Where Id In :myOppIds and Erro_comunicacao__c = false And CreatedDate > 2018-11-05T00:00:00Z And (N_de_expedicao__c = null Or N_de_expedicao__c = '0') Order By LastModifiedDate Desc
14:19:28.0 (61593913)|SOQL_EXECUTE_END|[79]|Rows:0
14:19:28.0 (65434277)|SYSTEM_MODE_EXIT|false
14:19:28.0 (70169741)|SYSTEM_MODE_ENTER|true
14:19:28.0 (71129030)|SYSTEM_MODE_ENTER|true
14:19:28.0 (97294396)|VF_SERIALIZE_VIEWSTATE_BEGIN|0661n000005z0Z7
14:19:28.0 (102887659)|VF_SERIALIZE_VIEWSTATE_END
14:19:28.130 (130183117)|CUMULATIVE_LIMIT_USAGE
14:19:28.130 (130183117)|LIMIT_USAGE_FOR_NS|(default)|
  Number of SOQL queries: 2 out of 100
  Number of query rows: 1 out of 50000
  Number of SOSL queries: 0 out of 20
  Number of DML statements: 0 out of 150
  Number of DML rows: 0 out of 10000
  Maximum CPU time: 0 out of 10000
  Maximum heap size: 0 out of 6000000
  Number of callouts: 0 out of 100
  Number of Email Invocations: 0 out of 10
  Number of future calls: 0 out of 50
  Number of queueable jobs added to the queue: 0 out of 50
  Number of Mobile Apex push calls: 0 out of 10

14:19:28.130 (130183117)|CUMULATIVE_LIMIT_USAGE_END

14:19:28.0 (130240746)|CODE_UNIT_FINISHED|VF: /apex/p_WidgetFailures
14:19:28.0 (131025864)|EXECUTION_FINISHED
