43.0 APEX_CODE,DEBUG;APEX_PROFILING,INFO;CALLOUT,INFO;DB,INFO;NBA,INFO;SYSTEM,DEBUG;VALIDATION,INFO;VISUALFORCE,INFO;WAVE,INFO;WORKFLOW,INFO
14:16:23.0 (121876)|USER_INFO|[EXTERNAL]|0050Y000000OsfQ|marcoramos@stricker.pt|Western European Time|GMTZ
14:16:23.0 (159658)|EXECUTION_STARTED
14:16:23.0 (165481)|CODE_UNIT_STARTED|[EXTERNAL]|0661n000005z0Z7|VF: /apex/p_WidgetFailures
14:16:23.0 (909961)|VF_DESERIALIZE_VIEWSTATE_BEGIN|0661n000005z0Z7
14:16:23.0 (9361019)|VF_DESERIALIZE_VIEWSTATE_END
14:16:23.0 (9881721)|SYSTEM_MODE_ENTER|true
14:16:23.0 (9954808)|SYSTEM_MODE_ENTER|false
14:16:23.0 (9980784)|SYSTEM_MODE_EXIT|false
14:16:23.0 (10484563)|SYSTEM_MODE_ENTER|true
14:16:23.0 (10938491)|SYSTEM_MODE_ENTER|false
14:16:23.0 (13420451)|SOQL_EXECUTE_BEGIN|[79]|Aggregations:0|Select Id, Name, Description, AccountId, Account.Name, LastModifiedDate From Opportunity Where Erro_comunicacao__c = true and Id Not In :myOppIds And CreatedDate > 2018-11-05T00:00:00Z And (N_de_expedicao__c = null Or N_de_expedicao__c = '0') Order By LastModifiedDate Desc
14:16:23.0 (54878473)|SOQL_EXECUTE_END|[79]|Rows:1
14:16:23.0 (56387673)|SOQL_EXECUTE_BEGIN|[79]|Aggregations:0|Select Id, Name, Description, AccountId, Account.Name, LastModifiedDate From Opportunity Where Id In :myOppIds and Erro_comunicacao__c = false And CreatedDate > 2018-11-05T00:00:00Z And (N_de_expedicao__c = null Or N_de_expedicao__c = '0') Order By LastModifiedDate Desc
14:16:23.0 (64064210)|SOQL_EXECUTE_END|[79]|Rows:0
14:16:23.0 (67671424)|SYSTEM_MODE_EXIT|false
14:16:23.0 (71944698)|SYSTEM_MODE_ENTER|true
14:16:23.0 (72937888)|SYSTEM_MODE_ENTER|true
14:16:23.0 (105387625)|VF_SERIALIZE_VIEWSTATE_BEGIN|0661n000005z0Z7
14:16:23.0 (111749893)|VF_SERIALIZE_VIEWSTATE_END
14:16:23.139 (139369046)|CUMULATIVE_LIMIT_USAGE
14:16:23.139 (139369046)|LIMIT_USAGE_FOR_NS|(default)|
  Number of SOQL queries: 2 out of 100
  Number of query rows: 1 out of 50000
  Number of SOSL queries: 0 out of 20
  Number of DML statements: 0 out of 150
  Number of DML rows: 0 out of 10000
  Maximum CPU time: 0 out of 10000
  Maximum heap size: 0 out of 6000000
  Number of callouts: 0 out of 100
  Number of Email Invocations: 0 out of 10
  Number of future calls: 0 out of 50
  Number of queueable jobs added to the queue: 0 out of 50
  Number of Mobile Apex push calls: 0 out of 10

14:16:23.139 (139369046)|CUMULATIVE_LIMIT_USAGE_END

14:16:23.0 (139420591)|CODE_UNIT_FINISHED|VF: /apex/p_WidgetFailures
14:16:23.0 (140380346)|EXECUTION_FINISHED
