43.0 APEX_CODE,DEBUG;APEX_PROFILING,INFO;CALLOUT,INFO;DB,INFO;NBA,INFO;SYSTEM,DEBUG;VALIDATION,INFO;VISUALFORCE,INFO;WAVE,INFO;WORKFLOW,INFO
14:40:43.0 (107747)|USER_INFO|[EXTERNAL]|0050Y000000P4Th|stepadmin@pstricker.proj|Fuso horário da Europa Ocidental|GMTZ
14:40:43.0 (141843)|EXECUTION_STARTED
14:40:43.0 (147866)|CODE_UNIT_STARTED|[EXTERNAL]|0661n000005z0Z7|VF: /apex/p_WidgetFailures
14:40:43.0 (750558)|VF_DESERIALIZE_VIEWSTATE_BEGIN|0661n000005z0Z7
14:40:43.0 (8774793)|VF_DESERIALIZE_VIEWSTATE_END
14:40:43.0 (9214113)|SYSTEM_MODE_ENTER|true
14:40:43.0 (9267318)|SYSTEM_MODE_ENTER|false
14:40:43.0 (9296127)|SYSTEM_MODE_EXIT|false
14:40:43.0 (9781242)|SYSTEM_MODE_ENTER|true
14:40:43.0 (10185515)|SYSTEM_MODE_ENTER|false
14:40:43.0 (13284920)|SOQL_EXECUTE_BEGIN|[79]|Aggregations:0|Select Id, Name, Description, AccountId, Account.Name, LastModifiedDate From Opportunity Where Erro_comunicacao__c = true and Id Not In :myOppIds And CreatedDate > 2018-11-05T00:00:00Z And (N_de_expedicao__c = null Or N_de_expedicao__c = '0') Order By LastModifiedDate Desc
14:40:43.0 (55313875)|SOQL_EXECUTE_END|[79]|Rows:1
14:40:43.0 (56770169)|SOQL_EXECUTE_BEGIN|[79]|Aggregations:0|Select Id, Name, Description, AccountId, Account.Name, LastModifiedDate From Opportunity Where Id In :myOppIds and Erro_comunicacao__c = false And CreatedDate > 2018-11-05T00:00:00Z And (N_de_expedicao__c = null Or N_de_expedicao__c = '0') Order By LastModifiedDate Desc
14:40:43.0 (62252298)|SOQL_EXECUTE_END|[79]|Rows:0
14:40:43.0 (66452058)|SYSTEM_MODE_EXIT|false
14:40:43.0 (71285934)|SYSTEM_MODE_ENTER|true
14:40:43.0 (72017410)|SYSTEM_MODE_ENTER|true
14:40:43.0 (94536761)|VF_SERIALIZE_VIEWSTATE_BEGIN|0661n000005z0Z7
14:40:43.0 (98614597)|VF_SERIALIZE_VIEWSTATE_END
14:40:43.123 (123079163)|CUMULATIVE_LIMIT_USAGE
14:40:43.123 (123079163)|LIMIT_USAGE_FOR_NS|(default)|
  Number of SOQL queries: 2 out of 100
  Number of query rows: 1 out of 50000
  Number of SOSL queries: 0 out of 20
  Number of DML statements: 0 out of 150
  Number of DML rows: 0 out of 10000
  Maximum CPU time: 0 out of 10000
  Maximum heap size: 0 out of 6000000
  Number of callouts: 0 out of 100
  Number of Email Invocations: 0 out of 10
  Number of future calls: 0 out of 50
  Number of queueable jobs added to the queue: 0 out of 50
  Number of Mobile Apex push calls: 0 out of 10

14:40:43.123 (123079163)|CUMULATIVE_LIMIT_USAGE_END

14:40:43.0 (123167189)|CODE_UNIT_FINISHED|VF: /apex/p_WidgetFailures
14:40:43.0 (123934656)|EXECUTION_FINISHED
