43.0 APEX_CODE,DEBUG;APEX_PROFILING,INFO;CALLOUT,INFO;DB,INFO;NBA,INFO;SYSTEM,DEBUG;VALIDATION,INFO;VISUALFORCE,INFO;WAVE,INFO;WORKFLOW,INFO
14:45:40.0 (96310)|USER_INFO|[EXTERNAL]|0050Y000000OsfQ|marcoramos@stricker.pt|Western European Time|GMTZ
14:45:40.0 (132781)|EXECUTION_STARTED
14:45:40.0 (146232)|CODE_UNIT_STARTED|[EXTERNAL]|0661n000005z0Z7|VF: /apex/p_WidgetFailures
14:45:40.0 (3759050)|VF_DESERIALIZE_VIEWSTATE_BEGIN|0661n000005z0Z7
14:45:40.0 (12682224)|VF_DESERIALIZE_VIEWSTATE_END
14:45:40.0 (13260325)|SYSTEM_MODE_ENTER|true
14:45:40.0 (13348806)|SYSTEM_MODE_ENTER|false
14:45:40.0 (13373942)|SYSTEM_MODE_EXIT|false
14:45:40.0 (14091961)|SYSTEM_MODE_ENTER|true
14:45:40.0 (14580367)|SYSTEM_MODE_ENTER|false
14:45:40.0 (17193813)|SOQL_EXECUTE_BEGIN|[79]|Aggregations:0|Select Id, Name, Description, AccountId, Account.Name, LastModifiedDate From Opportunity Where Erro_comunicacao__c = true and Id Not In :myOppIds And CreatedDate > 2018-11-05T00:00:00Z And (N_de_expedicao__c = null Or N_de_expedicao__c = '0') Order By LastModifiedDate Desc
14:45:40.0 (59028998)|SOQL_EXECUTE_END|[79]|Rows:1
14:45:40.0 (60741918)|SOQL_EXECUTE_BEGIN|[79]|Aggregations:0|Select Id, Name, Description, AccountId, Account.Name, LastModifiedDate From Opportunity Where Id In :myOppIds and Erro_comunicacao__c = false And CreatedDate > 2018-11-05T00:00:00Z And (N_de_expedicao__c = null Or N_de_expedicao__c = '0') Order By LastModifiedDate Desc
14:45:40.0 (67185460)|SOQL_EXECUTE_END|[79]|Rows:0
14:45:40.0 (71013925)|SYSTEM_MODE_EXIT|false
14:45:40.0 (75855109)|SYSTEM_MODE_ENTER|true
14:45:40.0 (76889859)|SYSTEM_MODE_ENTER|true
14:45:40.0 (104268844)|VF_SERIALIZE_VIEWSTATE_BEGIN|0661n000005z0Z7
14:45:40.0 (109644348)|VF_SERIALIZE_VIEWSTATE_END
14:45:40.135 (135856617)|CUMULATIVE_LIMIT_USAGE
14:45:40.135 (135856617)|LIMIT_USAGE_FOR_NS|(default)|
  Number of SOQL queries: 2 out of 100
  Number of query rows: 1 out of 50000
  Number of SOSL queries: 0 out of 20
  Number of DML statements: 0 out of 150
  Number of DML rows: 0 out of 10000
  Maximum CPU time: 0 out of 10000
  Maximum heap size: 0 out of 6000000
  Number of callouts: 0 out of 100
  Number of Email Invocations: 0 out of 10
  Number of future calls: 0 out of 50
  Number of queueable jobs added to the queue: 0 out of 50
  Number of Mobile Apex push calls: 0 out of 10

14:45:40.135 (135856617)|CUMULATIVE_LIMIT_USAGE_END

14:45:40.0 (135916939)|CODE_UNIT_FINISHED|VF: /apex/p_WidgetFailures
14:45:40.0 (136698981)|EXECUTION_FINISHED
