43.0 APEX_CODE,DEBUG;APEX_PROFILING,INFO;CALLOUT,INFO;DB,INFO;NBA,INFO;SYSTEM,DEBUG;VALIDATION,INFO;VISUALFORCE,INFO;WAVE,INFO;WORKFLOW,INFO
14:18:26.0 (92987)|USER_INFO|[EXTERNAL]|0050Y000000OsfQ|marcoramos@stricker.pt|Western European Time|GMTZ
14:18:26.0 (128828)|EXECUTION_STARTED
14:18:26.0 (133665)|CODE_UNIT_STARTED|[EXTERNAL]|0661n000005z0Z7|VF: /apex/p_WidgetFailures
14:18:26.0 (790566)|VF_DESERIALIZE_VIEWSTATE_BEGIN|0661n000005z0Z7
14:18:26.0 (7730299)|VF_DESERIALIZE_VIEWSTATE_END
14:18:26.0 (8190139)|SYSTEM_MODE_ENTER|true
14:18:26.0 (8248850)|SYSTEM_MODE_ENTER|false
14:18:26.0 (8273937)|SYSTEM_MODE_EXIT|false
14:18:26.0 (8710227)|SYSTEM_MODE_ENTER|true
14:18:26.0 (9072237)|SYSTEM_MODE_ENTER|false
14:18:26.0 (10974724)|SOQL_EXECUTE_BEGIN|[79]|Aggregations:0|Select Id, Name, Description, AccountId, Account.Name, LastModifiedDate From Opportunity Where Erro_comunicacao__c = true and Id Not In :myOppIds And CreatedDate > 2018-11-05T00:00:00Z And (N_de_expedicao__c = null Or N_de_expedicao__c = '0') Order By LastModifiedDate Desc
14:18:26.0 (69136483)|SOQL_EXECUTE_END|[79]|Rows:1
14:18:26.0 (70292969)|SOQL_EXECUTE_BEGIN|[79]|Aggregations:0|Select Id, Name, Description, AccountId, Account.Name, LastModifiedDate From Opportunity Where Id In :myOppIds and Erro_comunicacao__c = false And CreatedDate > 2018-11-05T00:00:00Z And (N_de_expedicao__c = null Or N_de_expedicao__c = '0') Order By LastModifiedDate Desc
14:18:26.0 (75794164)|SOQL_EXECUTE_END|[79]|Rows:0
14:18:26.0 (78373798)|SYSTEM_MODE_EXIT|false
14:18:26.0 (81709462)|SYSTEM_MODE_ENTER|true
14:18:26.0 (82411573)|SYSTEM_MODE_ENTER|true
14:18:26.0 (99502856)|VF_SERIALIZE_VIEWSTATE_BEGIN|0661n000005z0Z7
14:18:26.0 (103233369)|VF_SERIALIZE_VIEWSTATE_END
14:18:26.124 (124008540)|CUMULATIVE_LIMIT_USAGE
14:18:26.124 (124008540)|LIMIT_USAGE_FOR_NS|(default)|
  Number of SOQL queries: 2 out of 100
  Number of query rows: 1 out of 50000
  Number of SOSL queries: 0 out of 20
  Number of DML statements: 0 out of 150
  Number of DML rows: 0 out of 10000
  Maximum CPU time: 0 out of 10000
  Maximum heap size: 0 out of 6000000
  Number of callouts: 0 out of 100
  Number of Email Invocations: 0 out of 10
  Number of future calls: 0 out of 50
  Number of queueable jobs added to the queue: 0 out of 50
  Number of Mobile Apex push calls: 0 out of 10

14:18:26.124 (124008540)|CUMULATIVE_LIMIT_USAGE_END

14:18:26.0 (124060503)|CODE_UNIT_FINISHED|VF: /apex/p_WidgetFailures
14:18:26.0 (124809816)|EXECUTION_FINISHED
