43.0 APEX_CODE,DEBUG;APEX_PROFILING,INFO;CALLOUT,INFO;DB,INFO;NBA,INFO;SYSTEM,DEBUG;VALIDATION,INFO;VISUALFORCE,INFO;WAVE,INFO;WORKFLOW,INFO
14:17:45.0 (163617)|USER_INFO|[EXTERNAL]|0050Y000000OsfQ|marcoramos@stricker.pt|Western European Time|GMTZ
14:17:45.0 (254433)|EXECUTION_STARTED
14:17:45.0 (264862)|CODE_UNIT_STARTED|[EXTERNAL]|0661n000005z0Z7|VF: /apex/p_WidgetFailures
14:17:45.0 (1356059)|VF_DESERIALIZE_VIEWSTATE_BEGIN|0661n000005z0Z7
14:17:45.0 (10304813)|VF_DESERIALIZE_VIEWSTATE_END
14:17:45.0 (10892587)|SYSTEM_MODE_ENTER|true
14:17:45.0 (11141093)|SYSTEM_MODE_ENTER|false
14:17:45.0 (11173959)|SYSTEM_MODE_EXIT|false
14:17:45.0 (12042205)|SYSTEM_MODE_ENTER|true
14:17:45.0 (12510047)|SYSTEM_MODE_ENTER|false
14:17:45.0 (15630727)|SOQL_EXECUTE_BEGIN|[79]|Aggregations:0|Select Id, Name, Description, AccountId, Account.Name, LastModifiedDate From Opportunity Where Erro_comunicacao__c = true and Id Not In :myOppIds And CreatedDate > 2018-11-05T00:00:00Z And (N_de_expedicao__c = null Or N_de_expedicao__c = '0') Order By LastModifiedDate Desc
14:17:45.0 (56535564)|SOQL_EXECUTE_END|[79]|Rows:1
14:17:45.0 (57772336)|SOQL_EXECUTE_BEGIN|[79]|Aggregations:0|Select Id, Name, Description, AccountId, Account.Name, LastModifiedDate From Opportunity Where Id In :myOppIds and Erro_comunicacao__c = false And CreatedDate > 2018-11-05T00:00:00Z And (N_de_expedicao__c = null Or N_de_expedicao__c = '0') Order By LastModifiedDate Desc
14:17:45.0 (63671060)|SOQL_EXECUTE_END|[79]|Rows:0
14:17:45.0 (66488671)|SYSTEM_MODE_EXIT|false
14:17:45.0 (70741813)|SYSTEM_MODE_ENTER|true
14:17:45.0 (71521126)|SYSTEM_MODE_ENTER|true
14:17:45.0 (92225999)|VF_SERIALIZE_VIEWSTATE_BEGIN|0661n000005z0Z7
14:17:45.0 (96344573)|VF_SERIALIZE_VIEWSTATE_END
14:17:45.117 (117628460)|CUMULATIVE_LIMIT_USAGE
14:17:45.117 (117628460)|LIMIT_USAGE_FOR_NS|(default)|
  Number of SOQL queries: 2 out of 100
  Number of query rows: 1 out of 50000
  Number of SOSL queries: 0 out of 20
  Number of DML statements: 0 out of 150
  Number of DML rows: 0 out of 10000
  Maximum CPU time: 0 out of 10000
  Maximum heap size: 0 out of 6000000
  Number of callouts: 0 out of 100
  Number of Email Invocations: 0 out of 10
  Number of future calls: 0 out of 50
  Number of queueable jobs added to the queue: 0 out of 50
  Number of Mobile Apex push calls: 0 out of 10

14:17:45.117 (117628460)|CUMULATIVE_LIMIT_USAGE_END

14:17:45.0 (117708506)|CODE_UNIT_FINISHED|VF: /apex/p_WidgetFailures
14:17:45.0 (118431837)|EXECUTION_FINISHED
