43.0 APEX_CODE,DEBUG;APEX_PROFILING,INFO;CALLOUT,INFO;DB,INFO;NBA,INFO;SYSTEM,DEBUG;VALIDATION,INFO;VISUALFORCE,INFO;WAVE,INFO;WORKFLOW,INFO
14:14:06.0 (119575)|USER_INFO|[EXTERNAL]|0050Y000000OsfQ|marcoramos@stricker.pt|Western European Time|GMTZ
14:14:06.0 (165588)|EXECUTION_STARTED
14:14:06.0 (173280)|CODE_UNIT_STARTED|[EXTERNAL]|0661n000005z0Z7|VF: /apex/p_WidgetFailures
14:14:06.0 (5565539)|SYSTEM_MODE_ENTER|true
14:14:06.0 (6030565)|SYSTEM_MODE_ENTER|false
14:14:06.0 (6056750)|SYSTEM_MODE_EXIT|false
14:14:06.0 (6074213)|SYSTEM_MODE_ENTER|false
14:14:06.0 (6474011)|SOQL_EXECUTE_BEGIN|[9]|Aggregations:0|SELECT id__c FROM Profile_Id__mdt WHERE DeveloperName = 'widgetFailuresAdmins' LIMIT 1
14:14:06.0 (10619841)|SOQL_EXECUTE_END|[9]|Rows:1
14:14:06.0 (13684041)|SOQL_EXECUTE_BEGIN|[79]|Aggregations:0|Select Id, Name, Description, AccountId, Account.Name, LastModifiedDate From Opportunity Where Erro_comunicacao__c = true And CreatedDate > 2018-11-05T00:00:00Z And (N_de_expedicao__c = null Or N_de_expedicao__c = '0') Order By LastModifiedDate Desc
14:14:06.0 (76768566)|SOQL_EXECUTE_END|[79]|Rows:52
14:14:06.0 (79814395)|SYSTEM_MODE_EXIT|false
14:14:06.0 (80772571)|SYSTEM_MODE_ENTER|true
14:14:06.0 (86729022)|SYSTEM_MODE_ENTER|true
14:14:06.0 (89608379)|SYSTEM_MODE_ENTER|true
14:14:06.0 (89697373)|SYSTEM_MODE_ENTER|true
14:14:06.0 (114137403)|VF_SERIALIZE_VIEWSTATE_BEGIN|0661n000005z0Z7
14:14:06.0 (119902027)|VF_SERIALIZE_VIEWSTATE_END
14:14:06.150 (150267864)|CUMULATIVE_LIMIT_USAGE
14:14:06.150 (150267864)|LIMIT_USAGE_FOR_NS|(default)|
  Number of SOQL queries: 1 out of 100
  Number of query rows: 53 out of 50000
  Number of SOSL queries: 0 out of 20
  Number of DML statements: 0 out of 150
  Number of DML rows: 0 out of 10000
  Maximum CPU time: 0 out of 10000
  Maximum heap size: 0 out of 6000000
  Number of callouts: 0 out of 100
  Number of Email Invocations: 0 out of 10
  Number of future calls: 0 out of 50
  Number of queueable jobs added to the queue: 0 out of 50
  Number of Mobile Apex push calls: 0 out of 10

14:14:06.150 (150267864)|CUMULATIVE_LIMIT_USAGE_END

14:14:06.0 (150342309)|CODE_UNIT_FINISHED|VF: /apex/p_WidgetFailures
14:14:06.0 (151350850)|EXECUTION_FINISHED
