43.0 APEX_CODE,DEBUG;APEX_PROFILING,INFO;CALLOUT,INFO;DB,INFO;NBA,INFO;SYSTEM,DEBUG;VALIDATION,INFO;VISUALFORCE,INFO;WAVE,INFO;WORKFLOW,INFO
14:14:51.0 (141357)|USER_INFO|[EXTERNAL]|0050Y000000OsfQ|marcoramos@stricker.pt|Western European Time|GMTZ
14:14:51.0 (219331)|EXECUTION_STARTED
14:14:51.0 (232046)|CODE_UNIT_STARTED|[EXTERNAL]|0661n000005z0Z7|VF: /apex/p_WidgetFailures
14:14:51.0 (1395307)|VF_DESERIALIZE_VIEWSTATE_BEGIN|0661n000005z0Z7
14:14:51.0 (8084870)|VF_DESERIALIZE_VIEWSTATE_END
14:14:51.0 (8593597)|SYSTEM_MODE_ENTER|true
14:14:51.0 (8780418)|SYSTEM_MODE_ENTER|false
14:14:51.0 (8808863)|SYSTEM_MODE_EXIT|false
14:14:51.0 (9255301)|SYSTEM_MODE_ENTER|true
14:14:51.0 (9646629)|SYSTEM_MODE_ENTER|false
14:14:51.0 (12357303)|SOQL_EXECUTE_BEGIN|[79]|Aggregations:0|Select Id, Name, Description, AccountId, Account.Name, LastModifiedDate From Opportunity Where Erro_comunicacao__c = true and Id Not In :myOppIds And CreatedDate > 2018-11-05T00:00:00Z And (N_de_expedicao__c = null Or N_de_expedicao__c = '0') Order By LastModifiedDate Desc
14:14:51.0 (55610901)|SOQL_EXECUTE_END|[79]|Rows:1
14:14:51.0 (56945250)|SOQL_EXECUTE_BEGIN|[79]|Aggregations:0|Select Id, Name, Description, AccountId, Account.Name, LastModifiedDate From Opportunity Where Id In :myOppIds and Erro_comunicacao__c = false And CreatedDate > 2018-11-05T00:00:00Z And (N_de_expedicao__c = null Or N_de_expedicao__c = '0') Order By LastModifiedDate Desc
14:14:51.0 (62055386)|SOQL_EXECUTE_END|[79]|Rows:0
14:14:51.0 (64609277)|SYSTEM_MODE_EXIT|false
14:14:51.0 (67941718)|SYSTEM_MODE_ENTER|true
14:14:51.0 (68697742)|SYSTEM_MODE_ENTER|true
14:14:51.0 (87706584)|VF_SERIALIZE_VIEWSTATE_BEGIN|0661n000005z0Z7
14:14:51.0 (91763716)|VF_SERIALIZE_VIEWSTATE_END
14:14:51.111 (111651974)|CUMULATIVE_LIMIT_USAGE
14:14:51.111 (111651974)|LIMIT_USAGE_FOR_NS|(default)|
  Number of SOQL queries: 2 out of 100
  Number of query rows: 1 out of 50000
  Number of SOSL queries: 0 out of 20
  Number of DML statements: 0 out of 150
  Number of DML rows: 0 out of 10000
  Maximum CPU time: 0 out of 10000
  Maximum heap size: 0 out of 6000000
  Number of callouts: 0 out of 100
  Number of Email Invocations: 0 out of 10
  Number of future calls: 0 out of 50
  Number of queueable jobs added to the queue: 0 out of 50
  Number of Mobile Apex push calls: 0 out of 10

14:14:51.111 (111651974)|CUMULATIVE_LIMIT_USAGE_END

14:14:51.0 (111727772)|CODE_UNIT_FINISHED|VF: /apex/p_WidgetFailures
14:14:51.0 (112522119)|EXECUTION_FINISHED
