43.0 APEX_CODE,DEBUG;APEX_PROFILING,INFO;CALLOUT,INFO;DB,INFO;NBA,INFO;SYSTEM,DEBUG;VALIDATION,INFO;VISUALFORCE,INFO;WAVE,INFO;WORKFLOW,INFO
14:22:08.0 (116142)|USER_INFO|[EXTERNAL]|0050Y000000P4Th|stepadmin@pstricker.proj|Fuso horário da Europa Ocidental|GMTZ
14:22:08.0 (159237)|EXECUTION_STARTED
14:22:08.0 (166544)|CODE_UNIT_STARTED|[EXTERNAL]|01p0Y00000Mh0yy|Reagendamento - b_UpdateDossier 2018-11-20 13:52:08
14:22:08.44 (44761558)|CUMULATIVE_LIMIT_USAGE
14:22:08.44 (44761558)|LIMIT_USAGE_FOR_NS|(default)|
  Number of SOQL queries: 0 out of 100
  Number of query rows: 0 out of 50000
  Number of SOSL queries: 0 out of 20
  Number of DML statements: 0 out of 150
  Number of DML rows: 0 out of 10000
  Maximum CPU time: 0 out of 10000
  Maximum heap size: 0 out of 6000000
  Number of callouts: 0 out of 100
  Number of Email Invocations: 0 out of 10
  Number of future calls: 0 out of 50
  Number of queueable jobs added to the queue: 0 out of 50
  Number of Mobile Apex push calls: 0 out of 10

14:22:08.44 (44761558)|CUMULATIVE_LIMIT_USAGE_END

14:22:08.0 (44851955)|CODE_UNIT_FINISHED|Reagendamento - b_UpdateDossier 2018-11-20 13:52:08
14:22:08.0 (45821309)|EXECUTION_FINISHED
