43.0 APEX_CODE,DEBUG;APEX_PROFILING,INFO;CALLOUT,INFO;DB,INFO;NBA,INFO;SYSTEM,DEBUG;VALIDATION,INFO;VISUALFORCE,INFO;WAVE,INFO;WORKFLOW,INFO
14:15:21.0 (127319)|USER_INFO|[EXTERNAL]|0050Y000000OsfQ|marcoramos@stricker.pt|Western European Time|GMTZ
14:15:21.0 (177787)|EXECUTION_STARTED
14:15:21.0 (185954)|CODE_UNIT_STARTED|[EXTERNAL]|0661n000005z0Z7|VF: /apex/p_WidgetFailures
14:15:21.0 (870110)|VF_DESERIALIZE_VIEWSTATE_BEGIN|0661n000005z0Z7
14:15:21.0 (9244962)|VF_DESERIALIZE_VIEWSTATE_END
14:15:21.0 (9756295)|SYSTEM_MODE_ENTER|true
14:15:21.0 (9807835)|SYSTEM_MODE_ENTER|false
14:15:21.0 (9830005)|SYSTEM_MODE_EXIT|false
14:15:21.0 (10257538)|SYSTEM_MODE_ENTER|true
14:15:21.0 (10690748)|SYSTEM_MODE_ENTER|false
14:15:21.0 (13057126)|SOQL_EXECUTE_BEGIN|[79]|Aggregations:0|Select Id, Name, Description, AccountId, Account.Name, LastModifiedDate From Opportunity Where Erro_comunicacao__c = true and Id Not In :myOppIds And CreatedDate > 2018-11-05T00:00:00Z And (N_de_expedicao__c = null Or N_de_expedicao__c = '0') Order By LastModifiedDate Desc
14:15:21.0 (54605539)|SOQL_EXECUTE_END|[79]|Rows:1
14:15:21.0 (55818248)|SOQL_EXECUTE_BEGIN|[79]|Aggregations:0|Select Id, Name, Description, AccountId, Account.Name, LastModifiedDate From Opportunity Where Id In :myOppIds and Erro_comunicacao__c = false And CreatedDate > 2018-11-05T00:00:00Z And (N_de_expedicao__c = null Or N_de_expedicao__c = '0') Order By LastModifiedDate Desc
14:15:21.0 (61849307)|SOQL_EXECUTE_END|[79]|Rows:0
14:15:21.0 (64250484)|SYSTEM_MODE_EXIT|false
14:15:21.0 (67718355)|SYSTEM_MODE_ENTER|true
14:15:21.0 (68414723)|SYSTEM_MODE_ENTER|true
14:15:21.0 (85773207)|VF_SERIALIZE_VIEWSTATE_BEGIN|0661n000005z0Z7
14:15:21.0 (89714960)|VF_SERIALIZE_VIEWSTATE_END
14:15:21.111 (111973246)|CUMULATIVE_LIMIT_USAGE
14:15:21.111 (111973246)|LIMIT_USAGE_FOR_NS|(default)|
  Number of SOQL queries: 2 out of 100
  Number of query rows: 1 out of 50000
  Number of SOSL queries: 0 out of 20
  Number of DML statements: 0 out of 150
  Number of DML rows: 0 out of 10000
  Maximum CPU time: 0 out of 10000
  Maximum heap size: 0 out of 6000000
  Number of callouts: 0 out of 100
  Number of Email Invocations: 0 out of 10
  Number of future calls: 0 out of 50
  Number of queueable jobs added to the queue: 0 out of 50
  Number of Mobile Apex push calls: 0 out of 10

14:15:21.111 (111973246)|CUMULATIVE_LIMIT_USAGE_END

14:15:21.0 (112025475)|CODE_UNIT_FINISHED|VF: /apex/p_WidgetFailures
14:15:21.0 (112990170)|EXECUTION_FINISHED
