43.0 APEX_CODE,DEBUG;APEX_PROFILING,INFO;CALLOUT,INFO;DB,INFO;NBA,INFO;SYSTEM,DEBUG;VALIDATION,INFO;VISUALFORCE,INFO;WAVE,INFO;WORKFLOW,INFO
14:22:22.0 (103320)|USER_INFO|[EXTERNAL]|0050Y000000OsfQ|marcoramos@stricker.pt|Western European Time|GMTZ
14:22:22.0 (138618)|EXECUTION_STARTED
14:22:22.0 (144645)|CODE_UNIT_STARTED|[EXTERNAL]|0661n000005z0Z7|VF: /apex/p_WidgetFailures
14:22:22.0 (729693)|VF_DESERIALIZE_VIEWSTATE_BEGIN|0661n000005z0Z7
14:22:22.0 (7354953)|VF_DESERIALIZE_VIEWSTATE_END
14:22:22.0 (7753139)|SYSTEM_MODE_ENTER|true
14:22:22.0 (7802636)|SYSTEM_MODE_ENTER|false
14:22:22.0 (7823552)|SYSTEM_MODE_EXIT|false
14:22:22.0 (8237588)|SYSTEM_MODE_ENTER|true
14:22:22.0 (8665926)|SYSTEM_MODE_ENTER|false
14:22:22.0 (10595466)|SOQL_EXECUTE_BEGIN|[79]|Aggregations:0|Select Id, Name, Description, AccountId, Account.Name, LastModifiedDate From Opportunity Where Erro_comunicacao__c = true and Id Not In :myOppIds And CreatedDate > 2018-11-05T00:00:00Z And (N_de_expedicao__c = null Or N_de_expedicao__c = '0') Order By LastModifiedDate Desc
14:22:22.0 (53627067)|SOQL_EXECUTE_END|[79]|Rows:1
14:22:22.0 (54753300)|SOQL_EXECUTE_BEGIN|[79]|Aggregations:0|Select Id, Name, Description, AccountId, Account.Name, LastModifiedDate From Opportunity Where Id In :myOppIds and Erro_comunicacao__c = false And CreatedDate > 2018-11-05T00:00:00Z And (N_de_expedicao__c = null Or N_de_expedicao__c = '0') Order By LastModifiedDate Desc
14:22:22.0 (60599269)|SOQL_EXECUTE_END|[79]|Rows:0
14:22:22.0 (63226155)|SYSTEM_MODE_EXIT|false
14:22:22.0 (66502428)|SYSTEM_MODE_ENTER|true
14:22:22.0 (67172787)|SYSTEM_MODE_ENTER|true
14:22:22.0 (86402897)|VF_SERIALIZE_VIEWSTATE_BEGIN|0661n000005z0Z7
14:22:22.0 (91210983)|VF_SERIALIZE_VIEWSTATE_END
14:22:22.111 (111570849)|CUMULATIVE_LIMIT_USAGE
14:22:22.111 (111570849)|LIMIT_USAGE_FOR_NS|(default)|
  Number of SOQL queries: 2 out of 100
  Number of query rows: 1 out of 50000
  Number of SOSL queries: 0 out of 20
  Number of DML statements: 0 out of 150
  Number of DML rows: 0 out of 10000
  Maximum CPU time: 0 out of 10000
  Maximum heap size: 0 out of 6000000
  Number of callouts: 0 out of 100
  Number of Email Invocations: 0 out of 10
  Number of future calls: 0 out of 50
  Number of queueable jobs added to the queue: 0 out of 50
  Number of Mobile Apex push calls: 0 out of 10

14:22:22.111 (111570849)|CUMULATIVE_LIMIT_USAGE_END

14:22:22.0 (111617926)|CODE_UNIT_FINISHED|VF: /apex/p_WidgetFailures
14:22:22.0 (112477045)|EXECUTION_FINISHED
