43.0 APEX_CODE,DEBUG;APEX_PROFILING,INFO;CALLOUT,INFO;DB,INFO;NBA,INFO;SYSTEM,DEBUG;VALIDATION,INFO;VISUALFORCE,INFO;WAVE,INFO;WORKFLOW,INFO
14:46:06.0 (127084)|USER_INFO|[EXTERNAL]|0050Y000000P4Th|stepadmin@pstricker.proj|Fuso horário da Europa Ocidental|GMTZ
14:46:06.0 (188951)|EXECUTION_STARTED
14:46:06.0 (195350)|CODE_UNIT_STARTED|[EXTERNAL]|0661n000005z0Z7|VF: /apex/p_WidgetFailures
14:46:06.0 (364345)|VF_DESERIALIZE_VIEWSTATE_BEGIN|0661n000005z0Z7
14:46:06.0 (7324358)|VF_DESERIALIZE_VIEWSTATE_END
14:46:06.0 (7813324)|SYSTEM_MODE_ENTER|true
14:46:06.0 (7867879)|SYSTEM_MODE_ENTER|false
14:46:06.0 (7894886)|SYSTEM_MODE_EXIT|false
14:46:06.0 (8354028)|SYSTEM_MODE_ENTER|true
14:46:06.0 (8748337)|SYSTEM_MODE_ENTER|false
14:46:06.0 (11220701)|SOQL_EXECUTE_BEGIN|[79]|Aggregations:0|Select Id, Name, Description, AccountId, Account.Name, LastModifiedDate From Opportunity Where Erro_comunicacao__c = true and Id Not In :myOppIds And CreatedDate > 2018-11-05T00:00:00Z And (N_de_expedicao__c = null Or N_de_expedicao__c = '0') Order By LastModifiedDate Desc
14:46:06.0 (52956079)|SOQL_EXECUTE_END|[79]|Rows:1
14:46:06.0 (54002995)|SOQL_EXECUTE_BEGIN|[79]|Aggregations:0|Select Id, Name, Description, AccountId, Account.Name, LastModifiedDate From Opportunity Where Id In :myOppIds and Erro_comunicacao__c = false And CreatedDate > 2018-11-05T00:00:00Z And (N_de_expedicao__c = null Or N_de_expedicao__c = '0') Order By LastModifiedDate Desc
14:46:06.0 (59217989)|SOQL_EXECUTE_END|[79]|Rows:0
14:46:06.0 (62961270)|SYSTEM_MODE_EXIT|false
14:46:06.0 (67094132)|SYSTEM_MODE_ENTER|true
14:46:06.0 (67774697)|SYSTEM_MODE_ENTER|true
14:46:06.0 (91934926)|VF_SERIALIZE_VIEWSTATE_BEGIN|0661n000005z0Z7
14:46:06.0 (97392268)|VF_SERIALIZE_VIEWSTATE_END
14:46:06.120 (120919018)|CUMULATIVE_LIMIT_USAGE
14:46:06.120 (120919018)|LIMIT_USAGE_FOR_NS|(default)|
  Number of SOQL queries: 2 out of 100
  Number of query rows: 1 out of 50000
  Number of SOSL queries: 0 out of 20
  Number of DML statements: 0 out of 150
  Number of DML rows: 0 out of 10000
  Maximum CPU time: 0 out of 10000
  Maximum heap size: 0 out of 6000000
  Number of callouts: 0 out of 100
  Number of Email Invocations: 0 out of 10
  Number of future calls: 0 out of 50
  Number of queueable jobs added to the queue: 0 out of 50
  Number of Mobile Apex push calls: 0 out of 10

14:46:06.120 (120919018)|CUMULATIVE_LIMIT_USAGE_END

14:46:06.0 (120979553)|CODE_UNIT_FINISHED|VF: /apex/p_WidgetFailures
14:46:06.0 (121737025)|EXECUTION_FINISHED
