43.0 APEX_CODE,DEBUG;APEX_PROFILING,INFO;CALLOUT,INFO;DB,INFO;NBA,INFO;SYSTEM,DEBUG;VALIDATION,INFO;VISUALFORCE,INFO;WAVE,INFO;WORKFLOW,INFO
14:44:08.0 (103424)|USER_INFO|[EXTERNAL]|0050Y000000OsfQ|marcoramos@stricker.pt|Western European Time|GMTZ
14:44:08.0 (142468)|EXECUTION_STARTED
14:44:08.0 (148407)|CODE_UNIT_STARTED|[EXTERNAL]|0661n000005z0Z7|VF: /apex/p_WidgetFailures
14:44:08.0 (754875)|VF_DESERIALIZE_VIEWSTATE_BEGIN|0661n000005z0Z7
14:44:08.0 (7721039)|VF_DESERIALIZE_VIEWSTATE_END
14:44:08.0 (8176386)|SYSTEM_MODE_ENTER|true
14:44:08.0 (8230972)|SYSTEM_MODE_ENTER|false
14:44:08.0 (8254282)|SYSTEM_MODE_EXIT|false
14:44:08.0 (8703485)|SYSTEM_MODE_ENTER|true
14:44:08.0 (9032959)|SYSTEM_MODE_ENTER|false
14:44:08.0 (10900538)|SOQL_EXECUTE_BEGIN|[79]|Aggregations:0|Select Id, Name, Description, AccountId, Account.Name, LastModifiedDate From Opportunity Where Erro_comunicacao__c = true and Id Not In :myOppIds And CreatedDate > 2018-11-05T00:00:00Z And (N_de_expedicao__c = null Or N_de_expedicao__c = '0') Order By LastModifiedDate Desc
14:44:08.0 (54132009)|SOQL_EXECUTE_END|[79]|Rows:1
14:44:08.0 (55403531)|SOQL_EXECUTE_BEGIN|[79]|Aggregations:0|Select Id, Name, Description, AccountId, Account.Name, LastModifiedDate From Opportunity Where Id In :myOppIds and Erro_comunicacao__c = false And CreatedDate > 2018-11-05T00:00:00Z And (N_de_expedicao__c = null Or N_de_expedicao__c = '0') Order By LastModifiedDate Desc
14:44:08.0 (61630731)|SOQL_EXECUTE_END|[79]|Rows:0
14:44:08.0 (64499713)|SYSTEM_MODE_EXIT|false
14:44:08.0 (68671969)|SYSTEM_MODE_ENTER|true
14:44:08.0 (69490110)|SYSTEM_MODE_ENTER|true
14:44:08.0 (90151741)|VF_SERIALIZE_VIEWSTATE_BEGIN|0661n000005z0Z7
14:44:08.0 (94553163)|VF_SERIALIZE_VIEWSTATE_END
14:44:08.231 (231872915)|CUMULATIVE_LIMIT_USAGE
14:44:08.231 (231872915)|LIMIT_USAGE_FOR_NS|(default)|
  Number of SOQL queries: 2 out of 100
  Number of query rows: 1 out of 50000
  Number of SOSL queries: 0 out of 20
  Number of DML statements: 0 out of 150
  Number of DML rows: 0 out of 10000
  Maximum CPU time: 0 out of 10000
  Maximum heap size: 0 out of 6000000
  Number of callouts: 0 out of 100
  Number of Email Invocations: 0 out of 10
  Number of future calls: 0 out of 50
  Number of queueable jobs added to the queue: 0 out of 50
  Number of Mobile Apex push calls: 0 out of 10

14:44:08.231 (231872915)|CUMULATIVE_LIMIT_USAGE_END

14:44:08.0 (231923626)|CODE_UNIT_FINISHED|VF: /apex/p_WidgetFailures
14:44:08.0 (232703205)|EXECUTION_FINISHED
