43.0 APEX_CODE,DEBUG;APEX_PROFILING,INFO;CALLOUT,INFO;DB,INFO;NBA,INFO;SYSTEM,DEBUG;VALIDATION,INFO;VISUALFORCE,INFO;WAVE,INFO;WORKFLOW,INFO
14:44:29.0 (159640)|USER_INFO|[EXTERNAL]|0050Y000000OsfQ|marcoramos@stricker.pt|Western European Time|GMTZ
14:44:29.0 (230396)|EXECUTION_STARTED
14:44:29.0 (244722)|CODE_UNIT_STARTED|[EXTERNAL]|0661n000005z0Z7|VF: /apex/p_WidgetFailures
14:44:29.0 (834109)|VF_DESERIALIZE_VIEWSTATE_BEGIN|0661n000005z0Z7
14:44:29.0 (8285254)|VF_DESERIALIZE_VIEWSTATE_END
14:44:29.0 (8751883)|SYSTEM_MODE_ENTER|true
14:44:29.0 (8815069)|SYSTEM_MODE_ENTER|false
14:44:29.0 (8845227)|SYSTEM_MODE_EXIT|false
14:44:29.0 (9493883)|SYSTEM_MODE_ENTER|true
14:44:29.0 (9935458)|SYSTEM_MODE_ENTER|false
14:44:29.0 (12214268)|SOQL_EXECUTE_BEGIN|[79]|Aggregations:0|Select Id, Name, Description, AccountId, Account.Name, LastModifiedDate From Opportunity Where Erro_comunicacao__c = true and Id Not In :myOppIds And CreatedDate > 2018-11-05T00:00:00Z And (N_de_expedicao__c = null Or N_de_expedicao__c = '0') Order By LastModifiedDate Desc
14:44:29.0 (53102587)|SOQL_EXECUTE_END|[79]|Rows:1
14:44:29.0 (54577226)|SOQL_EXECUTE_BEGIN|[79]|Aggregations:0|Select Id, Name, Description, AccountId, Account.Name, LastModifiedDate From Opportunity Where Id In :myOppIds and Erro_comunicacao__c = false And CreatedDate > 2018-11-05T00:00:00Z And (N_de_expedicao__c = null Or N_de_expedicao__c = '0') Order By LastModifiedDate Desc
14:44:29.0 (60496925)|SOQL_EXECUTE_END|[79]|Rows:0
14:44:29.0 (64353461)|SYSTEM_MODE_EXIT|false
14:44:29.0 (69036504)|SYSTEM_MODE_ENTER|true
14:44:29.0 (69778812)|SYSTEM_MODE_ENTER|true
14:44:29.0 (89553504)|VF_SERIALIZE_VIEWSTATE_BEGIN|0661n000005z0Z7
14:44:29.0 (93554809)|VF_SERIALIZE_VIEWSTATE_END
14:44:29.115 (115397961)|CUMULATIVE_LIMIT_USAGE
14:44:29.115 (115397961)|LIMIT_USAGE_FOR_NS|(default)|
  Number of SOQL queries: 2 out of 100
  Number of query rows: 1 out of 50000
  Number of SOSL queries: 0 out of 20
  Number of DML statements: 0 out of 150
  Number of DML rows: 0 out of 10000
  Maximum CPU time: 0 out of 10000
  Maximum heap size: 0 out of 6000000
  Number of callouts: 0 out of 100
  Number of Email Invocations: 0 out of 10
  Number of future calls: 0 out of 50
  Number of queueable jobs added to the queue: 0 out of 50
  Number of Mobile Apex push calls: 0 out of 10

14:44:29.115 (115397961)|CUMULATIVE_LIMIT_USAGE_END

14:44:29.0 (115467427)|CODE_UNIT_FINISHED|VF: /apex/p_WidgetFailures
14:44:29.0 (116407977)|EXECUTION_FINISHED
