43.0 APEX_CODE,DEBUG;APEX_PROFILING,INFO;CALLOUT,INFO;DB,INFO;NBA,INFO;SYSTEM,DEBUG;VALIDATION,INFO;VISUALFORCE,INFO;WAVE,INFO;WORKFLOW,INFO
14:40:11.0 (147418)|USER_INFO|[EXTERNAL]|0050Y000000OsfQ|marcoramos@stricker.pt|Western European Time|GMTZ
14:40:11.0 (197996)|EXECUTION_STARTED
14:40:11.0 (214954)|CODE_UNIT_STARTED|[EXTERNAL]|0661n000005z0Z7|VF: /apex/p_WidgetFailures
14:40:11.0 (882344)|VF_DESERIALIZE_VIEWSTATE_BEGIN|0661n000005z0Z7
14:40:11.0 (8212396)|VF_DESERIALIZE_VIEWSTATE_END
14:40:11.0 (8688716)|SYSTEM_MODE_ENTER|true
14:40:11.0 (8746124)|SYSTEM_MODE_ENTER|false
14:40:11.0 (8769359)|SYSTEM_MODE_EXIT|false
14:40:11.0 (9221556)|SYSTEM_MODE_ENTER|true
14:40:11.0 (9703925)|SYSTEM_MODE_ENTER|false
14:40:11.0 (11992655)|SOQL_EXECUTE_BEGIN|[79]|Aggregations:0|Select Id, Name, Description, AccountId, Account.Name, LastModifiedDate From Opportunity Where Erro_comunicacao__c = true and Id Not In :myOppIds And CreatedDate > 2018-11-05T00:00:00Z And (N_de_expedicao__c = null Or N_de_expedicao__c = '0') Order By LastModifiedDate Desc
14:40:11.0 (54042352)|SOQL_EXECUTE_END|[79]|Rows:1
14:40:11.0 (55327648)|SOQL_EXECUTE_BEGIN|[79]|Aggregations:0|Select Id, Name, Description, AccountId, Account.Name, LastModifiedDate From Opportunity Where Id In :myOppIds and Erro_comunicacao__c = false And CreatedDate > 2018-11-05T00:00:00Z And (N_de_expedicao__c = null Or N_de_expedicao__c = '0') Order By LastModifiedDate Desc
14:40:11.0 (60947893)|SOQL_EXECUTE_END|[79]|Rows:0
14:40:11.0 (64501763)|SYSTEM_MODE_EXIT|false
14:40:11.0 (67736430)|SYSTEM_MODE_ENTER|true
14:40:11.0 (68571204)|SYSTEM_MODE_ENTER|true
14:40:11.0 (94766362)|VF_SERIALIZE_VIEWSTATE_BEGIN|0661n000005z0Z7
14:40:11.0 (99868583)|VF_SERIALIZE_VIEWSTATE_END
14:40:11.123 (123972669)|CUMULATIVE_LIMIT_USAGE
14:40:11.123 (123972669)|LIMIT_USAGE_FOR_NS|(default)|
  Number of SOQL queries: 2 out of 100
  Number of query rows: 1 out of 50000
  Number of SOSL queries: 0 out of 20
  Number of DML statements: 0 out of 150
  Number of DML rows: 0 out of 10000
  Maximum CPU time: 0 out of 10000
  Maximum heap size: 0 out of 6000000
  Number of callouts: 0 out of 100
  Number of Email Invocations: 0 out of 10
  Number of future calls: 0 out of 50
  Number of queueable jobs added to the queue: 0 out of 50
  Number of Mobile Apex push calls: 0 out of 10

14:40:11.123 (123972669)|CUMULATIVE_LIMIT_USAGE_END

14:40:11.0 (124027895)|CODE_UNIT_FINISHED|VF: /apex/p_WidgetFailures
14:40:11.0 (125127926)|EXECUTION_FINISHED
