43.0 APEX_CODE,DEBUG;APEX_PROFILING,INFO;CALLOUT,INFO;DB,INFO;NBA,INFO;SYSTEM,DEBUG;VALIDATION,INFO;VISUALFORCE,INFO;WAVE,INFO;WORKFLOW,INFO
14:45:48.0 (170076)|USER_INFO|[EXTERNAL]|0050Y000000P4Th|stepadmin@pstricker.proj|Fuso horário da Europa Ocidental|GMTZ
14:45:48.0 (250948)|EXECUTION_STARTED
14:45:48.0 (263629)|CODE_UNIT_STARTED|[EXTERNAL]|0661n000005z0Z7|VF: /apex/p_WidgetFailures
14:45:48.0 (454071)|VF_DESERIALIZE_VIEWSTATE_BEGIN|0661n000005z0Z7
14:45:48.0 (9024361)|VF_DESERIALIZE_VIEWSTATE_END
14:45:48.0 (9574140)|SYSTEM_MODE_ENTER|true
14:45:48.0 (9633963)|SYSTEM_MODE_ENTER|false
14:45:48.0 (9653943)|SYSTEM_MODE_EXIT|false
14:45:48.0 (10297918)|SYSTEM_MODE_ENTER|true
14:45:48.0 (10796093)|SYSTEM_MODE_ENTER|false
14:45:48.0 (13348017)|SOQL_EXECUTE_BEGIN|[79]|Aggregations:0|Select Id, Name, Description, AccountId, Account.Name, LastModifiedDate From Opportunity Where Erro_comunicacao__c = true and Id Not In :myOppIds And CreatedDate > 2018-11-05T00:00:00Z And (N_de_expedicao__c = null Or N_de_expedicao__c = '0') Order By LastModifiedDate Desc
14:45:48.0 (54304565)|SOQL_EXECUTE_END|[79]|Rows:1
14:45:48.0 (55366408)|SOQL_EXECUTE_BEGIN|[79]|Aggregations:0|Select Id, Name, Description, AccountId, Account.Name, LastModifiedDate From Opportunity Where Id In :myOppIds and Erro_comunicacao__c = false And CreatedDate > 2018-11-05T00:00:00Z And (N_de_expedicao__c = null Or N_de_expedicao__c = '0') Order By LastModifiedDate Desc
14:45:48.0 (60710482)|SOQL_EXECUTE_END|[79]|Rows:0
14:45:48.0 (63248234)|SYSTEM_MODE_EXIT|false
14:45:48.0 (66353248)|SYSTEM_MODE_ENTER|true
14:45:48.0 (67009912)|SYSTEM_MODE_ENTER|true
14:45:48.0 (84658526)|VF_SERIALIZE_VIEWSTATE_BEGIN|0661n000005z0Z7
14:45:48.0 (88658004)|VF_SERIALIZE_VIEWSTATE_END
14:45:48.110 (110864764)|CUMULATIVE_LIMIT_USAGE
14:45:48.110 (110864764)|LIMIT_USAGE_FOR_NS|(default)|
  Number of SOQL queries: 2 out of 100
  Number of query rows: 1 out of 50000
  Number of SOSL queries: 0 out of 20
  Number of DML statements: 0 out of 150
  Number of DML rows: 0 out of 10000
  Maximum CPU time: 0 out of 10000
  Maximum heap size: 0 out of 6000000
  Number of callouts: 0 out of 100
  Number of Email Invocations: 0 out of 10
  Number of future calls: 0 out of 50
  Number of queueable jobs added to the queue: 0 out of 50
  Number of Mobile Apex push calls: 0 out of 10

14:45:48.110 (110864764)|CUMULATIVE_LIMIT_USAGE_END

14:45:48.0 (110919143)|CODE_UNIT_FINISHED|VF: /apex/p_WidgetFailures
14:45:48.0 (111712156)|EXECUTION_FINISHED
