43.0 APEX_CODE,DEBUG;APEX_PROFILING,INFO;CALLOUT,INFO;DB,INFO;NBA,INFO;SYSTEM,DEBUG;VALIDATION,INFO;VISUALFORCE,INFO;WAVE,INFO;WORKFLOW,INFO
14:10:22.0 (102682)|USER_INFO|[EXTERNAL]|0050Y000000P4Th|stepadmin@pstricker.proj|Fuso horário da Europa Ocidental|GMTZ
14:10:22.0 (147899)|EXECUTION_STARTED
14:10:22.0 (154271)|CODE_UNIT_STARTED|[EXTERNAL]|0661n000005z0Z7|VF: /apex/p_WidgetFailures
14:10:22.0 (309464)|VF_DESERIALIZE_VIEWSTATE_BEGIN|0661n000005z0Z7
14:10:22.0 (7899472)|VF_DESERIALIZE_VIEWSTATE_END
14:10:22.0 (8367824)|SYSTEM_MODE_ENTER|true
14:10:22.0 (8420028)|SYSTEM_MODE_ENTER|false
14:10:22.0 (8461495)|SYSTEM_MODE_EXIT|false
14:10:22.0 (8934348)|SYSTEM_MODE_ENTER|true
14:10:22.0 (9395665)|SYSTEM_MODE_ENTER|false
14:10:22.0 (11481128)|SOQL_EXECUTE_BEGIN|[79]|Aggregations:0|Select Id, Name, Description, AccountId, Account.Name, LastModifiedDate From Opportunity Where Erro_comunicacao__c = true and Id Not In :myOppIds And CreatedDate > 2018-11-05T00:00:00Z And (N_de_expedicao__c = null Or N_de_expedicao__c = '0') Order By LastModifiedDate Desc
14:10:22.0 (56753400)|SOQL_EXECUTE_END|[79]|Rows:1
14:10:22.0 (57878405)|SOQL_EXECUTE_BEGIN|[79]|Aggregations:0|Select Id, Name, Description, AccountId, Account.Name, LastModifiedDate From Opportunity Where Id In :myOppIds and Erro_comunicacao__c = false And CreatedDate > 2018-11-05T00:00:00Z And (N_de_expedicao__c = null Or N_de_expedicao__c = '0') Order By LastModifiedDate Desc
14:10:22.0 (63135766)|SOQL_EXECUTE_END|[79]|Rows:0
14:10:22.0 (66025001)|SYSTEM_MODE_EXIT|false
14:10:22.0 (69185655)|SYSTEM_MODE_ENTER|true
14:10:22.0 (69878130)|SYSTEM_MODE_ENTER|true
14:10:22.0 (87313486)|VF_SERIALIZE_VIEWSTATE_BEGIN|0661n000005z0Z7
14:10:22.0 (91379040)|VF_SERIALIZE_VIEWSTATE_END
14:10:22.111 (111130192)|CUMULATIVE_LIMIT_USAGE
14:10:22.111 (111130192)|LIMIT_USAGE_FOR_NS|(default)|
  Number of SOQL queries: 2 out of 100
  Number of query rows: 1 out of 50000
  Number of SOSL queries: 0 out of 20
  Number of DML statements: 0 out of 150
  Number of DML rows: 0 out of 10000
  Maximum CPU time: 0 out of 10000
  Maximum heap size: 0 out of 6000000
  Number of callouts: 0 out of 100
  Number of Email Invocations: 0 out of 10
  Number of future calls: 0 out of 50
  Number of queueable jobs added to the queue: 0 out of 50
  Number of Mobile Apex push calls: 0 out of 10

14:10:22.111 (111130192)|CUMULATIVE_LIMIT_USAGE_END

14:10:22.0 (111181322)|CODE_UNIT_FINISHED|VF: /apex/p_WidgetFailures
14:10:22.0 (111845638)|EXECUTION_FINISHED
