43.0 APEX_CODE,DEBUG;APEX_PROFILING,INFO;CALLOUT,INFO;DB,INFO;NBA,INFO;SYSTEM,DEBUG;VALIDATION,INFO;VISUALFORCE,INFO;WAVE,INFO;WORKFLOW,INFO
14:39:20.0 (136676)|USER_INFO|[EXTERNAL]|0050Y000000OsfQ|marcoramos@stricker.pt|Western European Time|GMTZ
14:39:20.0 (188822)|EXECUTION_STARTED
14:39:20.0 (200807)|CODE_UNIT_STARTED|[EXTERNAL]|0661n000005z0Z7|VF: /apex/p_WidgetFailures
14:39:20.0 (834779)|VF_DESERIALIZE_VIEWSTATE_BEGIN|0661n000005z0Z7
14:39:20.0 (8603986)|VF_DESERIALIZE_VIEWSTATE_END
14:39:20.0 (9132424)|SYSTEM_MODE_ENTER|true
14:39:20.0 (9198687)|SYSTEM_MODE_ENTER|false
14:39:20.0 (9223116)|SYSTEM_MODE_EXIT|false
14:39:20.0 (9789279)|SYSTEM_MODE_ENTER|true
14:39:20.0 (10275829)|SYSTEM_MODE_ENTER|false
14:39:20.0 (12539808)|SOQL_EXECUTE_BEGIN|[79]|Aggregations:0|Select Id, Name, Description, AccountId, Account.Name, LastModifiedDate From Opportunity Where Erro_comunicacao__c = true and Id Not In :myOppIds And CreatedDate > 2018-11-05T00:00:00Z And (N_de_expedicao__c = null Or N_de_expedicao__c = '0') Order By LastModifiedDate Desc
14:39:20.0 (68095025)|SOQL_EXECUTE_END|[79]|Rows:1
14:39:20.0 (69317604)|SOQL_EXECUTE_BEGIN|[79]|Aggregations:0|Select Id, Name, Description, AccountId, Account.Name, LastModifiedDate From Opportunity Where Id In :myOppIds and Erro_comunicacao__c = false And CreatedDate > 2018-11-05T00:00:00Z And (N_de_expedicao__c = null Or N_de_expedicao__c = '0') Order By LastModifiedDate Desc
14:39:20.0 (75130980)|SOQL_EXECUTE_END|[79]|Rows:0
14:39:20.0 (77650897)|SYSTEM_MODE_EXIT|false
14:39:20.0 (81161507)|SYSTEM_MODE_ENTER|true
14:39:20.0 (81999524)|SYSTEM_MODE_ENTER|true
14:39:20.0 (104092878)|VF_SERIALIZE_VIEWSTATE_BEGIN|0661n000005z0Z7
14:39:20.0 (108418051)|VF_SERIALIZE_VIEWSTATE_END
14:39:20.132 (132298393)|CUMULATIVE_LIMIT_USAGE
14:39:20.132 (132298393)|LIMIT_USAGE_FOR_NS|(default)|
  Number of SOQL queries: 2 out of 100
  Number of query rows: 1 out of 50000
  Number of SOSL queries: 0 out of 20
  Number of DML statements: 0 out of 150
  Number of DML rows: 0 out of 10000
  Maximum CPU time: 0 out of 10000
  Maximum heap size: 0 out of 6000000
  Number of callouts: 0 out of 100
  Number of Email Invocations: 0 out of 10
  Number of future calls: 0 out of 50
  Number of queueable jobs added to the queue: 0 out of 50
  Number of Mobile Apex push calls: 0 out of 10

14:39:20.132 (132298393)|CUMULATIVE_LIMIT_USAGE_END

14:39:20.0 (132356968)|CODE_UNIT_FINISHED|VF: /apex/p_WidgetFailures
14:39:20.0 (133131287)|EXECUTION_FINISHED
