43.0 APEX_CODE,DEBUG;APEX_PROFILING,INFO;CALLOUT,INFO;DB,INFO;NBA,INFO;SYSTEM,DEBUG;VALIDATION,INFO;VISUALFORCE,INFO;WAVE,INFO;WORKFLOW,INFO
14:43:43.0 (163841)|USER_INFO|[EXTERNAL]|0050Y000000P4Th|stepadmin@pstricker.proj|Fuso horário da Europa Ocidental|GMTZ
14:43:43.0 (227116)|EXECUTION_STARTED
14:43:43.0 (236164)|CODE_UNIT_STARTED|[EXTERNAL]|0661n000005z0Z7|VF: /apex/p_WidgetFailures
14:43:43.0 (447253)|VF_DESERIALIZE_VIEWSTATE_BEGIN|0661n000005z0Z7
14:43:43.0 (8768728)|VF_DESERIALIZE_VIEWSTATE_END
14:43:43.0 (9376588)|SYSTEM_MODE_ENTER|true
14:43:43.0 (9441896)|SYSTEM_MODE_ENTER|false
14:43:43.0 (9467910)|SYSTEM_MODE_EXIT|false
14:43:43.0 (10361675)|SYSTEM_MODE_ENTER|true
14:43:43.0 (10832315)|SYSTEM_MODE_ENTER|false
14:43:43.0 (13486167)|SOQL_EXECUTE_BEGIN|[79]|Aggregations:0|Select Id, Name, Description, AccountId, Account.Name, LastModifiedDate From Opportunity Where Erro_comunicacao__c = true and Id Not In :myOppIds And CreatedDate > 2018-11-05T00:00:00Z And (N_de_expedicao__c = null Or N_de_expedicao__c = '0') Order By LastModifiedDate Desc
14:43:43.0 (56565250)|SOQL_EXECUTE_END|[79]|Rows:1
14:43:43.0 (58054765)|SOQL_EXECUTE_BEGIN|[79]|Aggregations:0|Select Id, Name, Description, AccountId, Account.Name, LastModifiedDate From Opportunity Where Id In :myOppIds and Erro_comunicacao__c = false And CreatedDate > 2018-11-05T00:00:00Z And (N_de_expedicao__c = null Or N_de_expedicao__c = '0') Order By LastModifiedDate Desc
14:43:43.0 (65965351)|SOQL_EXECUTE_END|[79]|Rows:0
14:43:43.0 (69361919)|SYSTEM_MODE_EXIT|false
14:43:43.0 (72815795)|SYSTEM_MODE_ENTER|true
14:43:43.0 (73490099)|SYSTEM_MODE_ENTER|true
14:43:43.0 (92471265)|VF_SERIALIZE_VIEWSTATE_BEGIN|0661n000005z0Z7
14:43:43.0 (96376315)|VF_SERIALIZE_VIEWSTATE_END
14:43:43.120 (120962485)|CUMULATIVE_LIMIT_USAGE
14:43:43.120 (120962485)|LIMIT_USAGE_FOR_NS|(default)|
  Number of SOQL queries: 2 out of 100
  Number of query rows: 1 out of 50000
  Number of SOSL queries: 0 out of 20
  Number of DML statements: 0 out of 150
  Number of DML rows: 0 out of 10000
  Maximum CPU time: 0 out of 10000
  Maximum heap size: 0 out of 6000000
  Number of callouts: 0 out of 100
  Number of Email Invocations: 0 out of 10
  Number of future calls: 0 out of 50
  Number of queueable jobs added to the queue: 0 out of 50
  Number of Mobile Apex push calls: 0 out of 10

14:43:43.120 (120962485)|CUMULATIVE_LIMIT_USAGE_END

14:43:43.0 (121023238)|CODE_UNIT_FINISHED|VF: /apex/p_WidgetFailures
14:43:43.0 (122627770)|EXECUTION_FINISHED
