43.0 APEX_CODE,DEBUG;APEX_PROFILING,INFO;CALLOUT,INFO;DB,INFO;NBA,INFO;SYSTEM,DEBUG;VALIDATION,INFO;VISUALFORCE,INFO;WAVE,INFO;WORKFLOW,INFO
14:14:20.0 (123662)|USER_INFO|[EXTERNAL]|0050Y000000OsfQ|marcoramos@stricker.pt|Western European Time|GMTZ
14:14:20.0 (213165)|EXECUTION_STARTED
14:14:20.0 (219333)|CODE_UNIT_STARTED|[EXTERNAL]|0661n000005z0Z7|VF: /apex/p_WidgetFailures
14:14:20.0 (768266)|VF_DESERIALIZE_VIEWSTATE_BEGIN|0661n000005z0Z7
14:14:20.0 (8583963)|VF_DESERIALIZE_VIEWSTATE_END
14:14:20.0 (9127454)|SYSTEM_MODE_ENTER|true
14:14:20.0 (9309900)|SYSTEM_MODE_ENTER|false
14:14:20.0 (9334485)|SYSTEM_MODE_EXIT|false
14:14:20.0 (9896844)|SYSTEM_MODE_ENTER|true
14:14:20.0 (10286514)|SYSTEM_MODE_ENTER|false
14:14:20.0 (12720299)|SOQL_EXECUTE_BEGIN|[79]|Aggregations:0|Select Id, Name, Description, AccountId, Account.Name, LastModifiedDate From Opportunity Where Erro_comunicacao__c = true and Id Not In :myOppIds And CreatedDate > 2018-11-05T00:00:00Z And (N_de_expedicao__c = null Or N_de_expedicao__c = '0') Order By LastModifiedDate Desc
14:14:20.0 (57541099)|SOQL_EXECUTE_END|[79]|Rows:1
14:14:20.0 (58838551)|SOQL_EXECUTE_BEGIN|[79]|Aggregations:0|Select Id, Name, Description, AccountId, Account.Name, LastModifiedDate From Opportunity Where Id In :myOppIds and Erro_comunicacao__c = false And CreatedDate > 2018-11-05T00:00:00Z And (N_de_expedicao__c = null Or N_de_expedicao__c = '0') Order By LastModifiedDate Desc
14:14:20.0 (65847697)|SOQL_EXECUTE_END|[79]|Rows:0
14:14:20.0 (68428373)|SYSTEM_MODE_EXIT|false
14:14:20.0 (71769467)|SYSTEM_MODE_ENTER|true
14:14:20.0 (72656150)|SYSTEM_MODE_ENTER|true
14:14:20.0 (94370394)|VF_SERIALIZE_VIEWSTATE_BEGIN|0661n000005z0Z7
14:14:20.0 (98555522)|VF_SERIALIZE_VIEWSTATE_END
14:14:20.121 (121854421)|CUMULATIVE_LIMIT_USAGE
14:14:20.121 (121854421)|LIMIT_USAGE_FOR_NS|(default)|
  Number of SOQL queries: 2 out of 100
  Number of query rows: 1 out of 50000
  Number of SOSL queries: 0 out of 20
  Number of DML statements: 0 out of 150
  Number of DML rows: 0 out of 10000
  Maximum CPU time: 0 out of 10000
  Maximum heap size: 0 out of 6000000
  Number of callouts: 0 out of 100
  Number of Email Invocations: 0 out of 10
  Number of future calls: 0 out of 50
  Number of queueable jobs added to the queue: 0 out of 50
  Number of Mobile Apex push calls: 0 out of 10

14:14:20.121 (121854421)|CUMULATIVE_LIMIT_USAGE_END

14:14:20.0 (121913554)|CODE_UNIT_FINISHED|VF: /apex/p_WidgetFailures
14:14:20.0 (122609615)|EXECUTION_FINISHED
