43.0 APEX_CODE,DEBUG;APEX_PROFILING,INFO;CALLOUT,INFO;DB,INFO;NBA,INFO;SYSTEM,DEBUG;VALIDATION,INFO;VISUALFORCE,INFO;WAVE,INFO;WORKFLOW,INFO
14:15:01.1 (1026066)|USER_INFO|[EXTERNAL]|0050Y000000OsfQ|marcoramos@stricker.pt|Western European Time|GMTZ
14:15:01.1 (1068450)|EXECUTION_STARTED
14:15:01.1 (1074206)|CODE_UNIT_STARTED|[EXTERNAL]|0661n000005z0Z7|VF: /apex/p_WidgetFailures
14:15:01.1 (1241217)|VF_DESERIALIZE_VIEWSTATE_BEGIN|0661n000005z0Z7
14:15:01.1 (10105513)|VF_DESERIALIZE_VIEWSTATE_END
14:15:01.1 (10662786)|SYSTEM_MODE_ENTER|true
14:15:01.1 (10722326)|SYSTEM_MODE_ENTER|false
14:15:01.1 (10759587)|SYSTEM_MODE_EXIT|false
14:15:01.1 (11418190)|SYSTEM_MODE_ENTER|true
14:15:01.1 (11866378)|SYSTEM_MODE_ENTER|false
14:15:01.1 (14896456)|SOQL_EXECUTE_BEGIN|[79]|Aggregations:0|Select Id, Name, Description, AccountId, Account.Name, LastModifiedDate From Opportunity Where Erro_comunicacao__c = true and Id Not In :myOppIds And CreatedDate > 2018-11-05T00:00:00Z And (N_de_expedicao__c = null Or N_de_expedicao__c = '0') Order By LastModifiedDate Desc
14:15:01.1 (64991318)|SOQL_EXECUTE_END|[79]|Rows:1
14:15:01.1 (66188829)|SOQL_EXECUTE_BEGIN|[79]|Aggregations:0|Select Id, Name, Description, AccountId, Account.Name, LastModifiedDate From Opportunity Where Id In :myOppIds and Erro_comunicacao__c = false And CreatedDate > 2018-11-05T00:00:00Z And (N_de_expedicao__c = null Or N_de_expedicao__c = '0') Order By LastModifiedDate Desc
14:15:01.1 (72998319)|SOQL_EXECUTE_END|[79]|Rows:0
14:15:01.1 (76172486)|SYSTEM_MODE_EXIT|false
14:15:01.1 (80252576)|SYSTEM_MODE_ENTER|true
14:15:01.1 (81233129)|SYSTEM_MODE_ENTER|true
14:15:01.1 (112833664)|VF_SERIALIZE_VIEWSTATE_BEGIN|0661n000005z0Z7
14:15:01.1 (118152160)|VF_SERIALIZE_VIEWSTATE_END
14:15:01.141 (141534813)|CUMULATIVE_LIMIT_USAGE
14:15:01.141 (141534813)|LIMIT_USAGE_FOR_NS|(default)|
  Number of SOQL queries: 2 out of 100
  Number of query rows: 1 out of 50000
  Number of SOSL queries: 0 out of 20
  Number of DML statements: 0 out of 150
  Number of DML rows: 0 out of 10000
  Maximum CPU time: 0 out of 10000
  Maximum heap size: 0 out of 6000000
  Number of callouts: 0 out of 100
  Number of Email Invocations: 0 out of 10
  Number of future calls: 0 out of 50
  Number of queueable jobs added to the queue: 0 out of 50
  Number of Mobile Apex push calls: 0 out of 10

14:15:01.141 (141534813)|CUMULATIVE_LIMIT_USAGE_END

14:15:01.1 (141599449)|CODE_UNIT_FINISHED|VF: /apex/p_WidgetFailures
14:15:01.1 (142514332)|EXECUTION_FINISHED
