43.0 APEX_CODE,DEBUG;APEX_PROFILING,INFO;CALLOUT,INFO;DB,INFO;NBA,INFO;SYSTEM,DEBUG;VALIDATION,INFO;VISUALFORCE,INFO;WAVE,INFO;WORKFLOW,INFO
14:24:07.0 (94843)|USER_INFO|[EXTERNAL]|0050Y000000P4Th|stepadmin@pstricker.proj|Fuso horário da Europa Ocidental|GMTZ
14:24:07.0 (128473)|EXECUTION_STARTED
14:24:07.0 (136233)|CODE_UNIT_STARTED|[EXTERNAL]|0661n000005z0Z7|VF: /apex/p_WidgetFailures
14:24:07.0 (300256)|VF_DESERIALIZE_VIEWSTATE_BEGIN|0661n000005z0Z7
14:24:07.0 (46941521)|VF_DESERIALIZE_VIEWSTATE_END
14:24:07.0 (47530251)|SYSTEM_MODE_ENTER|true
14:24:07.0 (47766824)|SYSTEM_MODE_ENTER|false
14:24:07.0 (47808473)|SYSTEM_MODE_EXIT|false
14:24:07.0 (48502068)|SYSTEM_MODE_ENTER|true
14:24:07.0 (49116250)|SYSTEM_MODE_ENTER|false
14:24:07.0 (51979563)|SOQL_EXECUTE_BEGIN|[79]|Aggregations:0|Select Id, Name, Description, AccountId, Account.Name, LastModifiedDate From Opportunity Where Erro_comunicacao__c = true and Id Not In :myOppIds And CreatedDate > 2018-11-05T00:00:00Z And (N_de_expedicao__c = null Or N_de_expedicao__c = '0') Order By LastModifiedDate Desc
14:24:07.0 (118121800)|SOQL_EXECUTE_END|[79]|Rows:1
14:24:07.0 (119982776)|SOQL_EXECUTE_BEGIN|[79]|Aggregations:0|Select Id, Name, Description, AccountId, Account.Name, LastModifiedDate From Opportunity Where Id In :myOppIds and Erro_comunicacao__c = false And CreatedDate > 2018-11-05T00:00:00Z And (N_de_expedicao__c = null Or N_de_expedicao__c = '0') Order By LastModifiedDate Desc
14:24:07.0 (139937039)|SOQL_EXECUTE_END|[79]|Rows:0
14:24:07.0 (143999804)|SYSTEM_MODE_EXIT|false
14:24:07.0 (154151144)|SYSTEM_MODE_ENTER|true
14:24:07.0 (155980796)|SYSTEM_MODE_ENTER|true
14:24:07.0 (242892830)|VF_SERIALIZE_VIEWSTATE_BEGIN|0661n000005z0Z7
14:24:07.0 (263779773)|VF_SERIALIZE_VIEWSTATE_END
14:24:07.349 (349903675)|CUMULATIVE_LIMIT_USAGE
14:24:07.349 (349903675)|LIMIT_USAGE_FOR_NS|(default)|
  Number of SOQL queries: 2 out of 100
  Number of query rows: 1 out of 50000
  Number of SOSL queries: 0 out of 20
  Number of DML statements: 0 out of 150
  Number of DML rows: 0 out of 10000
  Maximum CPU time: 0 out of 10000
  Maximum heap size: 0 out of 6000000
  Number of callouts: 0 out of 100
  Number of Email Invocations: 0 out of 10
  Number of future calls: 0 out of 50
  Number of queueable jobs added to the queue: 0 out of 50
  Number of Mobile Apex push calls: 0 out of 10

14:24:07.349 (349903675)|CUMULATIVE_LIMIT_USAGE_END

14:24:07.0 (349977220)|CODE_UNIT_FINISHED|VF: /apex/p_WidgetFailures
14:24:07.0 (354888867)|EXECUTION_FINISHED
