43.0 APEX_CODE,DEBUG;APEX_PROFILING,INFO;CALLOUT,INFO;DB,INFO;NBA,INFO;SYSTEM,DEBUG;VALIDATION,INFO;VISUALFORCE,INFO;WAVE,INFO;WORKFLOW,INFO
14:22:32.0 (106691)|USER_INFO|[EXTERNAL]|0050Y000000OsfQ|marcoramos@stricker.pt|Western European Time|GMTZ
14:22:32.0 (145283)|EXECUTION_STARTED
14:22:32.0 (156376)|CODE_UNIT_STARTED|[EXTERNAL]|0661n000005z0Z7|VF: /apex/p_WidgetFailures
14:22:32.0 (807849)|VF_DESERIALIZE_VIEWSTATE_BEGIN|0661n000005z0Z7
14:22:32.0 (8079472)|VF_DESERIALIZE_VIEWSTATE_END
14:22:32.0 (8636673)|SYSTEM_MODE_ENTER|true
14:22:32.0 (8727709)|SYSTEM_MODE_ENTER|false
14:22:32.0 (8758103)|SYSTEM_MODE_EXIT|false
14:22:32.0 (9389743)|SYSTEM_MODE_ENTER|true
14:22:32.0 (9841006)|SYSTEM_MODE_ENTER|false
14:22:32.0 (12272102)|SOQL_EXECUTE_BEGIN|[79]|Aggregations:0|Select Id, Name, Description, AccountId, Account.Name, LastModifiedDate From Opportunity Where Erro_comunicacao__c = true and Id Not In :myOppIds And CreatedDate > 2018-11-05T00:00:00Z And (N_de_expedicao__c = null Or N_de_expedicao__c = '0') Order By LastModifiedDate Desc
14:22:32.0 (50917232)|SOQL_EXECUTE_END|[79]|Rows:1
14:22:32.0 (52050547)|SOQL_EXECUTE_BEGIN|[79]|Aggregations:0|Select Id, Name, Description, AccountId, Account.Name, LastModifiedDate From Opportunity Where Id In :myOppIds and Erro_comunicacao__c = false And CreatedDate > 2018-11-05T00:00:00Z And (N_de_expedicao__c = null Or N_de_expedicao__c = '0') Order By LastModifiedDate Desc
14:22:32.0 (57750780)|SOQL_EXECUTE_END|[79]|Rows:0
14:22:32.0 (60307344)|SYSTEM_MODE_EXIT|false
14:22:32.0 (63613061)|SYSTEM_MODE_ENTER|true
14:22:32.0 (64371644)|SYSTEM_MODE_ENTER|true
14:22:32.0 (81864641)|VF_SERIALIZE_VIEWSTATE_BEGIN|0661n000005z0Z7
14:22:32.0 (85601094)|VF_SERIALIZE_VIEWSTATE_END
14:22:32.104 (104707746)|CUMULATIVE_LIMIT_USAGE
14:22:32.104 (104707746)|LIMIT_USAGE_FOR_NS|(default)|
  Number of SOQL queries: 2 out of 100
  Number of query rows: 1 out of 50000
  Number of SOSL queries: 0 out of 20
  Number of DML statements: 0 out of 150
  Number of DML rows: 0 out of 10000
  Maximum CPU time: 0 out of 10000
  Maximum heap size: 0 out of 6000000
  Number of callouts: 0 out of 100
  Number of Email Invocations: 0 out of 10
  Number of future calls: 0 out of 50
  Number of queueable jobs added to the queue: 0 out of 50
  Number of Mobile Apex push calls: 0 out of 10

14:22:32.104 (104707746)|CUMULATIVE_LIMIT_USAGE_END

14:22:32.0 (104755689)|CODE_UNIT_FINISHED|VF: /apex/p_WidgetFailures
14:22:32.0 (105440890)|EXECUTION_FINISHED
