43.0 APEX_CODE,DEBUG;APEX_PROFILING,INFO;CALLOUT,INFO;DB,INFO;NBA,INFO;SYSTEM,DEBUG;VALIDATION,INFO;VISUALFORCE,INFO;WAVE,INFO;WORKFLOW,INFO
14:09:49.0 (101051)|USER_INFO|[EXTERNAL]|0050Y000000P4Th|stepadmin@pstricker.proj|Fuso horário da Europa Ocidental|GMTZ
14:09:49.0 (134265)|EXECUTION_STARTED
14:09:49.0 (139848)|CODE_UNIT_STARTED|[EXTERNAL]|0661n000005z0Z7|VF: /apex/p_WidgetFailures
14:09:49.0 (309528)|VF_DESERIALIZE_VIEWSTATE_BEGIN|0661n000005z0Z7
14:09:49.0 (7338570)|VF_DESERIALIZE_VIEWSTATE_END
14:09:49.0 (7897578)|SYSTEM_MODE_ENTER|true
14:09:49.0 (7946847)|SYSTEM_MODE_ENTER|false
14:09:49.0 (7975288)|SYSTEM_MODE_EXIT|false
14:09:49.0 (8397822)|SYSTEM_MODE_ENTER|true
14:09:49.0 (8797609)|SYSTEM_MODE_ENTER|false
14:09:49.0 (10733082)|SOQL_EXECUTE_BEGIN|[79]|Aggregations:0|Select Id, Name, Description, AccountId, Account.Name, LastModifiedDate From Opportunity Where Erro_comunicacao__c = true and Id Not In :myOppIds And CreatedDate > 2018-11-05T00:00:00Z And (N_de_expedicao__c = null Or N_de_expedicao__c = '0') Order By LastModifiedDate Desc
14:09:49.0 (50923288)|SOQL_EXECUTE_END|[79]|Rows:1
14:09:49.0 (51906237)|SOQL_EXECUTE_BEGIN|[79]|Aggregations:0|Select Id, Name, Description, AccountId, Account.Name, LastModifiedDate From Opportunity Where Id In :myOppIds and Erro_comunicacao__c = false And CreatedDate > 2018-11-05T00:00:00Z And (N_de_expedicao__c = null Or N_de_expedicao__c = '0') Order By LastModifiedDate Desc
14:09:49.0 (57001440)|SOQL_EXECUTE_END|[79]|Rows:0
14:09:49.0 (60260723)|SYSTEM_MODE_EXIT|false
14:09:49.0 (64570467)|SYSTEM_MODE_ENTER|true
14:09:49.0 (65457303)|SYSTEM_MODE_ENTER|true
14:09:49.0 (85684923)|VF_SERIALIZE_VIEWSTATE_BEGIN|0661n000005z0Z7
14:09:49.0 (89776149)|VF_SERIALIZE_VIEWSTATE_END
14:09:49.110 (110719581)|CUMULATIVE_LIMIT_USAGE
14:09:49.110 (110719581)|LIMIT_USAGE_FOR_NS|(default)|
  Number of SOQL queries: 2 out of 100
  Number of query rows: 1 out of 50000
  Number of SOSL queries: 0 out of 20
  Number of DML statements: 0 out of 150
  Number of DML rows: 0 out of 10000
  Maximum CPU time: 0 out of 10000
  Maximum heap size: 0 out of 6000000
  Number of callouts: 0 out of 100
  Number of Email Invocations: 0 out of 10
  Number of future calls: 0 out of 50
  Number of queueable jobs added to the queue: 0 out of 50
  Number of Mobile Apex push calls: 0 out of 10

14:09:49.110 (110719581)|CUMULATIVE_LIMIT_USAGE_END

14:09:49.0 (110773127)|CODE_UNIT_FINISHED|VF: /apex/p_WidgetFailures
14:09:49.0 (111495422)|EXECUTION_FINISHED
