43.0 APEX_CODE,DEBUG;APEX_PROFILING,INFO;CALLOUT,INFO;DB,INFO;NBA,INFO;SYSTEM,DEBUG;VALIDATION,INFO;VISUALFORCE,INFO;WAVE,INFO;WORKFLOW,INFO
14:07:58.0 (203529)|USER_INFO|[EXTERNAL]|0050Y000000P4Th|stepadmin@pstricker.proj|Fuso horário da Europa Ocidental|GMTZ
14:07:58.0 (247123)|EXECUTION_STARTED
14:07:58.0 (257362)|CODE_UNIT_STARTED|[EXTERNAL]|0661n000005z0Z7|VF: /apex/p_WidgetFailures
14:07:58.0 (426517)|VF_DESERIALIZE_VIEWSTATE_BEGIN|0661n000005z0Z7
14:07:58.0 (7432449)|VF_DESERIALIZE_VIEWSTATE_END
14:07:58.0 (8086115)|SYSTEM_MODE_ENTER|true
14:07:58.0 (8159297)|SYSTEM_MODE_ENTER|false
14:07:58.0 (8186145)|SYSTEM_MODE_EXIT|false
14:07:58.0 (8696353)|SYSTEM_MODE_ENTER|true
14:07:58.0 (9238945)|SYSTEM_MODE_ENTER|false
14:07:58.0 (11412083)|SOQL_EXECUTE_BEGIN|[79]|Aggregations:0|Select Id, Name, Description, AccountId, Account.Name, LastModifiedDate From Opportunity Where Erro_comunicacao__c = true and Id Not In :myOppIds And CreatedDate > 2018-11-05T00:00:00Z And (N_de_expedicao__c = null Or N_de_expedicao__c = '0') Order By LastModifiedDate Desc
14:07:58.0 (54956060)|SOQL_EXECUTE_END|[79]|Rows:1
14:07:58.0 (56425161)|SOQL_EXECUTE_BEGIN|[79]|Aggregations:0|Select Id, Name, Description, AccountId, Account.Name, LastModifiedDate From Opportunity Where Id In :myOppIds and Erro_comunicacao__c = false And CreatedDate > 2018-11-05T00:00:00Z And (N_de_expedicao__c = null Or N_de_expedicao__c = '0') Order By LastModifiedDate Desc
14:07:58.0 (62700775)|SOQL_EXECUTE_END|[79]|Rows:0
14:07:58.0 (66369647)|SYSTEM_MODE_EXIT|false
14:07:58.0 (70910956)|SYSTEM_MODE_ENTER|true
14:07:58.0 (72028077)|SYSTEM_MODE_ENTER|true
14:07:58.0 (92224472)|VF_SERIALIZE_VIEWSTATE_BEGIN|0661n000005z0Z7
14:07:58.0 (97018777)|VF_SERIALIZE_VIEWSTATE_END
14:07:58.120 (120227733)|CUMULATIVE_LIMIT_USAGE
14:07:58.120 (120227733)|LIMIT_USAGE_FOR_NS|(default)|
  Number of SOQL queries: 2 out of 100
  Number of query rows: 1 out of 50000
  Number of SOSL queries: 0 out of 20
  Number of DML statements: 0 out of 150
  Number of DML rows: 0 out of 10000
  Maximum CPU time: 0 out of 10000
  Maximum heap size: 0 out of 6000000
  Number of callouts: 0 out of 100
  Number of Email Invocations: 0 out of 10
  Number of future calls: 0 out of 50
  Number of queueable jobs added to the queue: 0 out of 50
  Number of Mobile Apex push calls: 0 out of 10

14:07:58.120 (120227733)|CUMULATIVE_LIMIT_USAGE_END

14:07:58.0 (120286387)|CODE_UNIT_FINISHED|VF: /apex/p_WidgetFailures
14:07:58.0 (121301527)|EXECUTION_FINISHED
