43.0 APEX_CODE,DEBUG;APEX_PROFILING,INFO;CALLOUT,INFO;DB,INFO;NBA,INFO;SYSTEM,DEBUG;VALIDATION,INFO;VISUALFORCE,INFO;WAVE,INFO;WORKFLOW,INFO
14:23:19.0 (92699)|USER_INFO|[EXTERNAL]|0050Y000000P4Th|stepadmin@pstricker.proj|Fuso horário da Europa Ocidental|GMTZ
14:23:19.0 (140294)|EXECUTION_STARTED
14:23:19.0 (146606)|CODE_UNIT_STARTED|[EXTERNAL]|0661n000005z0Z7|VF: /apex/p_WidgetFailures
14:23:19.0 (358173)|VF_DESERIALIZE_VIEWSTATE_BEGIN|0661n000005z0Z7
14:23:19.0 (9634103)|VF_DESERIALIZE_VIEWSTATE_END
14:23:19.0 (10080136)|SYSTEM_MODE_ENTER|true
14:23:19.0 (10279587)|SYSTEM_MODE_ENTER|false
14:23:19.0 (10308898)|SYSTEM_MODE_EXIT|false
14:23:19.0 (10771960)|SYSTEM_MODE_ENTER|true
14:23:19.0 (11205540)|SYSTEM_MODE_ENTER|false
14:23:19.0 (13562641)|SOQL_EXECUTE_BEGIN|[79]|Aggregations:0|Select Id, Name, Description, AccountId, Account.Name, LastModifiedDate From Opportunity Where Erro_comunicacao__c = true and Id Not In :myOppIds And CreatedDate > 2018-11-05T00:00:00Z And (N_de_expedicao__c = null Or N_de_expedicao__c = '0') Order By LastModifiedDate Desc
14:23:19.0 (54567230)|SOQL_EXECUTE_END|[79]|Rows:1
14:23:19.0 (55802546)|SOQL_EXECUTE_BEGIN|[79]|Aggregations:0|Select Id, Name, Description, AccountId, Account.Name, LastModifiedDate From Opportunity Where Id In :myOppIds and Erro_comunicacao__c = false And CreatedDate > 2018-11-05T00:00:00Z And (N_de_expedicao__c = null Or N_de_expedicao__c = '0') Order By LastModifiedDate Desc
14:23:19.0 (62129666)|SOQL_EXECUTE_END|[79]|Rows:0
14:23:19.0 (80092446)|SYSTEM_MODE_EXIT|false
14:23:19.0 (83592924)|SYSTEM_MODE_ENTER|true
14:23:19.0 (84321900)|SYSTEM_MODE_ENTER|true
14:23:19.0 (114546880)|VF_SERIALIZE_VIEWSTATE_BEGIN|0661n000005z0Z7
14:23:19.0 (120663536)|VF_SERIALIZE_VIEWSTATE_END
14:23:19.145 (145980826)|CUMULATIVE_LIMIT_USAGE
14:23:19.145 (145980826)|LIMIT_USAGE_FOR_NS|(default)|
  Number of SOQL queries: 2 out of 100
  Number of query rows: 1 out of 50000
  Number of SOSL queries: 0 out of 20
  Number of DML statements: 0 out of 150
  Number of DML rows: 0 out of 10000
  Maximum CPU time: 0 out of 10000
  Maximum heap size: 0 out of 6000000
  Number of callouts: 0 out of 100
  Number of Email Invocations: 0 out of 10
  Number of future calls: 0 out of 50
  Number of queueable jobs added to the queue: 0 out of 50
  Number of Mobile Apex push calls: 0 out of 10

14:23:19.145 (145980826)|CUMULATIVE_LIMIT_USAGE_END

14:23:19.0 (146036198)|CODE_UNIT_FINISHED|VF: /apex/p_WidgetFailures
14:23:19.0 (146937895)|EXECUTION_FINISHED
