40.0 APEX_CODE,DEBUG;APEX_PROFILING,INFO;CALLOUT,INFO;DB,INFO;NBA,INFO;SYSTEM,DEBUG;VALIDATION,INFO;VISUALFORCE,INFO;WAVE,INFO;WORKFLOW,INFO
14:14:06.0 (113667)|USER_INFO|[EXTERNAL]|0050Y000000OsfQ|marcoramos@stricker.pt|Western European Time|GMTZ
14:14:06.0 (172163)|EXECUTION_STARTED
14:14:06.0 (186254)|CODE_UNIT_STARTED|[EXTERNAL]|0660Y000005Vxqk|VF: /apex/p_ViewerEncomendasCativar
14:14:06.0 (7884370)|SYSTEM_MODE_ENTER|true
14:14:06.0 (10694997)|SOQL_EXECUTE_BEGIN|[9]|Aggregations:0|SELECT Id, Codigo_de_utilizador__c, Profile.Name FROM User WHERE Id = :tmpVar1
14:14:06.0 (17541520)|SOQL_EXECUTE_END|[9]|Rows:1
14:14:06.0 (24469024)|CALLOUT_REQUEST|[1433]|lstEncomendasPorCativar_element:[apex_schema_type_info=(https://www.stricker-europe.com/pt/, true, false), comercial=%, comercial_type_info=(comercial, https://www.stricker-europe.com/pt/, null, 0, 1, false), field_order_type_info=(comercial)]::SOAPAction="https://www.stricker-europe.com/pt/lstEncomendasPorCativar" Accept=text/xml User-Agent=SFDC-Callout/44.0 SFDC_STACK_DEPTH=1 Content-Type=text/xml; charset=UTF-8 
14:14:06.0 (405632587)|CALLOUT_RESPONSE|[1433]|
14:14:06.0 (408246920)|SOQL_EXECUTE_BEGIN|[102]|Aggregations:0|SELECT id, Referencia_PHC__c FROM Opportunity WHERE Referencia_PHC__c = :tmpVar1
14:14:06.0 (448262308)|SOQL_EXECUTE_END|[102]|Rows:0
14:14:06.451 (451324611)|SYSTEM_MODE_ENTER|true
14:14:06.451 (451588467)|SYSTEM_MODE_ENTER|true
14:14:06.451 (451968888)|SYSTEM_MODE_ENTER|true
14:14:06.0 (453000492)|SYSTEM_MODE_ENTER|true
14:14:06.0 (456842168)|SYSTEM_MODE_ENTER|true
14:14:06.459 (459388227)|SYSTEM_MODE_ENTER|true
14:14:06.459 (459597560)|SYSTEM_MODE_ENTER|true
14:14:06.0 (465306402)|VF_SERIALIZE_VIEWSTATE_BEGIN|0660Y000005Vxqk
14:14:06.0 (468309372)|VF_SERIALIZE_VIEWSTATE_END
14:14:06.471 (471146181)|CUMULATIVE_LIMIT_USAGE
14:14:06.471 (471146181)|LIMIT_USAGE_FOR_NS|(default)|
  Number of SOQL queries: 2 out of 100
  Number of query rows: 1 out of 50000
  Number of SOSL queries: 0 out of 20
  Number of DML statements: 0 out of 150
  Number of DML rows: 0 out of 10000
  Maximum CPU time: 0 out of 10000
  Maximum heap size: 0 out of 6000000
  Number of callouts: 1 out of 100
  Number of Email Invocations: 0 out of 10
  Number of future calls: 0 out of 50
  Number of queueable jobs added to the queue: 0 out of 50
  Number of Mobile Apex push calls: 0 out of 10

14:14:06.471 (471146181)|CUMULATIVE_LIMIT_USAGE_END

14:14:06.0 (471199133)|CODE_UNIT_FINISHED|VF: /apex/p_ViewerEncomendasCativar
14:14:06.0 (472081481)|EXECUTION_FINISHED
