43.0 APEX_CODE,DEBUG;APEX_PROFILING,INFO;CALLOUT,INFO;DB,INFO;NBA,INFO;SYSTEM,DEBUG;VALIDATION,INFO;VISUALFORCE,INFO;WAVE,INFO;WORKFLOW,INFO
14:42:02.0 (207557)|USER_INFO|[EXTERNAL]|0050Y000000P4Th|stepadmin@pstricker.proj|Fuso horário da Europa Ocidental|GMTZ
14:42:02.0 (274991)|EXECUTION_STARTED
14:42:02.0 (290313)|CODE_UNIT_STARTED|[EXTERNAL]|0661n000005z0Z7|VF: /apex/p_WidgetFailures
14:42:02.0 (492232)|VF_DESERIALIZE_VIEWSTATE_BEGIN|0661n000005z0Z7
14:42:02.0 (11873652)|VF_DESERIALIZE_VIEWSTATE_END
14:42:02.0 (12453337)|SYSTEM_MODE_ENTER|true
14:42:02.0 (12518394)|SYSTEM_MODE_ENTER|false
14:42:02.0 (12539846)|SYSTEM_MODE_EXIT|false
14:42:02.0 (13205194)|SYSTEM_MODE_ENTER|true
14:42:02.0 (13787994)|SYSTEM_MODE_ENTER|false
14:42:02.0 (15763074)|SOQL_EXECUTE_BEGIN|[79]|Aggregations:0|Select Id, Name, Description, AccountId, Account.Name, LastModifiedDate From Opportunity Where Erro_comunicacao__c = true and Id Not In :myOppIds And CreatedDate > 2018-11-05T00:00:00Z And (N_de_expedicao__c = null Or N_de_expedicao__c = '0') Order By LastModifiedDate Desc
14:42:02.0 (55471035)|SOQL_EXECUTE_END|[79]|Rows:1
14:42:02.0 (56498736)|SOQL_EXECUTE_BEGIN|[79]|Aggregations:0|Select Id, Name, Description, AccountId, Account.Name, LastModifiedDate From Opportunity Where Id In :myOppIds and Erro_comunicacao__c = false And CreatedDate > 2018-11-05T00:00:00Z And (N_de_expedicao__c = null Or N_de_expedicao__c = '0') Order By LastModifiedDate Desc
14:42:02.0 (61556835)|SOQL_EXECUTE_END|[79]|Rows:0
14:42:02.0 (65093269)|SYSTEM_MODE_EXIT|false
14:42:02.0 (68972498)|SYSTEM_MODE_ENTER|true
14:42:02.0 (69775221)|SYSTEM_MODE_ENTER|true
14:42:02.0 (87447299)|VF_SERIALIZE_VIEWSTATE_BEGIN|0661n000005z0Z7
14:42:02.0 (91657516)|VF_SERIALIZE_VIEWSTATE_END
14:42:02.124 (124221478)|CUMULATIVE_LIMIT_USAGE
14:42:02.124 (124221478)|LIMIT_USAGE_FOR_NS|(default)|
  Number of SOQL queries: 2 out of 100
  Number of query rows: 1 out of 50000
  Number of SOSL queries: 0 out of 20
  Number of DML statements: 0 out of 150
  Number of DML rows: 0 out of 10000
  Maximum CPU time: 0 out of 10000
  Maximum heap size: 0 out of 6000000
  Number of callouts: 0 out of 100
  Number of Email Invocations: 0 out of 10
  Number of future calls: 0 out of 50
  Number of queueable jobs added to the queue: 0 out of 50
  Number of Mobile Apex push calls: 0 out of 10

14:42:02.124 (124221478)|CUMULATIVE_LIMIT_USAGE_END

14:42:02.0 (124309412)|CODE_UNIT_FINISHED|VF: /apex/p_WidgetFailures
14:42:02.0 (125127977)|EXECUTION_FINISHED
