43.0 APEX_CODE,DEBUG;APEX_PROFILING,INFO;CALLOUT,INFO;DB,INFO;NBA,INFO;SYSTEM,DEBUG;VALIDATION,INFO;VISUALFORCE,INFO;WAVE,INFO;WORKFLOW,INFO
14:10:09.0 (135618)|USER_INFO|[EXTERNAL]|0050Y000000P4Th|stepadmin@pstricker.proj|Fuso horário da Europa Ocidental|GMTZ
14:10:09.0 (212857)|EXECUTION_STARTED
14:10:09.0 (221403)|CODE_UNIT_STARTED|[EXTERNAL]|0661n000005z0Z7|VF: /apex/p_WidgetFailures
14:10:09.0 (885246)|VF_DESERIALIZE_VIEWSTATE_BEGIN|0661n000005z0Z7
14:10:09.0 (10271365)|VF_DESERIALIZE_VIEWSTATE_END
14:10:09.0 (10739651)|SYSTEM_MODE_ENTER|true
14:10:09.0 (10830385)|SYSTEM_MODE_ENTER|false
14:10:09.0 (10862710)|SYSTEM_MODE_EXIT|false
14:10:09.0 (11355043)|SYSTEM_MODE_ENTER|true
14:10:09.0 (11818548)|SYSTEM_MODE_ENTER|false
14:10:09.0 (14248406)|SOQL_EXECUTE_BEGIN|[79]|Aggregations:0|Select Id, Name, Description, AccountId, Account.Name, LastModifiedDate From Opportunity Where Erro_comunicacao__c = true and Id Not In :myOppIds And CreatedDate > 2018-11-05T00:00:00Z And (N_de_expedicao__c = null Or N_de_expedicao__c = '0') Order By LastModifiedDate Desc
14:10:09.0 (57142894)|SOQL_EXECUTE_END|[79]|Rows:1
14:10:09.0 (58986952)|SOQL_EXECUTE_BEGIN|[79]|Aggregations:0|Select Id, Name, Description, AccountId, Account.Name, LastModifiedDate From Opportunity Where Id In :myOppIds and Erro_comunicacao__c = false And CreatedDate > 2018-11-05T00:00:00Z And (N_de_expedicao__c = null Or N_de_expedicao__c = '0') Order By LastModifiedDate Desc
14:10:09.0 (67114026)|SOQL_EXECUTE_END|[79]|Rows:0
14:10:09.0 (71488138)|SYSTEM_MODE_EXIT|false
14:10:09.0 (75953095)|SYSTEM_MODE_ENTER|true
14:10:09.0 (76870387)|SYSTEM_MODE_ENTER|true
14:10:09.0 (105557909)|VF_SERIALIZE_VIEWSTATE_BEGIN|0661n000005z0Z7
14:10:09.0 (111443279)|VF_SERIALIZE_VIEWSTATE_END
14:10:09.140 (140176990)|CUMULATIVE_LIMIT_USAGE
14:10:09.140 (140176990)|LIMIT_USAGE_FOR_NS|(default)|
  Number of SOQL queries: 2 out of 100
  Number of query rows: 1 out of 50000
  Number of SOSL queries: 0 out of 20
  Number of DML statements: 0 out of 150
  Number of DML rows: 0 out of 10000
  Maximum CPU time: 0 out of 10000
  Maximum heap size: 0 out of 6000000
  Number of callouts: 0 out of 100
  Number of Email Invocations: 0 out of 10
  Number of future calls: 0 out of 50
  Number of queueable jobs added to the queue: 0 out of 50
  Number of Mobile Apex push calls: 0 out of 10

14:10:09.140 (140176990)|CUMULATIVE_LIMIT_USAGE_END

14:10:09.0 (140233379)|CODE_UNIT_FINISHED|VF: /apex/p_WidgetFailures
14:10:09.0 (141043970)|EXECUTION_FINISHED
