43.0 APEX_CODE,DEBUG;APEX_PROFILING,INFO;CALLOUT,INFO;DB,INFO;NBA,INFO;SYSTEM,DEBUG;VALIDATION,INFO;VISUALFORCE,INFO;WAVE,INFO;WORKFLOW,INFO
14:42:25.0 (161140)|USER_INFO|[EXTERNAL]|0050Y000000OsfQ|marcoramos@stricker.pt|Western European Time|GMTZ
14:42:25.0 (214257)|EXECUTION_STARTED
14:42:25.0 (225654)|CODE_UNIT_STARTED|[EXTERNAL]|0661n000005z0Z7|VF: /apex/p_WidgetFailures
14:42:25.0 (385598)|VF_DESERIALIZE_VIEWSTATE_BEGIN|0661n000005z0Z7
14:42:25.0 (7364436)|VF_DESERIALIZE_VIEWSTATE_END
14:42:25.0 (8005880)|SYSTEM_MODE_ENTER|true
14:42:25.0 (8083454)|SYSTEM_MODE_ENTER|false
14:42:25.0 (8119664)|SYSTEM_MODE_EXIT|false
14:42:25.0 (8693399)|SYSTEM_MODE_ENTER|true
14:42:25.0 (9104618)|SYSTEM_MODE_ENTER|false
14:42:25.0 (11401952)|SOQL_EXECUTE_BEGIN|[79]|Aggregations:0|Select Id, Name, Description, AccountId, Account.Name, LastModifiedDate From Opportunity Where Erro_comunicacao__c = true and Id Not In :myOppIds And CreatedDate > 2018-11-05T00:00:00Z And (N_de_expedicao__c = null Or N_de_expedicao__c = '0') Order By LastModifiedDate Desc
14:42:25.0 (54749730)|SOQL_EXECUTE_END|[79]|Rows:1
14:42:25.0 (56104444)|SOQL_EXECUTE_BEGIN|[79]|Aggregations:0|Select Id, Name, Description, AccountId, Account.Name, LastModifiedDate From Opportunity Where Id In :myOppIds and Erro_comunicacao__c = false And CreatedDate > 2018-11-05T00:00:00Z And (N_de_expedicao__c = null Or N_de_expedicao__c = '0') Order By LastModifiedDate Desc
14:42:25.0 (62519060)|SOQL_EXECUTE_END|[79]|Rows:0
14:42:25.0 (65455537)|SYSTEM_MODE_EXIT|false
14:42:25.0 (69960414)|SYSTEM_MODE_ENTER|true
14:42:25.0 (70941168)|SYSTEM_MODE_ENTER|true
14:42:25.0 (88089852)|VF_SERIALIZE_VIEWSTATE_BEGIN|0661n000005z0Z7
14:42:25.0 (91886036)|VF_SERIALIZE_VIEWSTATE_END
14:42:25.112 (112146071)|CUMULATIVE_LIMIT_USAGE
14:42:25.112 (112146071)|LIMIT_USAGE_FOR_NS|(default)|
  Number of SOQL queries: 2 out of 100
  Number of query rows: 1 out of 50000
  Number of SOSL queries: 0 out of 20
  Number of DML statements: 0 out of 150
  Number of DML rows: 0 out of 10000
  Maximum CPU time: 0 out of 10000
  Maximum heap size: 0 out of 6000000
  Number of callouts: 0 out of 100
  Number of Email Invocations: 0 out of 10
  Number of future calls: 0 out of 50
  Number of queueable jobs added to the queue: 0 out of 50
  Number of Mobile Apex push calls: 0 out of 10

14:42:25.112 (112146071)|CUMULATIVE_LIMIT_USAGE_END

14:42:25.0 (112209147)|CODE_UNIT_FINISHED|VF: /apex/p_WidgetFailures
14:42:25.0 (112973975)|EXECUTION_FINISHED
